-------------------------------------------------------------------------------
Test set: com.ipd.platform.controller.RequirementControllerTest$CreateRequirementTests
-------------------------------------------------------------------------------
Tests run: 3, Failures: 3, Errors: 0, Skipped: 0, Time elapsed: 0.162 s <<< FAILURE! -- in com.ipd.platform.controller.RequirementControllerTest$CreateRequirementTests
com.ipd.platform.controller.RequirementControllerTest$CreateRequirementTests.createRequirementNoTitle -- Time elapsed: 0.036 s <<< FAILURE!
java.lang.AssertionError: Status expected:<200> but was:<404>
	at org.springframework.test.util.AssertionErrors.fail(AssertionErrors.java:59)
	at org.springframework.test.util.AssertionErrors.assertEquals(AssertionErrors.java:122)
	at org.springframework.test.web.servlet.result.StatusResultMatchers.lambda$matcher$9(StatusResultMatchers.java:637)
	at org.springframework.test.web.servlet.MockMvc$1.andExpect(MockMvc.java:214)
	at com.ipd.platform.controller.RequirementControllerTest.registerAndLogin(RequirementControllerTest.java:62)
	at com.ipd.platform.controller.RequirementControllerTest.setUp(RequirementControllerTest.java:48)
	at java.base/java.lang.reflect.Method.invoke(Method.java:569)
	at java.base/java.util.ArrayList.forEach(ArrayList.java:1511)
	at java.base/java.util.ArrayList.forEach(ArrayList.java:1511)
	at java.base/java.util.ArrayList.forEach(ArrayList.java:1511)

com.ipd.platform.controller.RequirementControllerTest$CreateRequirementTests.createRequirementNoToken -- Time elapsed: 0.032 s <<< FAILURE!
java.lang.AssertionError: Status expected:<200> but was:<404>
	at org.springframework.test.util.AssertionErrors.fail(AssertionErrors.java:59)
	at org.springframework.test.util.AssertionErrors.assertEquals(AssertionErrors.java:122)
	at org.springframework.test.web.servlet.result.StatusResultMatchers.lambda$matcher$9(StatusResultMatchers.java:637)
	at org.springframework.test.web.servlet.MockMvc$1.andExpect(MockMvc.java:214)
	at com.ipd.platform.controller.RequirementControllerTest.registerAndLogin(RequirementControllerTest.java:62)
	at com.ipd.platform.controller.RequirementControllerTest.setUp(RequirementControllerTest.java:48)
	at java.base/java.lang.reflect.Method.invoke(Method.java:569)
	at java.base/java.util.ArrayList.forEach(ArrayList.java:1511)
	at java.base/java.util.ArrayList.forEach(ArrayList.java:1511)
	at java.base/java.util.ArrayList.forEach(ArrayList.java:1511)

com.ipd.platform.controller.RequirementControllerTest$CreateRequirementTests.createRequirementSuccess -- Time elapsed: 0.046 s <<< FAILURE!
java.lang.AssertionError: Status expected:<200> but was:<404>
	at org.springframework.test.util.AssertionErrors.fail(AssertionErrors.java:59)
	at org.springframework.test.util.AssertionErrors.assertEquals(AssertionErrors.java:122)
	at org.springframework.test.web.servlet.result.StatusResultMatchers.lambda$matcher$9(StatusResultMatchers.java:637)
	at org.springframework.test.web.servlet.MockMvc$1.andExpect(MockMvc.java:214)
	at com.ipd.platform.controller.RequirementControllerTest.registerAndLogin(RequirementControllerTest.java:62)
	at com.ipd.platform.controller.RequirementControllerTest.setUp(RequirementControllerTest.java:48)
	at java.base/java.lang.reflect.Method.invoke(Method.java:569)
	at java.base/java.util.ArrayList.forEach(ArrayList.java:1511)
	at java.base/java.util.ArrayList.forEach(ArrayList.java:1511)
	at java.base/java.util.ArrayList.forEach(ArrayList.java:1511)

