-------------------------------------------------------------------------------
Test set: com.ipd.platform.controller.ProjectControllerTest$ListTests
-------------------------------------------------------------------------------
Tests run: 2, Failures: 2, Errors: 0, Skipped: 0, Time elapsed: 0.347 s <<< FAILURE! -- in com.ipd.platform.controller.ProjectControllerTest$ListTests
com.ipd.platform.controller.ProjectControllerTest$ListTests.listPagination -- Time elapsed: 0.173 s <<< FAILURE!
java.lang.AssertionError: Status expected:<200> but was:<400>
	at org.springframework.test.util.AssertionErrors.fail(AssertionErrors.java:59)
	at org.springframework.test.util.AssertionErrors.assertEquals(AssertionErrors.java:122)
	at org.springframework.test.web.servlet.result.StatusResultMatchers.lambda$matcher$9(StatusResultMatchers.java:637)
	at org.springframework.test.web.servlet.MockMvc$1.andExpect(MockMvc.java:214)
	at com.ipd.platform.controller.ProjectControllerTest.createProject(ProjectControllerTest.java:84)
	at com.ipd.platform.controller.ProjectControllerTest$ListTests.listPagination(ProjectControllerTest.java:122)
	at java.base/java.lang.reflect.Method.invoke(Method.java:569)
	at java.base/java.util.ArrayList.forEach(ArrayList.java:1511)
	at java.base/java.util.ArrayList.forEach(ArrayList.java:1511)
	at java.base/java.util.ArrayList.forEach(ArrayList.java:1511)

com.ipd.platform.controller.ProjectControllerTest$ListTests.filterByStage -- Time elapsed: 0.168 s <<< FAILURE!
java.lang.AssertionError: Status expected:<200> but was:<400>
	at org.springframework.test.util.AssertionErrors.fail(AssertionErrors.java:59)
	at org.springframework.test.util.AssertionErrors.assertEquals(AssertionErrors.java:122)
	at org.springframework.test.web.servlet.result.StatusResultMatchers.lambda$matcher$9(StatusResultMatchers.java:637)
	at org.springframework.test.web.servlet.MockMvc$1.andExpect(MockMvc.java:214)
	at com.ipd.platform.controller.ProjectControllerTest.createProject(ProjectControllerTest.java:84)
	at com.ipd.platform.controller.ProjectControllerTest$ListTests.filterByStage(ProjectControllerTest.java:133)
	at java.base/java.lang.reflect.Method.invoke(Method.java:569)
	at java.base/java.util.ArrayList.forEach(ArrayList.java:1511)
	at java.base/java.util.ArrayList.forEach(ArrayList.java:1511)
	at java.base/java.util.ArrayList.forEach(ArrayList.java:1511)

