<?xml version="1.0" encoding="UTF-8"?>
<testsuite xmlns:xsi="http://www.w3.org/2001/XMLSchema-instance" xsi:noNamespaceSchemaLocation="https://maven.apache.org/surefire/maven-surefire-plugin/xsd/surefire-test-report-3.0.xsd" version="3.0" name="com.ipd.platform.IpDPlatformApplicationTests" time="1.403" tests="1" errors="0" skipped="0" failures="0">
  <properties>
[...]
</properties>
  <testcase name="contextLoads" classname="com.ipd.platform.IpDPlatformApplicationTests" time="0.003">
    <system-out><![CDATA[
  .   ____          _            __ _ _
 /\\ / ___'_ __ _ _(_)_ __  __ _ \ \ \ \
( ( )\___ | '_ | '_| | '_ \/ _` | \ \ \ \
 \\/  ___)| |_)| | | | | || (_| |  ) ) ) )
  '  |____| .__|_| |_|_| |_\__, | / / / /
 =========|_|==============|___/=/_/_/_/
 :: Spring Boot ::                (v3.2.0)

2026-04-14T01:08:05.426+08:00  INFO 53492 --- [linglo-platform] [           main] c.i.p.IpDPlatformApplicationTests        : Starting IpDPlatformApplicationTests using Java 17.0.17 with PID 53492 (started by 阳阳 in D:\xuexiaojun\QClawWorkspace\IPD-ProjectPlatform\src\backend)
2026-04-14T01:08:05.426+08:00 DEBUG 53492 --- [linglo-platform] [           main] c.i.p.IpDPlatformApplicationTests        : Running with Spring Boot v3.2.0, Spring v6.1.1
2026-04-14T01:08:05.426+08:00  INFO 53492 --- [linglo-platform] [           main] c.i.p.IpDPlatformApplicationTests        : The following 1 profile is active: "dev"
2026-04-14T01:08:05.704+08:00  WARN 53492 --- [linglo-platform] [           main] o.m.s.mapper.ClassPathMapperScanner      : No MyBatis mapper was found in '[com.ipd.platform]' package. Please check your configuration.
2026-04-14T01:08:05.794+08:00  WARN 53492 --- [linglo-platform] [           main] org.hibernate.dialect.Dialect            : HHH000511: The 2.2.0 version for [org.hibernate.dialect.PostgreSQLDialect] is no longer supported, hence certain features may not work properly. The minimum supported version is 11.0.0. Check the community dialects project for available legacy versions.
2026-04-14T01:08:05.795+08:00  WARN 53492 --- [linglo-platform] [           main] org.hibernate.orm.deprecation            : HHH90000025: PostgreSQLDialect does not need to be specified explicitly using 'hibernate.dialect' (remove the property setting and it will be selected by default)
Hibernate: 
    alter table if exists sys_role_permission 
       drop constraint if exists FKomxrs8a388bknvhjokh440waq
Hibernate: 
    alter table if exists sys_role_permission 
       drop constraint if exists FK9q28ewrhntqeipl1t04kh1be7
Hibernate: 
    alter table if exists sys_user_role 
       drop constraint if exists FKhh52n8vd4ny9ff4x9fb8v65qx
Hibernate: 
    alter table if exists sys_user_role 
       drop constraint if exists FKb40xxfch70f5qnyfw8yme1n1s
Hibernate: 
    drop table if exists doc_document cascade
Hibernate: 
    drop table if exists mdm_product cascade
Hibernate: 
    drop table if exists prj_project cascade
Hibernate: 
    drop table if exists prj_sprint cascade
Hibernate: 
    drop table if exists prj_task cascade
Hibernate: 
    drop table if exists qa_bug cascade
Hibernate: 
    drop table if exists qa_test_case cascade
Hibernate: 
    drop table if exists req_requirement cascade
Hibernate: 
    drop table if exists rev_review cascade
Hibernate: 
    drop table if exists sys_notification cascade
Hibernate: 
    drop table if exists sys_permission cascade
Hibernate: 
    drop table if exists sys_role cascade
Hibernate: 
    drop table if exists sys_role_permission cascade
Hibernate: 
    drop table if exists sys_user cascade
Hibernate: 
    drop table if exists sys_user_role cascade
Hibernate: 
    create table doc_document (
        category integer,
        doc_type integer,
        is_folder boolean,
        sort_order integer,
        created_at timestamp(6) not null,
        created_by bigint,
        creator_id bigint,
        file_size bigint,
        id bigserial not null,
        parent_id bigint,
        project_id bigint,
        requirement_id bigint,
        updated_at timestamp(6),
        updated_by bigint,
        file_type varchar(50),
        path varchar(500),
        title varchar(500) not null,
        content TEXT,
        primary key (id)
    )
Hibernate: 
    create table mdm_product (
        product_type integer,
        status integer,
        created_at timestamp(6) not null,
        created_by bigint,
        id bigserial not null,
        owner_id bigint,
        updated_at timestamp(6),
        updated_by bigint,
        code varchar(50) unique,
        name varchar(200) not null,
        description TEXT,
        primary key (id)
    )
Hibernate: 
    create table prj_project (
        budget numeric(15,2),
        end_date date,
        progress integer,
        stage integer,
        start_date date,
        status integer,
        type integer,
        created_at timestamp(6) not null,
        created_by bigint,
        id bigserial not null,
        manager_id bigint,
        product_id bigint,
        updated_at timestamp(6),
        updated_by bigint,
        project_no varchar(50) not null unique,
        name varchar(200) not null,
        description TEXT,
        primary key (id)
    )
Hibernate: 
    create table prj_sprint (
        completed_point numeric(10,2),
        completed_tasks integer,
        end_date date,
        start_date date,
        status integer,
        total_point numeric(10,2),
        total_tasks integer,
        created_at timestamp(6) not null,
        created_by bigint,
        id bigserial not null,
        project_id bigint not null,
        updated_at timestamp(6),
        updated_by bigint,
        sprint_no varchar(50) not null unique,
        name varchar(200) not null,
        goal TEXT,
        primary key (id)
    )
Hibernate: 
    create table prj_task (
        actual_hours numeric(10,2),
        due_date date,
        estimate_hours numeric(10,2),
        priority integer,
        sort_order integer,
        start_date date,
        type integer,
        assignee_id bigint,
        completed_at timestamp(6),
        created_at timestamp(6) not null,
        created_by bigint,
        id bigserial not null,
        parent_id bigint,
        project_id bigint not null,
        reporter_id bigint,
        requirement_id bigint,
        sprint_id bigint,
        updated_at timestamp(6),
        updated_by bigint,
        status varchar(30),
        task_no varchar(50) not null unique,
        title varchar(500) not null,
        description TEXT,
        primary key (id)
    )
Hibernate: 
    create table qa_bug (
        priority integer,
        severity integer,
        status integer,
        assignee_id bigint,
        created_at timestamp(6) not null,
        created_by bigint,
        id bigserial not null,
        project_id bigint,
        reporter_id bigint,
        task_id bigint,
        test_case_id bigint,
        updated_at timestamp(6),
        updated_by bigint,
        bug_no varchar(50) not null unique,
        fixed_version varchar(50),
        found_version varchar(50),
        title varchar(500) not null,
        description TEXT,
        primary key (id)
    )
Hibernate: 
    create table qa_test_case (
        priority integer,
        status integer,
        type integer,
        created_at timestamp(6) not null,
        created_by bigint,
        creator_id bigint,
        id bigserial not null,
        project_id bigint,
        requirement_id bigint,
        updated_at timestamp(6),
        updated_by bigint,
        case_no varchar(50) not null unique,
        module varchar(100),
        title varchar(500) not null,
        expected_result TEXT,
        precondition TEXT,
        steps TEXT,
        primary key (id)
    )
Hibernate: 
    create table req_requirement (
        estimate_hours numeric(10,2),
        estimate_point numeric(5,2),
        priority integer,
        source integer,
        type integer,
        created_at timestamp(6) not null,
        created_by bigint,
        creator_id bigint,
        id bigserial not null,
        owner_id bigint,
        parent_id bigint,
        product_id bigint,
        project_id bigint,
        updated_at timestamp(6),
        updated_by bigint,
        status varchar(30),
        req_no varchar(50) not null unique,
        title varchar(500) not null,
        acceptance TEXT,
        description TEXT,
        primary key (id)
    )
Hibernate: 
    create table rev_review (
        decision integer,
        stage integer,
        status integer,
        type integer not null,
        created_at timestamp(6) not null,
        created_by bigint,
        held_at timestamp(6),
        host_id bigint,
        id bigserial not null,
        project_id bigint,
        scheduled_at timestamp(6),
        updated_at timestamp(6),
        updated_by bigint,
        review_no varchar(50) not null unique,
        title varchar(500) not null,
        conclusion TEXT,
        primary key (id)
    )
Hibernate: 
    create table sys_notification (
        is_read boolean,
        type integer,
        business_id bigint,
        created_at timestamp(6) not null,
        created_by bigint,
        id bigserial not null,
        read_at timestamp(6),
        receiver_id bigint not null,
        sender_id bigint,
        updated_at timestamp(6),
        updated_by bigint,
        business_type varchar(50),
        title varchar(200) not null,
        content TEXT,
        primary key (id)
    )
Hibernate: 
    create table sys_permission (
        is_public boolean,
        sort_order integer,
        status integer not null,
        type integer not null,
        created_at timestamp(6) not null,
        created_by bigint,
        id bigserial not null,
        parent_id bigint,
        updated_at timestamp(6),
        updated_by bigint,
        code varchar(100) not null unique,
        icon varchar(100),
        name varchar(100) not null,
        component varchar(200),
        path varchar(200),
        primary key (id)
    )
Hibernate: 
    create table sys_role (
        sort_order integer,
        status integer not null,
        created_at timestamp(6) not null,
        created_by bigint,
        id bigserial not null,
        updated_at timestamp(6),
        updated_by bigint,
        role_code varchar(50) not null unique,
        role_name varchar(100) not null,
        description varchar(500),
        primary key (id)
    )
Hibernate: 
    create table sys_role_permission (
        permission_id bigint not null,
        role_id bigint not null,
        primary key (permission_id, role_id)
    )
Hibernate: 
    create table sys_user (
        gender integer,
        status integer not null,
        user_type integer,
        created_at timestamp(6) not null,
        created_by bigint,
        id bigserial not null,
        last_login_time timestamp(6),
        updated_at timestamp(6),
        updated_by bigint,
        phone varchar(20),
        last_login_ip varchar(50),
        username varchar(50) not null unique,
        email varchar(100),
        nickname varchar(100),
        avatar varchar(500),
        password varchar(255) not null,
        primary key (id)
    )
Hibernate: 
    create table sys_user_role (
        role_id bigint not null,
        user_id bigint not null,
        primary key (role_id, user_id)
    )
Hibernate: 
    alter table if exists sys_role_permission 
       add constraint FKomxrs8a388bknvhjokh440waq 
       foreign key (permission_id) 
       references sys_permission
Hibernate: 
    alter table if exists sys_role_permission 
       add constraint FK9q28ewrhntqeipl1t04kh1be7 
       foreign key (role_id) 
       references sys_role
Hibernate: 
    alter table if exists sys_user_role 
       add constraint FKhh52n8vd4ny9ff4x9fb8v65qx 
       foreign key (role_id) 
       references sys_role
Hibernate: 
    alter table if exists sys_user_role 
       add constraint FKb40xxfch70f5qnyfw8yme1n1s 
       foreign key (user_id) 
       references sys_user
2026-04-14T01:08:06.396+08:00  WARN 53492 --- [linglo-platform] [           main] JpaBaseConfiguration$JpaWebConfiguration : spring.jpa.open-in-view is enabled by default. Therefore, database queries may be performed during view rendering. Explicitly configure spring.jpa.open-in-view to disable this warning
2026-04-14T01:08:06.452+08:00  INFO 53492 --- [linglo-platform] [           main] o.s.s.web.DefaultSecurityFilterChain     : Will secure any request with [org.springframework.security.web.session.DisableEncodeUrlFilter@eb1327e, org.springframework.security.web.context.request.async.WebAsyncManagerIntegrationFilter@15f05331, org.springframework.security.web.context.SecurityContextHolderFilter@2105c149, org.springframework.security.web.header.HeaderWriterFilter@2b399129, org.springframework.web.filter.CorsFilter@1207a196, org.springframework.security.web.authentication.logout.LogoutFilter@424b3233, com.ipd.platform.security.JwtAuthenticationFilter@19e2deeb, org.springframework.security.web.savedrequest.RequestCacheAwareFilter@f299239, org.springframework.security.web.servletapi.SecurityContextHolderAwareRequestFilter@68fefa2c, org.springframework.security.web.authentication.AnonymousAuthenticationFilter@f766aea, org.springframework.security.web.session.SessionManagementFilter@2f815223, org.springframework.security.web.access.ExceptionTranslationFilter@7dea7d05, org.springframework.security.web.access.intercept.AuthorizationFilter@1e006d99]
 _ _   |_  _ _|_. ___ _ |    _ 
| | |\/|_)(_| | |_\  |_)||_|_\ 
     /               |         
                        3.5.5 
2026-04-14T01:08:06.608+08:00  INFO 53492 --- [linglo-platform] [           main] c.i.p.IpDPlatformApplicationTests        : Started IpDPlatformApplicationTests in 1.2 seconds (process running for 23.397)
Hibernate: 
    select
        sr1_0.id 
    from
        sys_role sr1_0 
    where
        sr1_0.role_code=? 
    fetch
        first ? rows only
Hibernate: 
    insert 
    into
        sys_role
        (created_at, created_by, description, role_code, role_name, sort_order, status, updated_at, updated_by) 
    values
        (?, ?, ?, ?, ?, ?, ?, ?, ?)
2026-04-14T01:08:06.621+08:00  INFO 53492 --- [linglo-platform] [           main] c.ipd.platform.config.DataInitializer    : 创建角色: 超级管理员
Hibernate: 
    select
        sr1_0.id 
    from
        sys_role sr1_0 
    where
        sr1_0.role_code=? 
    fetch
        first ? rows only
Hibernate: 
    insert 
    into
        sys_role
        (created_at, created_by, description, role_code, role_name, sort_order, status, updated_at, updated_by) 
    values
        (?, ?, ?, ?, ?, ?, ?, ?, ?)
2026-04-14T01:08:06.623+08:00  INFO 53492 --- [linglo-platform] [           main] c.ipd.platform.config.DataInitializer    : 创建角色: 产品经理
Hibernate: 
    select
        sr1_0.id 
    from
        sys_role sr1_0 
    where
        sr1_0.role_code=? 
    fetch
        first ? rows only
Hibernate: 
    insert 
    into
        sys_role
        (created_at, created_by, description, role_code, role_name, sort_order, status, updated_at, updated_by) 
    values
        (?, ?, ?, ?, ?, ?, ?, ?, ?)
2026-04-14T01:08:06.626+08:00  INFO 53492 --- [linglo-platform] [           main] c.ipd.platform.config.DataInitializer    : 创建角色: 项目经理
Hibernate: 
    select
        sr1_0.id 
    from
        sys_role sr1_0 
    where
        sr1_0.role_code=? 
    fetch
        first ? rows only
Hibernate: 
    insert 
    into
        sys_role
        (created_at, created_by, description, role_code, role_name, sort_order, status, updated_at, updated_by) 
    values
        (?, ?, ?, ?, ?, ?, ?, ?, ?)
2026-04-14T01:08:06.628+08:00  INFO 53492 --- [linglo-platform] [           main] c.ipd.platform.config.DataInitializer    : 创建角色: 开发负责人
Hibernate: 
    select
        sr1_0.id 
    from
        sys_role sr1_0 
    where
        sr1_0.role_code=? 
    fetch
        first ? rows only
Hibernate: 
    insert 
    into
        sys_role
        (created_at, created_by, description, role_code, role_name, sort_order, status, updated_at, updated_by) 
    values
        (?, ?, ?, ?, ?, ?, ?, ?, ?)
2026-04-14T01:08:06.630+08:00  INFO 53492 --- [linglo-platform] [           main] c.ipd.platform.config.DataInitializer    : 创建角色: 开发者
Hibernate: 
    select
        sr1_0.id 
    from
        sys_role sr1_0 
    where
        sr1_0.role_code=? 
    fetch
        first ? rows only
Hibernate: 
    insert 
    into
        sys_role
        (created_at, created_by, description, role_code, role_name, sort_order, status, updated_at, updated_by) 
    values
        (?, ?, ?, ?, ?, ?, ?, ?, ?)
2026-04-14T01:08:06.632+08:00  INFO 53492 --- [linglo-platform] [           main] c.ipd.platform.config.DataInitializer    : 创建角色: 测试经理
Hibernate: 
    select
        sr1_0.id 
    from
        sys_role sr1_0 
    where
        sr1_0.role_code=? 
    fetch
        first ? rows only
Hibernate: 
    insert 
    into
        sys_role
        (created_at, created_by, description, role_code, role_name, sort_order, status, updated_at, updated_by) 
    values
        (?, ?, ?, ?, ?, ?, ?, ?, ?)
2026-04-14T01:08:06.635+08:00  INFO 53492 --- [linglo-platform] [           main] c.ipd.platform.config.DataInitializer    : 创建角色: 测试人员
Hibernate: 
    select
        sr1_0.id 
    from
        sys_role sr1_0 
    where
        sr1_0.role_code=? 
    fetch
        first ? rows only
Hibernate: 
    insert 
    into
        sys_role
        (created_at, created_by, description, role_code, role_name, sort_order, status, updated_at, updated_by) 
    values
        (?, ?, ?, ?, ?, ?, ?, ?, ?)
2026-04-14T01:08:06.639+08:00  INFO 53492 --- [linglo-platform] [           main] c.ipd.platform.config.DataInitializer    : 创建角色: 运维人员
Hibernate: 
    select
        sr1_0.id 
    from
        sys_role sr1_0 
    where
        sr1_0.role_code=? 
    fetch
        first ? rows only
Hibernate: 
    insert 
    into
        sys_role
        (created_at, created_by, description, role_code, role_name, sort_order, status, updated_at, updated_by) 
    values
        (?, ?, ?, ?, ?, ?, ?, ?, ?)
2026-04-14T01:08:06.640+08:00  INFO 53492 --- [linglo-platform] [           main] c.ipd.platform.config.DataInitializer    : 创建角色: 高层管理
Hibernate: 
    select
        sr1_0.id 
    from
        sys_role sr1_0 
    where
        sr1_0.role_code=? 
    fetch
        first ? rows only
Hibernate: 
    insert 
    into
        sys_role
        (created_at, created_by, description, role_code, role_name, sort_order, status, updated_at, updated_by) 
    values
        (?, ?, ?, ?, ?, ?, ?, ?, ?)
2026-04-14T01:08:06.642+08:00  INFO 53492 --- [linglo-platform] [           main] c.ipd.platform.config.DataInitializer    : 创建角色: 访客
Hibernate: 
    select
        sp1_0.id,
        sp1_0.code,
        sp1_0.component,
        sp1_0.created_at,
        sp1_0.created_by,
        sp1_0.icon,
        sp1_0.is_public,
        sp1_0.name,
        sp1_0.parent_id,
        sp1_0.path,
        sp1_0.sort_order,
        sp1_0.status,
        sp1_0.type,
        sp1_0.updated_at,
        sp1_0.updated_by 
    from
        sys_permission sp1_0 
    where
        sp1_0.code=?
Hibernate: 
    insert 
    into
        sys_permission
        (code, component, created_at, created_by, icon, is_public, name, parent_id, path, sort_order, status, type, updated_at, updated_by) 
    values
        (?, ?, ?, ?, ?, ?, ?, ?, ?, ?, ?, ?, ?, ?)
2026-04-14T01:08:06.651+08:00  INFO 53492 --- [linglo-platform] [           main] c.ipd.platform.config.DataInitializer    : 创建权限: 用户管理
Hibernate: 
    select
        sp1_0.id,
        sp1_0.code,
        sp1_0.component,
        sp1_0.created_at,
        sp1_0.created_by,
        sp1_0.icon,
        sp1_0.is_public,
        sp1_0.name,
        sp1_0.parent_id,
        sp1_0.path,
        sp1_0.sort_order,
        sp1_0.status,
        sp1_0.type,
        sp1_0.updated_at,
        sp1_0.updated_by 
    from
        sys_permission sp1_0 
    where
        sp1_0.code=?
Hibernate: 
    insert 
    into
        sys_permission
        (code, component, created_at, created_by, icon, is_public, name, parent_id, path, sort_order, status, type, updated_at, updated_by) 
    values
        (?, ?, ?, ?, ?, ?, ?, ?, ?, ?, ?, ?, ?, ?)
2026-04-14T01:08:06.653+08:00  INFO 53492 --- [linglo-platform] [           main] c.ipd.platform.config.DataInitializer    : 创建权限: 角色管理
Hibernate: 
    select
        sp1_0.id,
        sp1_0.code,
        sp1_0.component,
        sp1_0.created_at,
        sp1_0.created_by,
        sp1_0.icon,
        sp1_0.is_public,
        sp1_0.name,
        sp1_0.parent_id,
        sp1_0.path,
        sp1_0.sort_order,
        sp1_0.status,
        sp1_0.type,
        sp1_0.updated_at,
        sp1_0.updated_by 
    from
        sys_permission sp1_0 
    where
        sp1_0.code=?
Hibernate: 
    insert 
    into
        sys_permission
        (code, component, created_at, created_by, icon, is_public, name, parent_id, path, sort_order, status, type, updated_at, updated_by) 
    values
        (?, ?, ?, ?, ?, ?, ?, ?, ?, ?, ?, ?, ?, ?)
2026-04-14T01:08:06.654+08:00  INFO 53492 --- [linglo-platform] [           main] c.ipd.platform.config.DataInitializer    : 创建权限: 权限管理
Hibernate: 
    select
        sp1_0.id,
        sp1_0.code,
        sp1_0.component,
        sp1_0.created_at,
        sp1_0.created_by,
        sp1_0.icon,
        sp1_0.is_public,
        sp1_0.name,
        sp1_0.parent_id,
        sp1_0.path,
        sp1_0.sort_order,
        sp1_0.status,
        sp1_0.type,
        sp1_0.updated_at,
        sp1_0.updated_by 
    from
        sys_permission sp1_0 
    where
        sp1_0.code=?
Hibernate: 
    insert 
    into
        sys_permission
        (code, component, created_at, created_by, icon, is_public, name, parent_id, path, sort_order, status, type, updated_at, updated_by) 
    values
        (?, ?, ?, ?, ?, ?, ?, ?, ?, ?, ?, ?, ?, ?)
2026-04-14T01:08:06.657+08:00  INFO 53492 --- [linglo-platform] [           main] c.ipd.platform.config.DataInitializer    : 创建权限: 系统配置
Hibernate: 
    select
        sp1_0.id,
        sp1_0.code,
        sp1_0.component,
        sp1_0.created_at,
        sp1_0.created_by,
        sp1_0.icon,
        sp1_0.is_public,
        sp1_0.name,
        sp1_0.parent_id,
        sp1_0.path,
        sp1_0.sort_order,
        sp1_0.status,
        sp1_0.type,
        sp1_0.updated_at,
        sp1_0.updated_by 
    from
        sys_permission sp1_0 
    where
        sp1_0.code=?
Hibernate: 
    insert 
    into
        sys_permission
        (code, component, created_at, created_by, icon, is_public, name, parent_id, path, sort_order, status, type, updated_at, updated_by) 
    values
        (?, ?, ?, ?, ?, ?, ?, ?, ?, ?, ?, ?, ?, ?)
2026-04-14T01:08:06.658+08:00  INFO 53492 --- [linglo-platform] [           main] c.ipd.platform.config.DataInitializer    : 创建权限: 产品列表
Hibernate: 
    select
        sp1_0.id,
        sp1_0.code,
        sp1_0.component,
        sp1_0.created_at,
        sp1_0.created_by,
        sp1_0.icon,
        sp1_0.is_public,
        sp1_0.name,
        sp1_0.parent_id,
        sp1_0.path,
        sp1_0.sort_order,
        sp1_0.status,
        sp1_0.type,
        sp1_0.updated_at,
        sp1_0.updated_by 
    from
        sys_permission sp1_0 
    where
        sp1_0.code=?
Hibernate: 
    insert 
    into
        sys_permission
        (code, component, created_at, created_by, icon, is_public, name, parent_id, path, sort_order, status, type, updated_at, updated_by) 
    values
        (?, ?, ?, ?, ?, ?, ?, ?, ?, ?, ?, ?, ?, ?)
2026-04-14T01:08:06.661+08:00  INFO 53492 --- [linglo-platform] [           main] c.ipd.platform.config.DataInitializer    : 创建权限: 创建产品
Hibernate: 
    select
        sp1_0.id,
        sp1_0.code,
        sp1_0.component,
        sp1_0.created_at,
        sp1_0.created_by,
        sp1_0.icon,
        sp1_0.is_public,
        sp1_0.name,
        sp1_0.parent_id,
        sp1_0.path,
        sp1_0.sort_order,
        sp1_0.status,
        sp1_0.type,
        sp1_0.updated_at,
        sp1_0.updated_by 
    from
        sys_permission sp1_0 
    where
        sp1_0.code=?
Hibernate: 
    insert 
    into
        sys_permission
        (code, component, created_at, created_by, icon, is_public, name, parent_id, path, sort_order, status, type, updated_at, updated_by) 
    values
        (?, ?, ?, ?, ?, ?, ?, ?, ?, ?, ?, ?, ?, ?)
2026-04-14T01:08:06.663+08:00  INFO 53492 --- [linglo-platform] [           main] c.ipd.platform.config.DataInitializer    : 创建权限: 编辑产品
Hibernate: 
    select
        sp1_0.id,
        sp1_0.code,
        sp1_0.component,
        sp1_0.created_at,
        sp1_0.created_by,
        sp1_0.icon,
        sp1_0.is_public,
        sp1_0.name,
        sp1_0.parent_id,
        sp1_0.path,
        sp1_0.sort_order,
        sp1_0.status,
        sp1_0.type,
        sp1_0.updated_at,
        sp1_0.updated_by 
    from
        sys_permission sp1_0 
    where
        sp1_0.code=?
Hibernate: 
    insert 
    into
        sys_permission
        (code, component, created_at, created_by, icon, is_public, name, parent_id, path, sort_order, status, type, updated_at, updated_by) 
    values
        (?, ?, ?, ?, ?, ?, ?, ?, ?, ?, ?, ?, ?, ?)
2026-04-14T01:08:06.665+08:00  INFO 53492 --- [linglo-platform] [           main] c.ipd.platform.config.DataInitializer    : 创建权限: 删除产品
Hibernate: 
    select
        sp1_0.id,
        sp1_0.code,
        sp1_0.component,
        sp1_0.created_at,
        sp1_0.created_by,
        sp1_0.icon,
        sp1_0.is_public,
        sp1_0.name,
        sp1_0.parent_id,
        sp1_0.path,
        sp1_0.sort_order,
        sp1_0.status,
        sp1_0.type,
        sp1_0.updated_at,
        sp1_0.updated_by 
    from
        sys_permission sp1_0 
    where
        sp1_0.code=?
Hibernate: 
    insert 
    into
        sys_permission
        (code, component, created_at, created_by, icon, is_public, name, parent_id, path, sort_order, status, type, updated_at, updated_by) 
    values
        (?, ?, ?, ?, ?, ?, ?, ?, ?, ?, ?, ?, ?, ?)
2026-04-14T01:08:06.667+08:00  INFO 53492 --- [linglo-platform] [           main] c.ipd.platform.config.DataInitializer    : 创建权限: 需求列表
Hibernate: 
    select
        sp1_0.id,
        sp1_0.code,
        sp1_0.component,
        sp1_0.created_at,
        sp1_0.created_by,
        sp1_0.icon,
        sp1_0.is_public,
        sp1_0.name,
        sp1_0.parent_id,
        sp1_0.path,
        sp1_0.sort_order,
        sp1_0.status,
        sp1_0.type,
        sp1_0.updated_at,
        sp1_0.updated_by 
    from
        sys_permission sp1_0 
    where
        sp1_0.code=?
Hibernate: 
    insert 
    into
        sys_permission
        (code, component, created_at, created_by, icon, is_public, name, parent_id, path, sort_order, status, type, updated_at, updated_by) 
    values
        (?, ?, ?, ?, ?, ?, ?, ?, ?, ?, ?, ?, ?, ?)
2026-04-14T01:08:06.669+08:00  INFO 53492 --- [linglo-platform] [           main] c.ipd.platform.config.DataInitializer    : 创建权限: 创建需求
Hibernate: 
    select
        sp1_0.id,
        sp1_0.code,
        sp1_0.component,
        sp1_0.created_at,
        sp1_0.created_by,
        sp1_0.icon,
        sp1_0.is_public,
        sp1_0.name,
        sp1_0.parent_id,
        sp1_0.path,
        sp1_0.sort_order,
        sp1_0.status,
        sp1_0.type,
        sp1_0.updated_at,
        sp1_0.updated_by 
    from
        sys_permission sp1_0 
    where
        sp1_0.code=?
Hibernate: 
    insert 
    into
        sys_permission
        (code, component, created_at, created_by, icon, is_public, name, parent_id, path, sort_order, status, type, updated_at, updated_by) 
    values
        (?, ?, ?, ?, ?, ?, ?, ?, ?, ?, ?, ?, ?, ?)
2026-04-14T01:08:06.671+08:00  INFO 53492 --- [linglo-platform] [           main] c.ipd.platform.config.DataInitializer    : 创建权限: 编辑需求
Hibernate: 
    select
        sp1_0.id,
        sp1_0.code,
        sp1_0.component,
        sp1_0.created_at,
        sp1_0.created_by,
        sp1_0.icon,
        sp1_0.is_public,
        sp1_0.name,
        sp1_0.parent_id,
        sp1_0.path,
        sp1_0.sort_order,
        sp1_0.status,
        sp1_0.type,
        sp1_0.updated_at,
        sp1_0.updated_by 
    from
        sys_permission sp1_0 
    where
        sp1_0.code=?
Hibernate: 
    insert 
    into
        sys_permission
        (code, component, created_at, created_by, icon, is_public, name, parent_id, path, sort_order, status, type, updated_at, updated_by) 
    values
        (?, ?, ?, ?, ?, ?, ?, ?, ?, ?, ?, ?, ?, ?)
2026-04-14T01:08:06.672+08:00  INFO 53492 --- [linglo-platform] [           main] c.ipd.platform.config.DataInitializer    : 创建权限: 删除需求
Hibernate: 
    select
        sp1_0.id,
        sp1_0.code,
        sp1_0.component,
        sp1_0.created_at,
        sp1_0.created_by,
        sp1_0.icon,
        sp1_0.is_public,
        sp1_0.name,
        sp1_0.parent_id,
        sp1_0.path,
        sp1_0.sort_order,
        sp1_0.status,
        sp1_0.type,
        sp1_0.updated_at,
        sp1_0.updated_by 
    from
        sys_permission sp1_0 
    where
        sp1_0.code=?
Hibernate: 
    insert 
    into
        sys_permission
        (code, component, created_at, created_by, icon, is_public, name, parent_id, path, sort_order, status, type, updated_at, updated_by) 
    values
        (?, ?, ?, ?, ?, ?, ?, ?, ?, ?, ?, ?, ?, ?)
2026-04-14T01:08:06.673+08:00  INFO 53492 --- [linglo-platform] [           main] c.ipd.platform.config.DataInitializer    : 创建权限: 分配需求
Hibernate: 
    select
        sp1_0.id,
        sp1_0.code,
        sp1_0.component,
        sp1_0.created_at,
        sp1_0.created_by,
        sp1_0.icon,
        sp1_0.is_public,
        sp1_0.name,
        sp1_0.parent_id,
        sp1_0.path,
        sp1_0.sort_order,
        sp1_0.status,
        sp1_0.type,
        sp1_0.updated_at,
        sp1_0.updated_by 
    from
        sys_permission sp1_0 
    where
        sp1_0.code=?
Hibernate: 
    insert 
    into
        sys_permission
        (code, component, created_at, created_by, icon, is_public, name, parent_id, path, sort_order, status, type, updated_at, updated_by) 
    values
        (?, ?, ?, ?, ?, ?, ?, ?, ?, ?, ?, ?, ?, ?)
2026-04-14T01:08:06.675+08:00  INFO 53492 --- [linglo-platform] [           main] c.ipd.platform.config.DataInitializer    : 创建权限: 项目列表
Hibernate: 
    select
        sp1_0.id,
        sp1_0.code,
        sp1_0.component,
        sp1_0.created_at,
        sp1_0.created_by,
        sp1_0.icon,
        sp1_0.is_public,
        sp1_0.name,
        sp1_0.parent_id,
        sp1_0.path,
        sp1_0.sort_order,
        sp1_0.status,
        sp1_0.type,
        sp1_0.updated_at,
        sp1_0.updated_by 
    from
        sys_permission sp1_0 
    where
        sp1_0.code=?
Hibernate: 
    insert 
    into
        sys_permission
        (code, component, created_at, created_by, icon, is_public, name, parent_id, path, sort_order, status, type, updated_at, updated_by) 
    values
        (?, ?, ?, ?, ?, ?, ?, ?, ?, ?, ?, ?, ?, ?)
2026-04-14T01:08:06.676+08:00  INFO 53492 --- [linglo-platform] [           main] c.ipd.platform.config.DataInitializer    : 创建权限: 创建项目
Hibernate: 
    select
        sp1_0.id,
        sp1_0.code,
        sp1_0.component,
        sp1_0.created_at,
        sp1_0.created_by,
        sp1_0.icon,
        sp1_0.is_public,
        sp1_0.name,
        sp1_0.parent_id,
        sp1_0.path,
        sp1_0.sort_order,
        sp1_0.status,
        sp1_0.type,
        sp1_0.updated_at,
        sp1_0.updated_by 
    from
        sys_permission sp1_0 
    where
        sp1_0.code=?
Hibernate: 
    insert 
    into
        sys_permission
        (code, component, created_at, created_by, icon, is_public, name, parent_id, path, sort_order, status, type, updated_at, updated_by) 
    values
        (?, ?, ?, ?, ?, ?, ?, ?, ?, ?, ?, ?, ?, ?)
2026-04-14T01:08:06.677+08:00  INFO 53492 --- [linglo-platform] [           main] c.ipd.platform.config.DataInitializer    : 创建权限: 编辑项目
Hibernate: 
    select
        sp1_0.id,
        sp1_0.code,
        sp1_0.component,
        sp1_0.created_at,
        sp1_0.created_by,
        sp1_0.icon,
        sp1_0.is_public,
        sp1_0.name,
        sp1_0.parent_id,
        sp1_0.path,
        sp1_0.sort_order,
        sp1_0.status,
        sp1_0.type,
        sp1_0.updated_at,
        sp1_0.updated_by 
    from
        sys_permission sp1_0 
    where
        sp1_0.code=?
Hibernate: 
    insert 
    into
        sys_permission
        (code, component, created_at, created_by, icon, is_public, name, parent_id, path, sort_order, status, type, updated_at, updated_by) 
    values
        (?, ?, ?, ?, ?, ?, ?, ?, ?, ?, ?, ?, ?, ?)
2026-04-14T01:08:06.679+08:00  INFO 53492 --- [linglo-platform] [           main] c.ipd.platform.config.DataInitializer    : 创建权限: 删除项目
Hibernate: 
    select
        sp1_0.id,
        sp1_0.code,
        sp1_0.component,
        sp1_0.created_at,
        sp1_0.created_by,
        sp1_0.icon,
        sp1_0.is_public,
        sp1_0.name,
        sp1_0.parent_id,
        sp1_0.path,
        sp1_0.sort_order,
        sp1_0.status,
        sp1_0.type,
        sp1_0.updated_at,
        sp1_0.updated_by 
    from
        sys_permission sp1_0 
    where
        sp1_0.code=?
Hibernate: 
    insert 
    into
        sys_permission
        (code, component, created_at, created_by, icon, is_public, name, parent_id, path, sort_order, status, type, updated_at, updated_by) 
    values
        (?, ?, ?, ?, ?, ?, ?, ?, ?, ?, ?, ?, ?, ?)
2026-04-14T01:08:06.680+08:00  INFO 53492 --- [linglo-platform] [           main] c.ipd.platform.config.DataInitializer    : 创建权限: 查看项目
Hibernate: 
    select
        sp1_0.id,
        sp1_0.code,
        sp1_0.component,
        sp1_0.created_at,
        sp1_0.created_by,
        sp1_0.icon,
        sp1_0.is_public,
        sp1_0.name,
        sp1_0.parent_id,
        sp1_0.path,
        sp1_0.sort_order,
        sp1_0.status,
        sp1_0.type,
        sp1_0.updated_at,
        sp1_0.updated_by 
    from
        sys_permission sp1_0 
    where
        sp1_0.code=?
Hibernate: 
    insert 
    into
        sys_permission
        (code, component, created_at, created_by, icon, is_public, name, parent_id, path, sort_order, status, type, updated_at, updated_by) 
    values
        (?, ?, ?, ?, ?, ?, ?, ?, ?, ?, ?, ?, ?, ?)
2026-04-14T01:08:06.681+08:00  INFO 53492 --- [linglo-platform] [           main] c.ipd.platform.config.DataInitializer    : 创建权限: 任务列表
Hibernate: 
    select
        sp1_0.id,
        sp1_0.code,
        sp1_0.component,
        sp1_0.created_at,
        sp1_0.created_by,
        sp1_0.icon,
        sp1_0.is_public,
        sp1_0.name,
        sp1_0.parent_id,
        sp1_0.path,
        sp1_0.sort_order,
        sp1_0.status,
        sp1_0.type,
        sp1_0.updated_at,
        sp1_0.updated_by 
    from
        sys_permission sp1_0 
    where
        sp1_0.code=?
Hibernate: 
    insert 
    into
        sys_permission
        (code, component, created_at, created_by, icon, is_public, name, parent_id, path, sort_order, status, type, updated_at, updated_by) 
    values
        (?, ?, ?, ?, ?, ?, ?, ?, ?, ?, ?, ?, ?, ?)
2026-04-14T01:08:06.684+08:00  INFO 53492 --- [linglo-platform] [           main] c.ipd.platform.config.DataInitializer    : 创建权限: 创建任务
Hibernate: 
    select
        sp1_0.id,
        sp1_0.code,
        sp1_0.component,
        sp1_0.created_at,
        sp1_0.created_by,
        sp1_0.icon,
        sp1_0.is_public,
        sp1_0.name,
        sp1_0.parent_id,
        sp1_0.path,
        sp1_0.sort_order,
        sp1_0.status,
        sp1_0.type,
        sp1_0.updated_at,
        sp1_0.updated_by 
    from
        sys_permission sp1_0 
    where
        sp1_0.code=?
Hibernate: 
    insert 
    into
        sys_permission
        (code, component, created_at, created_by, icon, is_public, name, parent_id, path, sort_order, status, type, updated_at, updated_by) 
    values
        (?, ?, ?, ?, ?, ?, ?, ?, ?, ?, ?, ?, ?, ?)
2026-04-14T01:08:06.685+08:00  INFO 53492 --- [linglo-platform] [           main] c.ipd.platform.config.DataInitializer    : 创建权限: 编辑任务
Hibernate: 
    select
        sp1_0.id,
        sp1_0.code,
        sp1_0.component,
        sp1_0.created_at,
        sp1_0.created_by,
        sp1_0.icon,
        sp1_0.is_public,
        sp1_0.name,
        sp1_0.parent_id,
        sp1_0.path,
        sp1_0.sort_order,
        sp1_0.status,
        sp1_0.type,
        sp1_0.updated_at,
        sp1_0.updated_by 
    from
        sys_permission sp1_0 
    where
        sp1_0.code=?
Hibernate: 
    insert 
    into
        sys_permission
        (code, component, created_at, created_by, icon, is_public, name, parent_id, path, sort_order, status, type, updated_at, updated_by) 
    values
        (?, ?, ?, ?, ?, ?, ?, ?, ?, ?, ?, ?, ?, ?)
2026-04-14T01:08:06.686+08:00  INFO 53492 --- [linglo-platform] [           main] c.ipd.platform.config.DataInitializer    : 创建权限: 删除任务
Hibernate: 
    select
        sp1_0.id,
        sp1_0.code,
        sp1_0.component,
        sp1_0.created_at,
        sp1_0.created_by,
        sp1_0.icon,
        sp1_0.is_public,
        sp1_0.name,
        sp1_0.parent_id,
        sp1_0.path,
        sp1_0.sort_order,
        sp1_0.status,
        sp1_0.type,
        sp1_0.updated_at,
        sp1_0.updated_by 
    from
        sys_permission sp1_0 
    where
        sp1_0.code=?
Hibernate: 
    insert 
    into
        sys_permission
        (code, component, created_at, created_by, icon, is_public, name, parent_id, path, sort_order, status, type, updated_at, updated_by) 
    values
        (?, ?, ?, ?, ?, ?, ?, ?, ?, ?, ?, ?, ?, ?)
2026-04-14T01:08:06.687+08:00  INFO 53492 --- [linglo-platform] [           main] c.ipd.platform.config.DataInitializer    : 创建权限: 分配任务
Hibernate: 
    select
        sp1_0.id,
        sp1_0.code,
        sp1_0.component,
        sp1_0.created_at,
        sp1_0.created_by,
        sp1_0.icon,
        sp1_0.is_public,
        sp1_0.name,
        sp1_0.parent_id,
        sp1_0.path,
        sp1_0.sort_order,
        sp1_0.status,
        sp1_0.type,
        sp1_0.updated_at,
        sp1_0.updated_by 
    from
        sys_permission sp1_0 
    where
        sp1_0.code=?
Hibernate: 
    insert 
    into
        sys_permission
        (code, component, created_at, created_by, icon, is_public, name, parent_id, path, sort_order, status, type, updated_at, updated_by) 
    values
        (?, ?, ?, ?, ?, ?, ?, ?, ?, ?, ?, ?, ?, ?)
2026-04-14T01:08:06.688+08:00  INFO 53492 --- [linglo-platform] [           main] c.ipd.platform.config.DataInitializer    : 创建权限: 更新状态
Hibernate: 
    select
        sp1_0.id,
        sp1_0.code,
        sp1_0.component,
        sp1_0.created_at,
        sp1_0.created_by,
        sp1_0.icon,
        sp1_0.is_public,
        sp1_0.name,
        sp1_0.parent_id,
        sp1_0.path,
        sp1_0.sort_order,
        sp1_0.status,
        sp1_0.type,
        sp1_0.updated_at,
        sp1_0.updated_by 
    from
        sys_permission sp1_0 
    where
        sp1_0.code=?
Hibernate: 
    insert 
    into
        sys_permission
        (code, component, created_at, created_by, icon, is_public, name, parent_id, path, sort_order, status, type, updated_at, updated_by) 
    values
        (?, ?, ?, ?, ?, ?, ?, ?, ?, ?, ?, ?, ?, ?)
2026-04-14T01:08:06.690+08:00  INFO 53492 --- [linglo-platform] [           main] c.ipd.platform.config.DataInitializer    : 创建权限: 评审列表
Hibernate: 
    select
        sp1_0.id,
        sp1_0.code,
        sp1_0.component,
        sp1_0.created_at,
        sp1_0.created_by,
        sp1_0.icon,
        sp1_0.is_public,
        sp1_0.name,
        sp1_0.parent_id,
        sp1_0.path,
        sp1_0.sort_order,
        sp1_0.status,
        sp1_0.type,
        sp1_0.updated_at,
        sp1_0.updated_by 
    from
        sys_permission sp1_0 
    where
        sp1_0.code=?
Hibernate: 
    insert 
    into
        sys_permission
        (code, component, created_at, created_by, icon, is_public, name, parent_id, path, sort_order, status, type, updated_at, updated_by) 
    values
        (?, ?, ?, ?, ?, ?, ?, ?, ?, ?, ?, ?, ?, ?)
2026-04-14T01:08:06.692+08:00  INFO 53492 --- [linglo-platform] [           main] c.ipd.platform.config.DataInitializer    : 创建权限: 创建评审
Hibernate: 
    select
        sp1_0.id,
        sp1_0.code,
        sp1_0.component,
        sp1_0.created_at,
        sp1_0.created_by,
        sp1_0.icon,
        sp1_0.is_public,
        sp1_0.name,
        sp1_0.parent_id,
        sp1_0.path,
        sp1_0.sort_order,
        sp1_0.status,
        sp1_0.type,
        sp1_0.updated_at,
        sp1_0.updated_by 
    from
        sys_permission sp1_0 
    where
        sp1_0.code=?
Hibernate: 
    insert 
    into
        sys_permission
        (code, component, created_at, created_by, icon, is_public, name, parent_id, path, sort_order, status, type, updated_at, updated_by) 
    values
        (?, ?, ?, ?, ?, ?, ?, ?, ?, ?, ?, ?, ?, ?)
2026-04-14T01:08:06.694+08:00  INFO 53492 --- [linglo-platform] [           main] c.ipd.platform.config.DataInitializer    : 创建权限: 编辑评审
Hibernate: 
    select
        sp1_0.id,
        sp1_0.code,
        sp1_0.component,
        sp1_0.created_at,
        sp1_0.created_by,
        sp1_0.icon,
        sp1_0.is_public,
        sp1_0.name,
        sp1_0.parent_id,
        sp1_0.path,
        sp1_0.sort_order,
        sp1_0.status,
        sp1_0.type,
        sp1_0.updated_at,
        sp1_0.updated_by 
    from
        sys_permission sp1_0 
    where
        sp1_0.code=?
Hibernate: 
    insert 
    into
        sys_permission
        (code, component, created_at, created_by, icon, is_public, name, parent_id, path, sort_order, status, type, updated_at, updated_by) 
    values
        (?, ?, ?, ?, ?, ?, ?, ?, ?, ?, ?, ?, ?, ?)
2026-04-14T01:08:06.696+08:00  INFO 53492 --- [linglo-platform] [           main] c.ipd.platform.config.DataInitializer    : 创建权限: 评审投票
Hibernate: 
    select
        sp1_0.id,
        sp1_0.code,
        sp1_0.component,
        sp1_0.created_at,
        sp1_0.created_by,
        sp1_0.icon,
        sp1_0.is_public,
        sp1_0.name,
        sp1_0.parent_id,
        sp1_0.path,
        sp1_0.sort_order,
        sp1_0.status,
        sp1_0.type,
        sp1_0.updated_at,
        sp1_0.updated_by 
    from
        sys_permission sp1_0 
    where
        sp1_0.code=?
Hibernate: 
    insert 
    into
        sys_permission
        (code, component, created_at, created_by, icon, is_public, name, parent_id, path, sort_order, status, type, updated_at, updated_by) 
    values
        (?, ?, ?, ?, ?, ?, ?, ?, ?, ?, ?, ?, ?, ?)
2026-04-14T01:08:06.700+08:00  INFO 53492 --- [linglo-platform] [           main] c.ipd.platform.config.DataInitializer    : 创建权限: 评审决策
Hibernate: 
    select
        sp1_0.id,
        sp1_0.code,
        sp1_0.component,
        sp1_0.created_at,
        sp1_0.created_by,
        sp1_0.icon,
        sp1_0.is_public,
        sp1_0.name,
        sp1_0.parent_id,
        sp1_0.path,
        sp1_0.sort_order,
        sp1_0.status,
        sp1_0.type,
        sp1_0.updated_at,
        sp1_0.updated_by 
    from
        sys_permission sp1_0 
    where
        sp1_0.code=?
Hibernate: 
    insert 
    into
        sys_permission
        (code, component, created_at, created_by, icon, is_public, name, parent_id, path, sort_order, status, type, updated_at, updated_by) 
    values
        (?, ?, ?, ?, ?, ?, ?, ?, ?, ?, ?, ?, ?, ?)
2026-04-14T01:08:06.701+08:00  INFO 53492 --- [linglo-platform] [           main] c.ipd.platform.config.DataInitializer    : 创建权限: 测试列表
Hibernate: 
    select
        sp1_0.id,
        sp1_0.code,
        sp1_0.component,
        sp1_0.created_at,
        sp1_0.created_by,
        sp1_0.icon,
        sp1_0.is_public,
        sp1_0.name,
        sp1_0.parent_id,
        sp1_0.path,
        sp1_0.sort_order,
        sp1_0.status,
        sp1_0.type,
        sp1_0.updated_at,
        sp1_0.updated_by 
    from
        sys_permission sp1_0 
    where
        sp1_0.code=?
Hibernate: 
    insert 
    into
        sys_permission
        (code, component, created_at, created_by, icon, is_public, name, parent_id, path, sort_order, status, type, updated_at, updated_by) 
    values
        (?, ?, ?, ?, ?, ?, ?, ?, ?, ?, ?, ?, ?, ?)
2026-04-14T01:08:06.703+08:00  INFO 53492 --- [linglo-platform] [           main] c.ipd.platform.config.DataInitializer    : 创建权限: 创建测试
Hibernate: 
    select
        sp1_0.id,
        sp1_0.code,
        sp1_0.component,
        sp1_0.created_at,
        sp1_0.created_by,
        sp1_0.icon,
        sp1_0.is_public,
        sp1_0.name,
        sp1_0.parent_id,
        sp1_0.path,
        sp1_0.sort_order,
        sp1_0.status,
        sp1_0.type,
        sp1_0.updated_at,
        sp1_0.updated_by 
    from
        sys_permission sp1_0 
    where
        sp1_0.code=?
Hibernate: 
    insert 
    into
        sys_permission
        (code, component, created_at, created_by, icon, is_public, name, parent_id, path, sort_order, status, type, updated_at, updated_by) 
    values
        (?, ?, ?, ?, ?, ?, ?, ?, ?, ?, ?, ?, ?, ?)
2026-04-14T01:08:06.705+08:00  INFO 53492 --- [linglo-platform] [           main] c.ipd.platform.config.DataInitializer    : 创建权限: 编辑测试
Hibernate: 
    select
        sp1_0.id,
        sp1_0.code,
        sp1_0.component,
        sp1_0.created_at,
        sp1_0.created_by,
        sp1_0.icon,
        sp1_0.is_public,
        sp1_0.name,
        sp1_0.parent_id,
        sp1_0.path,
        sp1_0.sort_order,
        sp1_0.status,
        sp1_0.type,
        sp1_0.updated_at,
        sp1_0.updated_by 
    from
        sys_permission sp1_0 
    where
        sp1_0.code=?
Hibernate: 
    insert 
    into
        sys_permission
        (code, component, created_at, created_by, icon, is_public, name, parent_id, path, sort_order, status, type, updated_at, updated_by) 
    values
        (?, ?, ?, ?, ?, ?, ?, ?, ?, ?, ?, ?, ?, ?)
2026-04-14T01:08:06.706+08:00  INFO 53492 --- [linglo-platform] [           main] c.ipd.platform.config.DataInitializer    : 创建权限: 执行测试
Hibernate: 
    select
        sp1_0.id,
        sp1_0.code,
        sp1_0.component,
        sp1_0.created_at,
        sp1_0.created_by,
        sp1_0.icon,
        sp1_0.is_public,
        sp1_0.name,
        sp1_0.parent_id,
        sp1_0.path,
        sp1_0.sort_order,
        sp1_0.status,
        sp1_0.type,
        sp1_0.updated_at,
        sp1_0.updated_by 
    from
        sys_permission sp1_0 
    where
        sp1_0.code=?
Hibernate: 
    insert 
    into
        sys_permission
        (code, component, created_at, created_by, icon, is_public, name, parent_id, path, sort_order, status, type, updated_at, updated_by) 
    values
        (?, ?, ?, ?, ?, ?, ?, ?, ?, ?, ?, ?, ?, ?)
2026-04-14T01:08:06.708+08:00  INFO 53492 --- [linglo-platform] [           main] c.ipd.platform.config.DataInitializer    : 创建权限: 文档列表
Hibernate: 
    select
        sp1_0.id,
        sp1_0.code,
        sp1_0.component,
        sp1_0.created_at,
        sp1_0.created_by,
        sp1_0.icon,
        sp1_0.is_public,
        sp1_0.name,
        sp1_0.parent_id,
        sp1_0.path,
        sp1_0.sort_order,
        sp1_0.status,
        sp1_0.type,
        sp1_0.updated_at,
        sp1_0.updated_by 
    from
        sys_permission sp1_0 
    where
        sp1_0.code=?
Hibernate: 
    insert 
    into
        sys_permission
        (code, component, created_at, created_by, icon, is_public, name, parent_id, path, sort_order, status, type, updated_at, updated_by) 
    values
        (?, ?, ?, ?, ?, ?, ?, ?, ?, ?, ?, ?, ?, ?)
2026-04-14T01:08:06.709+08:00  INFO 53492 --- [linglo-platform] [           main] c.ipd.platform.config.DataInitializer    : 创建权限: 创建文档
Hibernate: 
    select
        sp1_0.id,
        sp1_0.code,
        sp1_0.component,
        sp1_0.created_at,
        sp1_0.created_by,
        sp1_0.icon,
        sp1_0.is_public,
        sp1_0.name,
        sp1_0.parent_id,
        sp1_0.path,
        sp1_0.sort_order,
        sp1_0.status,
        sp1_0.type,
        sp1_0.updated_at,
        sp1_0.updated_by 
    from
        sys_permission sp1_0 
    where
        sp1_0.code=?
Hibernate: 
    insert 
    into
        sys_permission
        (code, component, created_at, created_by, icon, is_public, name, parent_id, path, sort_order, status, type, updated_at, updated_by) 
    values
        (?, ?, ?, ?, ?, ?, ?, ?, ?, ?, ?, ?, ?, ?)
2026-04-14T01:08:06.710+08:00  INFO 53492 --- [linglo-platform] [           main] c.ipd.platform.config.DataInitializer    : 创建权限: 编辑文档
Hibernate: 
    select
        sp1_0.id,
        sp1_0.code,
        sp1_0.component,
        sp1_0.created_at,
        sp1_0.created_by,
        sp1_0.icon,
        sp1_0.is_public,
        sp1_0.name,
        sp1_0.parent_id,
        sp1_0.path,
        sp1_0.sort_order,
        sp1_0.status,
        sp1_0.type,
        sp1_0.updated_at,
        sp1_0.updated_by 
    from
        sys_permission sp1_0 
    where
        sp1_0.code=?
Hibernate: 
    insert 
    into
        sys_permission
        (code, component, created_at, created_by, icon, is_public, name, parent_id, path, sort_order, status, type, updated_at, updated_by) 
    values
        (?, ?, ?, ?, ?, ?, ?, ?, ?, ?, ?, ?, ?, ?)
2026-04-14T01:08:06.712+08:00  INFO 53492 --- [linglo-platform] [           main] c.ipd.platform.config.DataInitializer    : 创建权限: 删除文档
Hibernate: 
    select
        sp1_0.id,
        sp1_0.code,
        sp1_0.component,
        sp1_0.created_at,
        sp1_0.created_by,
        sp1_0.icon,
        sp1_0.is_public,
        sp1_0.name,
        sp1_0.parent_id,
        sp1_0.path,
        sp1_0.sort_order,
        sp1_0.status,
        sp1_0.type,
        sp1_0.updated_at,
        sp1_0.updated_by 
    from
        sys_permission sp1_0 
    where
        sp1_0.code=?
Hibernate: 
    insert 
    into
        sys_permission
        (code, component, created_at, created_by, icon, is_public, name, parent_id, path, sort_order, status, type, updated_at, updated_by) 
    values
        (?, ?, ?, ?, ?, ?, ?, ?, ?, ?, ?, ?, ?, ?)
2026-04-14T01:08:06.714+08:00  INFO 53492 --- [linglo-platform] [           main] c.ipd.platform.config.DataInitializer    : 创建权限: 查看报表
Hibernate: 
    select
        sp1_0.id,
        sp1_0.code,
        sp1_0.component,
        sp1_0.created_at,
        sp1_0.created_by,
        sp1_0.icon,
        sp1_0.is_public,
        sp1_0.name,
        sp1_0.parent_id,
        sp1_0.path,
        sp1_0.sort_order,
        sp1_0.status,
        sp1_0.type,
        sp1_0.updated_at,
        sp1_0.updated_by 
    from
        sys_permission sp1_0 
    where
        sp1_0.code=?
Hibernate: 
    insert 
    into
        sys_permission
        (code, component, created_at, created_by, icon, is_public, name, parent_id, path, sort_order, status, type, updated_at, updated_by) 
    values
        (?, ?, ?, ?, ?, ?, ?, ?, ?, ?, ?, ?, ?, ?)
2026-04-14T01:08:06.717+08:00  INFO 53492 --- [linglo-platform] [           main] c.ipd.platform.config.DataInitializer    : 创建权限: 导出报表
Hibernate: 
    select
        sr1_0.id,
        sr1_0.created_at,
        sr1_0.created_by,
        sr1_0.description,
        sr1_0.role_code,
        sr1_0.role_name,
        sr1_0.sort_order,
        sr1_0.status,
        sr1_0.updated_at,
        sr1_0.updated_by 
    from
        sys_role sr1_0 
    where
        sr1_0.role_code=?
Hibernate: 
    select
        p1_0.role_id,
        p1_1.id,
        p1_1.code,
        p1_1.component,
        p1_1.created_at,
        p1_1.created_by,
        p1_1.icon,
        p1_1.is_public,
        p1_1.name,
        p1_1.parent_id,
        p1_1.path,
        p1_1.sort_order,
        p1_1.status,
        p1_1.type,
        p1_1.updated_at,
        p1_1.updated_by 
    from
        sys_role_permission p1_0 
    join
        sys_permission p1_1 
            on p1_1.id=p1_0.permission_id 
    where
        p1_0.role_id=?
Hibernate: 
    select
        sp1_0.id,
        sp1_0.code,
        sp1_0.component,
        sp1_0.created_at,
        sp1_0.created_by,
        sp1_0.icon,
        sp1_0.is_public,
        sp1_0.name,
        sp1_0.parent_id,
        sp1_0.path,
        sp1_0.sort_order,
        sp1_0.status,
        sp1_0.type,
        sp1_0.updated_at,
        sp1_0.updated_by 
    from
        sys_permission sp1_0
Hibernate: 
    select
        sr1_0.id,
        sr1_0.created_at,
        sr1_0.created_by,
        sr1_0.description,
        p1_0.role_id,
        p1_1.id,
        p1_1.code,
        p1_1.component,
        p1_1.created_at,
        p1_1.created_by,
        p1_1.icon,
        p1_1.is_public,
        p1_1.name,
        p1_1.parent_id,
        p1_1.path,
        p1_1.sort_order,
        p1_1.status,
        p1_1.type,
        p1_1.updated_at,
        p1_1.updated_by,
        sr1_0.role_code,
        sr1_0.role_name,
        sr1_0.sort_order,
        sr1_0.status,
        sr1_0.updated_at,
        sr1_0.updated_by 
    from
        sys_role sr1_0 
    left join
        (sys_role_permission p1_0 
    join
        sys_permission p1_1 
            on p1_1.id=p1_0.permission_id) 
        on sr1_0.id=p1_0.role_id 
    where
        sr1_0.id=?
Hibernate: 
    select
        sp1_0.id,
        sp1_0.code,
        sp1_0.component,
        sp1_0.created_at,
        sp1_0.created_by,
        sp1_0.icon,
        sp1_0.is_public,
        sp1_0.name,
        sp1_0.parent_id,
        sp1_0.path,
        sp1_0.sort_order,
        sp1_0.status,
        sp1_0.type,
        sp1_0.updated_at,
        sp1_0.updated_by 
    from
        sys_permission sp1_0 
    where
        sp1_0.id=?
Hibernate: 
    select
        sp1_0.id,
        sp1_0.code,
        sp1_0.component,
        sp1_0.created_at,
        sp1_0.created_by,
        sp1_0.icon,
        sp1_0.is_public,
        sp1_0.name,
        sp1_0.parent_id,
        sp1_0.path,
        sp1_0.sort_order,
        sp1_0.status,
        sp1_0.type,
        sp1_0.updated_at,
        sp1_0.updated_by 
    from
        sys_permission sp1_0 
    where
        sp1_0.id=?
Hibernate: 
    select
        sp1_0.id,
        sp1_0.code,
        sp1_0.component,
        sp1_0.created_at,
        sp1_0.created_by,
        sp1_0.icon,
        sp1_0.is_public,
        sp1_0.name,
        sp1_0.parent_id,
        sp1_0.path,
        sp1_0.sort_order,
        sp1_0.status,
        sp1_0.type,
        sp1_0.updated_at,
        sp1_0.updated_by 
    from
        sys_permission sp1_0 
    where
        sp1_0.id=?
Hibernate: 
    select
        sp1_0.id,
        sp1_0.code,
        sp1_0.component,
        sp1_0.created_at,
        sp1_0.created_by,
        sp1_0.icon,
        sp1_0.is_public,
        sp1_0.name,
        sp1_0.parent_id,
        sp1_0.path,
        sp1_0.sort_order,
        sp1_0.status,
        sp1_0.type,
        sp1_0.updated_at,
        sp1_0.updated_by 
    from
        sys_permission sp1_0 
    where
        sp1_0.id=?
Hibernate: 
    select
        sp1_0.id,
        sp1_0.code,
        sp1_0.component,
        sp1_0.created_at,
        sp1_0.created_by,
        sp1_0.icon,
        sp1_0.is_public,
        sp1_0.name,
        sp1_0.parent_id,
        sp1_0.path,
        sp1_0.sort_order,
        sp1_0.status,
        sp1_0.type,
        sp1_0.updated_at,
        sp1_0.updated_by 
    from
        sys_permission sp1_0 
    where
        sp1_0.id=?
Hibernate: 
    select
        sp1_0.id,
        sp1_0.code,
        sp1_0.component,
        sp1_0.created_at,
        sp1_0.created_by,
        sp1_0.icon,
        sp1_0.is_public,
        sp1_0.name,
        sp1_0.parent_id,
        sp1_0.path,
        sp1_0.sort_order,
        sp1_0.status,
        sp1_0.type,
        sp1_0.updated_at,
        sp1_0.updated_by 
    from
        sys_permission sp1_0 
    where
        sp1_0.id=?
Hibernate: 
    select
        sp1_0.id,
        sp1_0.code,
        sp1_0.component,
        sp1_0.created_at,
        sp1_0.created_by,
        sp1_0.icon,
        sp1_0.is_public,
        sp1_0.name,
        sp1_0.parent_id,
        sp1_0.path,
        sp1_0.sort_order,
        sp1_0.status,
        sp1_0.type,
        sp1_0.updated_at,
        sp1_0.updated_by 
    from
        sys_permission sp1_0 
    where
        sp1_0.id=?
Hibernate: 
    select
        sp1_0.id,
        sp1_0.code,
        sp1_0.component,
        sp1_0.created_at,
        sp1_0.created_by,
        sp1_0.icon,
        sp1_0.is_public,
        sp1_0.name,
        sp1_0.parent_id,
        sp1_0.path,
        sp1_0.sort_order,
        sp1_0.status,
        sp1_0.type,
        sp1_0.updated_at,
        sp1_0.updated_by 
    from
        sys_permission sp1_0 
    where
        sp1_0.id=?
Hibernate: 
    select
        sp1_0.id,
        sp1_0.code,
        sp1_0.component,
        sp1_0.created_at,
        sp1_0.created_by,
        sp1_0.icon,
        sp1_0.is_public,
        sp1_0.name,
        sp1_0.parent_id,
        sp1_0.path,
        sp1_0.sort_order,
        sp1_0.status,
        sp1_0.type,
        sp1_0.updated_at,
        sp1_0.updated_by 
    from
        sys_permission sp1_0 
    where
        sp1_0.id=?
Hibernate: 
    select
        sp1_0.id,
        sp1_0.code,
        sp1_0.component,
        sp1_0.created_at,
        sp1_0.created_by,
        sp1_0.icon,
        sp1_0.is_public,
        sp1_0.name,
        sp1_0.parent_id,
        sp1_0.path,
        sp1_0.sort_order,
        sp1_0.status,
        sp1_0.type,
        sp1_0.updated_at,
        sp1_0.updated_by 
    from
        sys_permission sp1_0 
    where
        sp1_0.id=?
Hibernate: 
    select
        sp1_0.id,
        sp1_0.code,
        sp1_0.component,
        sp1_0.created_at,
        sp1_0.created_by,
        sp1_0.icon,
        sp1_0.is_public,
        sp1_0.name,
        sp1_0.parent_id,
        sp1_0.path,
        sp1_0.sort_order,
        sp1_0.status,
        sp1_0.type,
        sp1_0.updated_at,
        sp1_0.updated_by 
    from
        sys_permission sp1_0 
    where
        sp1_0.id=?
Hibernate: 
    select
        sp1_0.id,
        sp1_0.code,
        sp1_0.component,
        sp1_0.created_at,
        sp1_0.created_by,
        sp1_0.icon,
        sp1_0.is_public,
        sp1_0.name,
        sp1_0.parent_id,
        sp1_0.path,
        sp1_0.sort_order,
        sp1_0.status,
        sp1_0.type,
        sp1_0.updated_at,
        sp1_0.updated_by 
    from
        sys_permission sp1_0 
    where
        sp1_0.id=?
Hibernate: 
    select
        sp1_0.id,
        sp1_0.code,
        sp1_0.component,
        sp1_0.created_at,
        sp1_0.created_by,
        sp1_0.icon,
        sp1_0.is_public,
        sp1_0.name,
        sp1_0.parent_id,
        sp1_0.path,
        sp1_0.sort_order,
        sp1_0.status,
        sp1_0.type,
        sp1_0.updated_at,
        sp1_0.updated_by 
    from
        sys_permission sp1_0 
    where
        sp1_0.id=?
Hibernate: 
    select
        sp1_0.id,
        sp1_0.code,
        sp1_0.component,
        sp1_0.created_at,
        sp1_0.created_by,
        sp1_0.icon,
        sp1_0.is_public,
        sp1_0.name,
        sp1_0.parent_id,
        sp1_0.path,
        sp1_0.sort_order,
        sp1_0.status,
        sp1_0.type,
        sp1_0.updated_at,
        sp1_0.updated_by 
    from
        sys_permission sp1_0 
    where
        sp1_0.id=?
Hibernate: 
    select
        sp1_0.id,
        sp1_0.code,
        sp1_0.component,
        sp1_0.created_at,
        sp1_0.created_by,
        sp1_0.icon,
        sp1_0.is_public,
        sp1_0.name,
        sp1_0.parent_id,
        sp1_0.path,
        sp1_0.sort_order,
        sp1_0.status,
        sp1_0.type,
        sp1_0.updated_at,
        sp1_0.updated_by 
    from
        sys_permission sp1_0 
    where
        sp1_0.id=?
Hibernate: 
    select
        sp1_0.id,
        sp1_0.code,
        sp1_0.component,
        sp1_0.created_at,
        sp1_0.created_by,
        sp1_0.icon,
        sp1_0.is_public,
        sp1_0.name,
        sp1_0.parent_id,
        sp1_0.path,
        sp1_0.sort_order,
        sp1_0.status,
        sp1_0.type,
        sp1_0.updated_at,
        sp1_0.updated_by 
    from
        sys_permission sp1_0 
    where
        sp1_0.id=?
Hibernate: 
    select
        sp1_0.id,
        sp1_0.code,
        sp1_0.component,
        sp1_0.created_at,
        sp1_0.created_by,
        sp1_0.icon,
        sp1_0.is_public,
        sp1_0.name,
        sp1_0.parent_id,
        sp1_0.path,
        sp1_0.sort_order,
        sp1_0.status,
        sp1_0.type,
        sp1_0.updated_at,
        sp1_0.updated_by 
    from
        sys_permission sp1_0 
    where
        sp1_0.id=?
Hibernate: 
    select
        sp1_0.id,
        sp1_0.code,
        sp1_0.component,
        sp1_0.created_at,
        sp1_0.created_by,
        sp1_0.icon,
        sp1_0.is_public,
        sp1_0.name,
        sp1_0.parent_id,
        sp1_0.path,
        sp1_0.sort_order,
        sp1_0.status,
        sp1_0.type,
        sp1_0.updated_at,
        sp1_0.updated_by 
    from
        sys_permission sp1_0 
    where
        sp1_0.id=?
Hibernate: 
    select
        sp1_0.id,
        sp1_0.code,
        sp1_0.component,
        sp1_0.created_at,
        sp1_0.created_by,
        sp1_0.icon,
        sp1_0.is_public,
        sp1_0.name,
        sp1_0.parent_id,
        sp1_0.path,
        sp1_0.sort_order,
        sp1_0.status,
        sp1_0.type,
        sp1_0.updated_at,
        sp1_0.updated_by 
    from
        sys_permission sp1_0 
    where
        sp1_0.id=?
Hibernate: 
    select
        sp1_0.id,
        sp1_0.code,
        sp1_0.component,
        sp1_0.created_at,
        sp1_0.created_by,
        sp1_0.icon,
        sp1_0.is_public,
        sp1_0.name,
        sp1_0.parent_id,
        sp1_0.path,
        sp1_0.sort_order,
        sp1_0.status,
        sp1_0.type,
        sp1_0.updated_at,
        sp1_0.updated_by 
    from
        sys_permission sp1_0 
    where
        sp1_0.id=?
Hibernate: 
    select
        sp1_0.id,
        sp1_0.code,
        sp1_0.component,
        sp1_0.created_at,
        sp1_0.created_by,
        sp1_0.icon,
        sp1_0.is_public,
        sp1_0.name,
        sp1_0.parent_id,
        sp1_0.path,
        sp1_0.sort_order,
        sp1_0.status,
        sp1_0.type,
        sp1_0.updated_at,
        sp1_0.updated_by 
    from
        sys_permission sp1_0 
    where
        sp1_0.id=?
Hibernate: 
    select
        sp1_0.id,
        sp1_0.code,
        sp1_0.component,
        sp1_0.created_at,
        sp1_0.created_by,
        sp1_0.icon,
        sp1_0.is_public,
        sp1_0.name,
        sp1_0.parent_id,
        sp1_0.path,
        sp1_0.sort_order,
        sp1_0.status,
        sp1_0.type,
        sp1_0.updated_at,
        sp1_0.updated_by 
    from
        sys_permission sp1_0 
    where
        sp1_0.id=?
Hibernate: 
    select
        sp1_0.id,
        sp1_0.code,
        sp1_0.component,
        sp1_0.created_at,
        sp1_0.created_by,
        sp1_0.icon,
        sp1_0.is_public,
        sp1_0.name,
        sp1_0.parent_id,
        sp1_0.path,
        sp1_0.sort_order,
        sp1_0.status,
        sp1_0.type,
        sp1_0.updated_at,
        sp1_0.updated_by 
    from
        sys_permission sp1_0 
    where
        sp1_0.id=?
Hibernate: 
    select
        sp1_0.id,
        sp1_0.code,
        sp1_0.component,
        sp1_0.created_at,
        sp1_0.created_by,
        sp1_0.icon,
        sp1_0.is_public,
        sp1_0.name,
        sp1_0.parent_id,
        sp1_0.path,
        sp1_0.sort_order,
        sp1_0.status,
        sp1_0.type,
        sp1_0.updated_at,
        sp1_0.updated_by 
    from
        sys_permission sp1_0 
    where
        sp1_0.id=?
Hibernate: 
    select
        sp1_0.id,
        sp1_0.code,
        sp1_0.component,
        sp1_0.created_at,
        sp1_0.created_by,
        sp1_0.icon,
        sp1_0.is_public,
        sp1_0.name,
        sp1_0.parent_id,
        sp1_0.path,
        sp1_0.sort_order,
        sp1_0.status,
        sp1_0.type,
        sp1_0.updated_at,
        sp1_0.updated_by 
    from
        sys_permission sp1_0 
    where
        sp1_0.id=?
Hibernate: 
    select
        sp1_0.id,
        sp1_0.code,
        sp1_0.component,
        sp1_0.created_at,
        sp1_0.created_by,
        sp1_0.icon,
        sp1_0.is_public,
        sp1_0.name,
        sp1_0.parent_id,
        sp1_0.path,
        sp1_0.sort_order,
        sp1_0.status,
        sp1_0.type,
        sp1_0.updated_at,
        sp1_0.updated_by 
    from
        sys_permission sp1_0 
    where
        sp1_0.id=?
Hibernate: 
    select
        sp1_0.id,
        sp1_0.code,
        sp1_0.component,
        sp1_0.created_at,
        sp1_0.created_by,
        sp1_0.icon,
        sp1_0.is_public,
        sp1_0.name,
        sp1_0.parent_id,
        sp1_0.path,
        sp1_0.sort_order,
        sp1_0.status,
        sp1_0.type,
        sp1_0.updated_at,
        sp1_0.updated_by 
    from
        sys_permission sp1_0 
    where
        sp1_0.id=?
Hibernate: 
    select
        sp1_0.id,
        sp1_0.code,
        sp1_0.component,
        sp1_0.created_at,
        sp1_0.created_by,
        sp1_0.icon,
        sp1_0.is_public,
        sp1_0.name,
        sp1_0.parent_id,
        sp1_0.path,
        sp1_0.sort_order,
        sp1_0.status,
        sp1_0.type,
        sp1_0.updated_at,
        sp1_0.updated_by 
    from
        sys_permission sp1_0 
    where
        sp1_0.id=?
Hibernate: 
    select
        sp1_0.id,
        sp1_0.code,
        sp1_0.component,
        sp1_0.created_at,
        sp1_0.created_by,
        sp1_0.icon,
        sp1_0.is_public,
        sp1_0.name,
        sp1_0.parent_id,
        sp1_0.path,
        sp1_0.sort_order,
        sp1_0.status,
        sp1_0.type,
        sp1_0.updated_at,
        sp1_0.updated_by 
    from
        sys_permission sp1_0 
    where
        sp1_0.id=?
Hibernate: 
    select
        sp1_0.id,
        sp1_0.code,
        sp1_0.component,
        sp1_0.created_at,
        sp1_0.created_by,
        sp1_0.icon,
        sp1_0.is_public,
        sp1_0.name,
        sp1_0.parent_id,
        sp1_0.path,
        sp1_0.sort_order,
        sp1_0.status,
        sp1_0.type,
        sp1_0.updated_at,
        sp1_0.updated_by 
    from
        sys_permission sp1_0 
    where
        sp1_0.id=?
Hibernate: 
    select
        sp1_0.id,
        sp1_0.code,
        sp1_0.component,
        sp1_0.created_at,
        sp1_0.created_by,
        sp1_0.icon,
        sp1_0.is_public,
        sp1_0.name,
        sp1_0.parent_id,
        sp1_0.path,
        sp1_0.sort_order,
        sp1_0.status,
        sp1_0.type,
        sp1_0.updated_at,
        sp1_0.updated_by 
    from
        sys_permission sp1_0 
    where
        sp1_0.id=?
Hibernate: 
    select
        sp1_0.id,
        sp1_0.code,
        sp1_0.component,
        sp1_0.created_at,
        sp1_0.created_by,
        sp1_0.icon,
        sp1_0.is_public,
        sp1_0.name,
        sp1_0.parent_id,
        sp1_0.path,
        sp1_0.sort_order,
        sp1_0.status,
        sp1_0.type,
        sp1_0.updated_at,
        sp1_0.updated_by 
    from
        sys_permission sp1_0 
    where
        sp1_0.id=?
Hibernate: 
    select
        sp1_0.id,
        sp1_0.code,
        sp1_0.component,
        sp1_0.created_at,
        sp1_0.created_by,
        sp1_0.icon,
        sp1_0.is_public,
        sp1_0.name,
        sp1_0.parent_id,
        sp1_0.path,
        sp1_0.sort_order,
        sp1_0.status,
        sp1_0.type,
        sp1_0.updated_at,
        sp1_0.updated_by 
    from
        sys_permission sp1_0 
    where
        sp1_0.id=?
Hibernate: 
    select
        sp1_0.id,
        sp1_0.code,
        sp1_0.component,
        sp1_0.created_at,
        sp1_0.created_by,
        sp1_0.icon,
        sp1_0.is_public,
        sp1_0.name,
        sp1_0.parent_id,
        sp1_0.path,
        sp1_0.sort_order,
        sp1_0.status,
        sp1_0.type,
        sp1_0.updated_at,
        sp1_0.updated_by 
    from
        sys_permission sp1_0 
    where
        sp1_0.id=?
Hibernate: 
    select
        sp1_0.id,
        sp1_0.code,
        sp1_0.component,
        sp1_0.created_at,
        sp1_0.created_by,
        sp1_0.icon,
        sp1_0.is_public,
        sp1_0.name,
        sp1_0.parent_id,
        sp1_0.path,
        sp1_0.sort_order,
        sp1_0.status,
        sp1_0.type,
        sp1_0.updated_at,
        sp1_0.updated_by 
    from
        sys_permission sp1_0 
    where
        sp1_0.id=?
Hibernate: 
    select
        sp1_0.id,
        sp1_0.code,
        sp1_0.component,
        sp1_0.created_at,
        sp1_0.created_by,
        sp1_0.icon,
        sp1_0.is_public,
        sp1_0.name,
        sp1_0.parent_id,
        sp1_0.path,
        sp1_0.sort_order,
        sp1_0.status,
        sp1_0.type,
        sp1_0.updated_at,
        sp1_0.updated_by 
    from
        sys_permission sp1_0 
    where
        sp1_0.id=?
Hibernate: 
    select
        sp1_0.id,
        sp1_0.code,
        sp1_0.component,
        sp1_0.created_at,
        sp1_0.created_by,
        sp1_0.icon,
        sp1_0.is_public,
        sp1_0.name,
        sp1_0.parent_id,
        sp1_0.path,
        sp1_0.sort_order,
        sp1_0.status,
        sp1_0.type,
        sp1_0.updated_at,
        sp1_0.updated_by 
    from
        sys_permission sp1_0 
    where
        sp1_0.id=?
Hibernate: 
    select
        sp1_0.id,
        sp1_0.code,
        sp1_0.component,
        sp1_0.created_at,
        sp1_0.created_by,
        sp1_0.icon,
        sp1_0.is_public,
        sp1_0.name,
        sp1_0.parent_id,
        sp1_0.path,
        sp1_0.sort_order,
        sp1_0.status,
        sp1_0.type,
        sp1_0.updated_at,
        sp1_0.updated_by 
    from
        sys_permission sp1_0 
    where
        sp1_0.id=?
Hibernate: 
    select
        sp1_0.id,
        sp1_0.code,
        sp1_0.component,
        sp1_0.created_at,
        sp1_0.created_by,
        sp1_0.icon,
        sp1_0.is_public,
        sp1_0.name,
        sp1_0.parent_id,
        sp1_0.path,
        sp1_0.sort_order,
        sp1_0.status,
        sp1_0.type,
        sp1_0.updated_at,
        sp1_0.updated_by 
    from
        sys_permission sp1_0 
    where
        sp1_0.id=?
Hibernate: 
    insert 
    into
        sys_role_permission
        (role_id, permission_id) 
    values
        (?, ?)
Hibernate: 
    insert 
    into
        sys_role_permission
        (role_id, permission_id) 
    values
        (?, ?)
Hibernate: 
    insert 
    into
        sys_role_permission
        (role_id, permission_id) 
    values
        (?, ?)
Hibernate: 
    insert 
    into
        sys_role_permission
        (role_id, permission_id) 
    values
        (?, ?)
Hibernate: 
    insert 
    into
        sys_role_permission
        (role_id, permission_id) 
    values
        (?, ?)
Hibernate: 
    insert 
    into
        sys_role_permission
        (role_id, permission_id) 
    values
        (?, ?)
Hibernate: 
    insert 
    into
        sys_role_permission
        (role_id, permission_id) 
    values
        (?, ?)
Hibernate: 
    insert 
    into
        sys_role_permission
        (role_id, permission_id) 
    values
        (?, ?)
Hibernate: 
    insert 
    into
        sys_role_permission
        (role_id, permission_id) 
    values
        (?, ?)
Hibernate: 
    insert 
    into
        sys_role_permission
        (role_id, permission_id) 
    values
        (?, ?)
Hibernate: 
    insert 
    into
        sys_role_permission
        (role_id, permission_id) 
    values
        (?, ?)
Hibernate: 
    insert 
    into
        sys_role_permission
        (role_id, permission_id) 
    values
        (?, ?)
Hibernate: 
    insert 
    into
        sys_role_permission
        (role_id, permission_id) 
    values
        (?, ?)
Hibernate: 
    insert 
    into
        sys_role_permission
        (role_id, permission_id) 
    values
        (?, ?)
Hibernate: 
    insert 
    into
        sys_role_permission
        (role_id, permission_id) 
    values
        (?, ?)
Hibernate: 
    insert 
    into
        sys_role_permission
        (role_id, permission_id) 
    values
        (?, ?)
Hibernate: 
    insert 
    into
        sys_role_permission
        (role_id, permission_id) 
    values
        (?, ?)
Hibernate: 
    insert 
    into
        sys_role_permission
        (role_id, permission_id) 
    values
        (?, ?)
Hibernate: 
    insert 
    into
        sys_role_permission
        (role_id, permission_id) 
    values
        (?, ?)
Hibernate: 
    insert 
    into
        sys_role_permission
        (role_id, permission_id) 
    values
        (?, ?)
Hibernate: 
    insert 
    into
        sys_role_permission
        (role_id, permission_id) 
    values
        (?, ?)
Hibernate: 
    insert 
    into
        sys_role_permission
        (role_id, permission_id) 
    values
        (?, ?)
Hibernate: 
    insert 
    into
        sys_role_permission
        (role_id, permission_id) 
    values
        (?, ?)
Hibernate: 
    insert 
    into
        sys_role_permission
        (role_id, permission_id) 
    values
        (?, ?)
Hibernate: 
    insert 
    into
        sys_role_permission
        (role_id, permission_id) 
    values
        (?, ?)
Hibernate: 
    insert 
    into
        sys_role_permission
        (role_id, permission_id) 
    values
        (?, ?)
Hibernate: 
    insert 
    into
        sys_role_permission
        (role_id, permission_id) 
    values
        (?, ?)
Hibernate: 
    insert 
    into
        sys_role_permission
        (role_id, permission_id) 
    values
        (?, ?)
Hibernate: 
    insert 
    into
        sys_role_permission
        (role_id, permission_id) 
    values
        (?, ?)
Hibernate: 
    insert 
    into
        sys_role_permission
        (role_id, permission_id) 
    values
        (?, ?)
Hibernate: 
    insert 
    into
        sys_role_permission
        (role_id, permission_id) 
    values
        (?, ?)
Hibernate: 
    insert 
    into
        sys_role_permission
        (role_id, permission_id) 
    values
        (?, ?)
Hibernate: 
    insert 
    into
        sys_role_permission
        (role_id, permission_id) 
    values
        (?, ?)
Hibernate: 
    insert 
    into
        sys_role_permission
        (role_id, permission_id) 
    values
        (?, ?)
Hibernate: 
    insert 
    into
        sys_role_permission
        (role_id, permission_id) 
    values
        (?, ?)
Hibernate: 
    insert 
    into
        sys_role_permission
        (role_id, permission_id) 
    values
        (?, ?)
Hibernate: 
    insert 
    into
        sys_role_permission
        (role_id, permission_id) 
    values
        (?, ?)
Hibernate: 
    insert 
    into
        sys_role_permission
        (role_id, permission_id) 
    values
        (?, ?)
Hibernate: 
    insert 
    into
        sys_role_permission
        (role_id, permission_id) 
    values
        (?, ?)
2026-04-14T01:08:06.729+08:00  INFO 53492 --- [linglo-platform] [           main] c.ipd.platform.config.DataInitializer    : 为管理员分配所有权限
Hibernate: 
    select
        su1_0.id 
    from
        sys_user su1_0 
    where
        su1_0.username=? 
    fetch
        first ? rows only
Hibernate: 
    select
        sr1_0.id,
        sr1_0.created_at,
        sr1_0.created_by,
        sr1_0.description,
        sr1_0.role_code,
        sr1_0.role_name,
        sr1_0.sort_order,
        sr1_0.status,
        sr1_0.updated_at,
        sr1_0.updated_by 
    from
        sys_role sr1_0 
    where
        sr1_0.role_code=?
Hibernate: 
    select
        p1_0.role_id,
        p1_1.id,
        p1_1.code,
        p1_1.component,
        p1_1.created_at,
        p1_1.created_by,
        p1_1.icon,
        p1_1.is_public,
        p1_1.name,
        p1_1.parent_id,
        p1_1.path,
        p1_1.sort_order,
        p1_1.status,
        p1_1.type,
        p1_1.updated_at,
        p1_1.updated_by 
    from
        sys_role_permission p1_0 
    join
        sys_permission p1_1 
            on p1_1.id=p1_0.permission_id 
    where
        p1_0.role_id=?
Hibernate: 
    insert 
    into
        sys_user
        (avatar, created_at, created_by, email, gender, last_login_ip, last_login_time, nickname, password, phone, status, updated_at, updated_by, user_type, username) 
    values
        (?, ?, ?, ?, ?, ?, ?, ?, ?, ?, ?, ?, ?, ?, ?)
Hibernate: 
    insert 
    into
        sys_user_role
        (user_id, role_id) 
    values
        (?, ?)
2026-04-14T01:08:06.801+08:00  INFO 53492 --- [linglo-platform] [           main] c.ipd.platform.config.DataInitializer    : 创建超级管理员: admin / admin123
2026-04-14T01:08:06.801+08:00  INFO 53492 --- [linglo-platform] [           main] c.ipd.platform.config.DataInitializer    : 数据初始化完成
]]></system-out>
  </testcase>
</testsuite>