<?xml version="1.0" encoding="UTF-8"?>
<testsuite xmlns:xsi="http://www.w3.org/2001/XMLSchema-instance" xsi:noNamespaceSchemaLocation="https://maven.apache.org/surefire/maven-surefire-plugin/xsd/surefire-test-report-3.0.xsd" version="3.0" name="com.ipd.platform.concurrent.ConcurrentWorkloadTest" time="12.873" tests="1" errors="0" skipped="0" failures="1">
  <properties>
[...]
</properties>
  <testcase name="testConcurrentWorkload" classname="com.ipd.platform.concurrent.ConcurrentWorkloadTest" time="5.381">
    <failure message="Status expected:&lt;200&gt; but was:&lt;400&gt;" type="java.lang.AssertionError"><![CDATA[java.lang.AssertionError: Status expected:<200> but was:<400>
	at org.springframework.test.util.AssertionErrors.fail(AssertionErrors.java:59)
	at org.springframework.test.util.AssertionErrors.assertEquals(AssertionErrors.java:122)
	at org.springframework.test.web.servlet.result.StatusResultMatchers.lambda$matcher$9(StatusResultMatchers.java:637)
	at org.springframework.test.web.servlet.MockMvc$1.andExpect(MockMvc.java:214)
	at com.ipd.platform.concurrent.ConcurrentWorkloadTest.regLogin(ConcurrentWorkloadTest.java:165)
	at com.ipd.platform.concurrent.ConcurrentWorkloadTest.createUsers(ConcurrentWorkloadTest.java:141)
	at com.ipd.platform.concurrent.ConcurrentWorkloadTest.testConcurrentWorkload(ConcurrentWorkloadTest.java:87)
	at java.base/java.lang.reflect.Method.invoke(Method.java:569)
	at java.base/java.util.ArrayList.forEach(ArrayList.java:1511)
	at java.base/java.util.ArrayList.forEach(ArrayList.java:1511)
]]></failure>
    <system-out><![CDATA[01:07:43.857 [main] INFO org.springframework.test.context.support.AnnotationConfigContextLoaderUtils -- Could not detect default configuration classes for test class [com.ipd.platform.concurrent.ConcurrentWorkloadTest]: ConcurrentWorkloadTest does not declare any static, non-private, non-final, nested classes annotated with @Configuration.
01:07:43.954 [main] INFO org.springframework.boot.test.context.SpringBootTestContextBootstrapper -- Found @SpringBootConfiguration com.ipd.platform.IpDPlatformApplication for test class com.ipd.platform.concurrent.ConcurrentWorkloadTest

  .   ____          _            __ _ _
 /\\ / ___'_ __ _ _(_)_ __  __ _ \ \ \ \
( ( )\___ | '_ | '_| | '_ \/ _` | \ \ \ \
 \\/  ___)| |_)| | | | | || (_| |  ) ) ) )
  '  |____| .__|_| |_|_| |_\__, | / / / /
 =========|_|==============|___/=/_/_/_/
 :: Spring Boot ::                (v3.2.0)

2026-04-14T01:07:44.322+08:00  INFO 53492 --- [linglo-platform] [           main] c.i.p.concurrent.ConcurrentWorkloadTest  : Starting ConcurrentWorkloadTest using Java 17.0.17 with PID 53492 (started by 阳阳 in D:\xuexiaojun\QClawWorkspace\IPD-ProjectPlatform\src\backend)
2026-04-14T01:07:44.323+08:00 DEBUG 53492 --- [linglo-platform] [           main] c.i.p.concurrent.ConcurrentWorkloadTest  : Running with Spring Boot v3.2.0, Spring v6.1.1
2026-04-14T01:07:44.323+08:00  INFO 53492 --- [linglo-platform] [           main] c.i.p.concurrent.ConcurrentWorkloadTest  : The following 1 profile is active: "test"
2026-04-14T01:07:45.422+08:00  WARN 53492 --- [linglo-platform] [           main] o.m.s.mapper.ClassPathMapperScanner      : No MyBatis mapper was found in '[com.ipd.platform]' package. Please check your configuration.
2026-04-14T01:07:46.431+08:00  WARN 53492 --- [linglo-platform] [           main] org.hibernate.orm.deprecation            : HHH90000025: H2Dialect does not need to be specified explicitly using 'hibernate.dialect' (remove the property setting and it will be selected by default)
2026-04-14T01:07:49.257+08:00  WARN 53492 --- [linglo-platform] [           main] JpaBaseConfiguration$JpaWebConfiguration : spring.jpa.open-in-view is enabled by default. Therefore, database queries may be performed during view rendering. Explicitly configure spring.jpa.open-in-view to disable this warning
2026-04-14T01:07:49.561+08:00  INFO 53492 --- [linglo-platform] [           main] o.s.s.web.DefaultSecurityFilterChain     : Will secure any request with [org.springframework.security.web.session.DisableEncodeUrlFilter@56510bb2, org.springframework.security.web.context.request.async.WebAsyncManagerIntegrationFilter@58e22835, org.springframework.security.web.context.SecurityContextHolderFilter@4086022, org.springframework.security.web.header.HeaderWriterFilter@7a8a8e73, org.springframework.web.filter.CorsFilter@7647d789, org.springframework.security.web.authentication.logout.LogoutFilter@19a13874, com.ipd.platform.security.JwtAuthenticationFilter@6f67291f, org.springframework.security.web.savedrequest.RequestCacheAwareFilter@7679a54b, org.springframework.security.web.servletapi.SecurityContextHolderAwareRequestFilter@77fdbe42, org.springframework.security.web.authentication.AnonymousAuthenticationFilter@685d620a, org.springframework.security.web.session.SessionManagementFilter@21ed2052, org.springframework.security.web.access.ExceptionTranslationFilter@57e940ed, org.springframework.security.web.access.intercept.AuthorizationFilter@745f4c49]
 _ _   |_  _ _|_. ___ _ |    _ 
| | |\/|_)(_| | |_\  |_)||_|_\ 
     /               |         
                        3.5.5 
2026-04-14T01:07:50.518+08:00 DEBUG 53492 --- [linglo-platform] [           main] c.i.p.security.JwtAuthenticationFilter   : Filter 'jwtAuthenticationFilter' configured for use
2026-04-14T01:07:50.547+08:00  INFO 53492 --- [linglo-platform] [           main] c.i.p.concurrent.ConcurrentWorkloadTest  : Started ConcurrentWorkloadTest in 6.489 seconds (process running for 7.337)
2026-04-14T01:07:50.823+08:00  INFO 53492 --- [linglo-platform] [           main] c.ipd.platform.config.DataInitializer    : 创建角色: 超级管理员
2026-04-14T01:07:50.827+08:00  INFO 53492 --- [linglo-platform] [           main] c.ipd.platform.config.DataInitializer    : 创建角色: 产品经理
2026-04-14T01:07:50.830+08:00  INFO 53492 --- [linglo-platform] [           main] c.ipd.platform.config.DataInitializer    : 创建角色: 项目经理
2026-04-14T01:07:50.834+08:00  INFO 53492 --- [linglo-platform] [           main] c.ipd.platform.config.DataInitializer    : 创建角色: 开发负责人
2026-04-14T01:07:50.837+08:00  INFO 53492 --- [linglo-platform] [           main] c.ipd.platform.config.DataInitializer    : 创建角色: 开发者
2026-04-14T01:07:50.838+08:00  INFO 53492 --- [linglo-platform] [           main] c.ipd.platform.config.DataInitializer    : 创建角色: 测试经理
2026-04-14T01:07:50.842+08:00  INFO 53492 --- [linglo-platform] [           main] c.ipd.platform.config.DataInitializer    : 创建角色: 测试人员
2026-04-14T01:07:50.845+08:00  INFO 53492 --- [linglo-platform] [           main] c.ipd.platform.config.DataInitializer    : 创建角色: 运维人员
2026-04-14T01:07:50.848+08:00  INFO 53492 --- [linglo-platform] [           main] c.ipd.platform.config.DataInitializer    : 创建角色: 高层管理
2026-04-14T01:07:50.852+08:00  INFO 53492 --- [linglo-platform] [           main] c.ipd.platform.config.DataInitializer    : 创建角色: 访客
2026-04-14T01:07:50.874+08:00  INFO 53492 --- [linglo-platform] [           main] c.ipd.platform.config.DataInitializer    : 创建权限: 用户管理
2026-04-14T01:07:50.877+08:00  INFO 53492 --- [linglo-platform] [           main] c.ipd.platform.config.DataInitializer    : 创建权限: 角色管理
2026-04-14T01:07:50.881+08:00  INFO 53492 --- [linglo-platform] [           main] c.ipd.platform.config.DataInitializer    : 创建权限: 权限管理
2026-04-14T01:07:50.885+08:00  INFO 53492 --- [linglo-platform] [           main] c.ipd.platform.config.DataInitializer    : 创建权限: 系统配置
2026-04-14T01:07:50.889+08:00  INFO 53492 --- [linglo-platform] [           main] c.ipd.platform.config.DataInitializer    : 创建权限: 产品列表
2026-04-14T01:07:50.894+08:00  INFO 53492 --- [linglo-platform] [           main] c.ipd.platform.config.DataInitializer    : 创建权限: 创建产品
2026-04-14T01:07:50.897+08:00  INFO 53492 --- [linglo-platform] [           main] c.ipd.platform.config.DataInitializer    : 创建权限: 编辑产品
2026-04-14T01:07:50.900+08:00  INFO 53492 --- [linglo-platform] [           main] c.ipd.platform.config.DataInitializer    : 创建权限: 删除产品
2026-04-14T01:07:50.903+08:00  INFO 53492 --- [linglo-platform] [           main] c.ipd.platform.config.DataInitializer    : 创建权限: 需求列表
2026-04-14T01:07:50.906+08:00  INFO 53492 --- [linglo-platform] [           main] c.ipd.platform.config.DataInitializer    : 创建权限: 创建需求
2026-04-14T01:07:50.909+08:00  INFO 53492 --- [linglo-platform] [           main] c.ipd.platform.config.DataInitializer    : 创建权限: 编辑需求
2026-04-14T01:07:50.912+08:00  INFO 53492 --- [linglo-platform] [           main] c.ipd.platform.config.DataInitializer    : 创建权限: 删除需求
2026-04-14T01:07:50.915+08:00  INFO 53492 --- [linglo-platform] [           main] c.ipd.platform.config.DataInitializer    : 创建权限: 分配需求
2026-04-14T01:07:50.917+08:00  INFO 53492 --- [linglo-platform] [           main] c.ipd.platform.config.DataInitializer    : 创建权限: 项目列表
2026-04-14T01:07:50.920+08:00  INFO 53492 --- [linglo-platform] [           main] c.ipd.platform.config.DataInitializer    : 创建权限: 创建项目
2026-04-14T01:07:50.925+08:00  INFO 53492 --- [linglo-platform] [           main] c.ipd.platform.config.DataInitializer    : 创建权限: 编辑项目
2026-04-14T01:07:50.928+08:00  INFO 53492 --- [linglo-platform] [           main] c.ipd.platform.config.DataInitializer    : 创建权限: 删除项目
2026-04-14T01:07:50.930+08:00  INFO 53492 --- [linglo-platform] [           main] c.ipd.platform.config.DataInitializer    : 创建权限: 查看项目
2026-04-14T01:07:50.933+08:00  INFO 53492 --- [linglo-platform] [           main] c.ipd.platform.config.DataInitializer    : 创建权限: 任务列表
2026-04-14T01:07:50.935+08:00  INFO 53492 --- [linglo-platform] [           main] c.ipd.platform.config.DataInitializer    : 创建权限: 创建任务
2026-04-14T01:07:50.937+08:00  INFO 53492 --- [linglo-platform] [           main] c.ipd.platform.config.DataInitializer    : 创建权限: 编辑任务
2026-04-14T01:07:50.941+08:00  INFO 53492 --- [linglo-platform] [           main] c.ipd.platform.config.DataInitializer    : 创建权限: 删除任务
2026-04-14T01:07:50.943+08:00  INFO 53492 --- [linglo-platform] [           main] c.ipd.platform.config.DataInitializer    : 创建权限: 分配任务
2026-04-14T01:07:50.946+08:00  INFO 53492 --- [linglo-platform] [           main] c.ipd.platform.config.DataInitializer    : 创建权限: 更新状态
2026-04-14T01:07:50.950+08:00  INFO 53492 --- [linglo-platform] [           main] c.ipd.platform.config.DataInitializer    : 创建权限: 评审列表
2026-04-14T01:07:50.954+08:00  INFO 53492 --- [linglo-platform] [           main] c.ipd.platform.config.DataInitializer    : 创建权限: 创建评审
2026-04-14T01:07:50.959+08:00  INFO 53492 --- [linglo-platform] [           main] c.ipd.platform.config.DataInitializer    : 创建权限: 编辑评审
2026-04-14T01:07:50.964+08:00  INFO 53492 --- [linglo-platform] [           main] c.ipd.platform.config.DataInitializer    : 创建权限: 评审投票
2026-04-14T01:07:50.968+08:00  INFO 53492 --- [linglo-platform] [           main] c.ipd.platform.config.DataInitializer    : 创建权限: 评审决策
2026-04-14T01:07:50.972+08:00  INFO 53492 --- [linglo-platform] [           main] c.ipd.platform.config.DataInitializer    : 创建权限: 测试列表
2026-04-14T01:07:50.976+08:00  INFO 53492 --- [linglo-platform] [           main] c.ipd.platform.config.DataInitializer    : 创建权限: 创建测试
2026-04-14T01:07:50.979+08:00  INFO 53492 --- [linglo-platform] [           main] c.ipd.platform.config.DataInitializer    : 创建权限: 编辑测试
2026-04-14T01:07:50.983+08:00  INFO 53492 --- [linglo-platform] [           main] c.ipd.platform.config.DataInitializer    : 创建权限: 执行测试
2026-04-14T01:07:50.985+08:00  INFO 53492 --- [linglo-platform] [           main] c.ipd.platform.config.DataInitializer    : 创建权限: 文档列表
2026-04-14T01:07:50.988+08:00  INFO 53492 --- [linglo-platform] [           main] c.ipd.platform.config.DataInitializer    : 创建权限: 创建文档
2026-04-14T01:07:50.991+08:00  INFO 53492 --- [linglo-platform] [           main] c.ipd.platform.config.DataInitializer    : 创建权限: 编辑文档
2026-04-14T01:07:50.994+08:00  INFO 53492 --- [linglo-platform] [           main] c.ipd.platform.config.DataInitializer    : 创建权限: 删除文档
2026-04-14T01:07:50.996+08:00  INFO 53492 --- [linglo-platform] [           main] c.ipd.platform.config.DataInitializer    : 创建权限: 查看报表
2026-04-14T01:07:50.999+08:00  INFO 53492 --- [linglo-platform] [           main] c.ipd.platform.config.DataInitializer    : 创建权限: 导出报表
2026-04-14T01:07:51.072+08:00  INFO 53492 --- [linglo-platform] [           main] c.ipd.platform.config.DataInitializer    : 为管理员分配所有权限
2026-04-14T01:07:51.178+08:00  INFO 53492 --- [linglo-platform] [           main] c.ipd.platform.config.DataInitializer    : 创建超级管理员: admin / admin123
2026-04-14T01:07:51.178+08:00  INFO 53492 --- [linglo-platform] [           main] c.ipd.platform.config.DataInitializer    : 数据初始化完成

================================ BEGIN CONCURRENT TEST =================================
=== PHASE 1: Create users ===
2026-04-14T01:07:51.881+08:00 DEBUG 53492 --- [linglo-platform] [           main] o.s.security.web.FilterChainProxy        : Securing POST /auth/register
2026-04-14T01:07:51.891+08:00 DEBUG 53492 --- [linglo-platform] [           main] o.s.s.w.a.AnonymousAuthenticationFilter  : Set SecurityContextHolder to anonymous SecurityContext
2026-04-14T01:07:51.894+08:00 DEBUG 53492 --- [linglo-platform] [           main] o.s.security.web.FilterChainProxy        : Secured POST /auth/register
2026-04-14T01:07:52.106+08:00  INFO 53492 --- [linglo-platform] [           main] com.ipd.platform.service.AuthService     : 新用户 ct_admin 注册成功
2026-04-14T01:07:52.173+08:00 DEBUG 53492 --- [linglo-platform] [           main] o.s.security.web.FilterChainProxy        : Securing POST /auth/login
2026-04-14T01:07:52.173+08:00 DEBUG 53492 --- [linglo-platform] [           main] o.s.s.w.a.AnonymousAuthenticationFilter  : Set SecurityContextHolder to anonymous SecurityContext
2026-04-14T01:07:52.173+08:00 DEBUG 53492 --- [linglo-platform] [           main] o.s.security.web.FilterChainProxy        : Secured POST /auth/login
2026-04-14T01:07:52.297+08:00 DEBUG 53492 --- [linglo-platform] [           main] o.s.s.a.dao.DaoAuthenticationProvider    : Authenticated user
2026-04-14T01:07:52.352+08:00  INFO 53492 --- [linglo-platform] [           main] com.ipd.platform.service.AuthService     : 用户 ct_admin 登录成功
2026-04-14T01:07:52.363+08:00 DEBUG 53492 --- [linglo-platform] [           main] o.s.security.web.FilterChainProxy        : Securing POST /auth/register
2026-04-14T01:07:52.363+08:00 DEBUG 53492 --- [linglo-platform] [           main] o.s.s.w.a.AnonymousAuthenticationFilter  : Set SecurityContextHolder to anonymous SecurityContext
2026-04-14T01:07:52.363+08:00 DEBUG 53492 --- [linglo-platform] [           main] o.s.security.web.FilterChainProxy        : Secured POST /auth/register
2026-04-14T01:07:52.423+08:00  INFO 53492 --- [linglo-platform] [           main] com.ipd.platform.service.AuthService     : 新用户 ct_pm 注册成功
2026-04-14T01:07:52.429+08:00 DEBUG 53492 --- [linglo-platform] [           main] o.s.security.web.FilterChainProxy        : Securing POST /auth/login
2026-04-14T01:07:52.429+08:00 DEBUG 53492 --- [linglo-platform] [           main] o.s.s.w.a.AnonymousAuthenticationFilter  : Set SecurityContextHolder to anonymous SecurityContext
2026-04-14T01:07:52.429+08:00 DEBUG 53492 --- [linglo-platform] [           main] o.s.security.web.FilterChainProxy        : Secured POST /auth/login
2026-04-14T01:07:52.487+08:00 DEBUG 53492 --- [linglo-platform] [           main] o.s.s.a.dao.DaoAuthenticationProvider    : Authenticated user
2026-04-14T01:07:52.489+08:00  INFO 53492 --- [linglo-platform] [           main] com.ipd.platform.service.AuthService     : 用户 ct_pm 登录成功
2026-04-14T01:07:52.491+08:00 DEBUG 53492 --- [linglo-platform] [           main] o.s.security.web.FilterChainProxy        : Securing POST /auth/register
2026-04-14T01:07:52.491+08:00 DEBUG 53492 --- [linglo-platform] [           main] o.s.s.w.a.AnonymousAuthenticationFilter  : Set SecurityContextHolder to anonymous SecurityContext
2026-04-14T01:07:52.491+08:00 DEBUG 53492 --- [linglo-platform] [           main] o.s.security.web.FilterChainProxy        : Secured POST /auth/register
2026-04-14T01:07:52.551+08:00  INFO 53492 --- [linglo-platform] [           main] com.ipd.platform.service.AuthService     : 新用户 ct_dev_01 注册成功
2026-04-14T01:07:52.558+08:00 DEBUG 53492 --- [linglo-platform] [           main] o.s.security.web.FilterChainProxy        : Securing POST /auth/login
2026-04-14T01:07:52.558+08:00 DEBUG 53492 --- [linglo-platform] [           main] o.s.s.w.a.AnonymousAuthenticationFilter  : Set SecurityContextHolder to anonymous SecurityContext
2026-04-14T01:07:52.558+08:00 DEBUG 53492 --- [linglo-platform] [           main] o.s.security.web.FilterChainProxy        : Secured POST /auth/login
2026-04-14T01:07:52.615+08:00 DEBUG 53492 --- [linglo-platform] [           main] o.s.s.a.dao.DaoAuthenticationProvider    : Authenticated user
2026-04-14T01:07:52.619+08:00  INFO 53492 --- [linglo-platform] [           main] com.ipd.platform.service.AuthService     : 用户 ct_dev_01 登录成功
2026-04-14T01:07:52.620+08:00 DEBUG 53492 --- [linglo-platform] [           main] o.s.security.web.FilterChainProxy        : Securing POST /auth/register
2026-04-14T01:07:52.620+08:00 DEBUG 53492 --- [linglo-platform] [           main] o.s.s.w.a.AnonymousAuthenticationFilter  : Set SecurityContextHolder to anonymous SecurityContext
2026-04-14T01:07:52.620+08:00 DEBUG 53492 --- [linglo-platform] [           main] o.s.security.web.FilterChainProxy        : Secured POST /auth/register
2026-04-14T01:07:52.687+08:00  INFO 53492 --- [linglo-platform] [           main] com.ipd.platform.service.AuthService     : 新用户 ct_dev_02 注册成功
2026-04-14T01:07:52.693+08:00 DEBUG 53492 --- [linglo-platform] [           main] o.s.security.web.FilterChainProxy        : Securing POST /auth/login
2026-04-14T01:07:52.693+08:00 DEBUG 53492 --- [linglo-platform] [           main] o.s.s.w.a.AnonymousAuthenticationFilter  : Set SecurityContextHolder to anonymous SecurityContext
2026-04-14T01:07:52.693+08:00 DEBUG 53492 --- [linglo-platform] [           main] o.s.security.web.FilterChainProxy        : Secured POST /auth/login
2026-04-14T01:07:52.757+08:00 DEBUG 53492 --- [linglo-platform] [           main] o.s.s.a.dao.DaoAuthenticationProvider    : Authenticated user
2026-04-14T01:07:52.761+08:00  INFO 53492 --- [linglo-platform] [           main] com.ipd.platform.service.AuthService     : 用户 ct_dev_02 登录成功
2026-04-14T01:07:52.765+08:00 DEBUG 53492 --- [linglo-platform] [           main] o.s.security.web.FilterChainProxy        : Securing POST /auth/register
2026-04-14T01:07:52.765+08:00 DEBUG 53492 --- [linglo-platform] [           main] o.s.s.w.a.AnonymousAuthenticationFilter  : Set SecurityContextHolder to anonymous SecurityContext
2026-04-14T01:07:52.765+08:00 DEBUG 53492 --- [linglo-platform] [           main] o.s.security.web.FilterChainProxy        : Secured POST /auth/register
2026-04-14T01:07:52.832+08:00  INFO 53492 --- [linglo-platform] [           main] com.ipd.platform.service.AuthService     : 新用户 ct_dev_03 注册成功
2026-04-14T01:07:52.839+08:00 DEBUG 53492 --- [linglo-platform] [           main] o.s.security.web.FilterChainProxy        : Securing POST /auth/login
2026-04-14T01:07:52.839+08:00 DEBUG 53492 --- [linglo-platform] [           main] o.s.s.w.a.AnonymousAuthenticationFilter  : Set SecurityContextHolder to anonymous SecurityContext
2026-04-14T01:07:52.839+08:00 DEBUG 53492 --- [linglo-platform] [           main] o.s.security.web.FilterChainProxy        : Secured POST /auth/login
2026-04-14T01:07:52.895+08:00 DEBUG 53492 --- [linglo-platform] [           main] o.s.s.a.dao.DaoAuthenticationProvider    : Authenticated user
2026-04-14T01:07:52.897+08:00  INFO 53492 --- [linglo-platform] [           main] com.ipd.platform.service.AuthService     : 用户 ct_dev_03 登录成功
2026-04-14T01:07:52.900+08:00 DEBUG 53492 --- [linglo-platform] [           main] o.s.security.web.FilterChainProxy        : Securing POST /auth/register
2026-04-14T01:07:52.900+08:00 DEBUG 53492 --- [linglo-platform] [           main] o.s.s.w.a.AnonymousAuthenticationFilter  : Set SecurityContextHolder to anonymous SecurityContext
2026-04-14T01:07:52.901+08:00 DEBUG 53492 --- [linglo-platform] [           main] o.s.security.web.FilterChainProxy        : Secured POST /auth/register
2026-04-14T01:07:52.961+08:00  INFO 53492 --- [linglo-platform] [           main] com.ipd.platform.service.AuthService     : 新用户 ct_dev_04 注册成功
2026-04-14T01:07:52.970+08:00 DEBUG 53492 --- [linglo-platform] [           main] o.s.security.web.FilterChainProxy        : Securing POST /auth/login
2026-04-14T01:07:52.971+08:00 DEBUG 53492 --- [linglo-platform] [           main] o.s.s.w.a.AnonymousAuthenticationFilter  : Set SecurityContextHolder to anonymous SecurityContext
2026-04-14T01:07:52.971+08:00 DEBUG 53492 --- [linglo-platform] [           main] o.s.security.web.FilterChainProxy        : Secured POST /auth/login
2026-04-14T01:07:53.034+08:00 DEBUG 53492 --- [linglo-platform] [           main] o.s.s.a.dao.DaoAuthenticationProvider    : Authenticated user
2026-04-14T01:07:53.037+08:00  INFO 53492 --- [linglo-platform] [           main] com.ipd.platform.service.AuthService     : 用户 ct_dev_04 登录成功
2026-04-14T01:07:53.039+08:00 DEBUG 53492 --- [linglo-platform] [           main] o.s.security.web.FilterChainProxy        : Securing POST /auth/register
2026-04-14T01:07:53.039+08:00 DEBUG 53492 --- [linglo-platform] [           main] o.s.s.w.a.AnonymousAuthenticationFilter  : Set SecurityContextHolder to anonymous SecurityContext
2026-04-14T01:07:53.039+08:00 DEBUG 53492 --- [linglo-platform] [           main] o.s.security.web.FilterChainProxy        : Secured POST /auth/register
2026-04-14T01:07:53.106+08:00  INFO 53492 --- [linglo-platform] [           main] com.ipd.platform.service.AuthService     : 新用户 ct_dev_05 注册成功
2026-04-14T01:07:53.113+08:00 DEBUG 53492 --- [linglo-platform] [           main] o.s.security.web.FilterChainProxy        : Securing POST /auth/login
2026-04-14T01:07:53.113+08:00 DEBUG 53492 --- [linglo-platform] [           main] o.s.s.w.a.AnonymousAuthenticationFilter  : Set SecurityContextHolder to anonymous SecurityContext
2026-04-14T01:07:53.113+08:00 DEBUG 53492 --- [linglo-platform] [           main] o.s.security.web.FilterChainProxy        : Secured POST /auth/login
2026-04-14T01:07:53.174+08:00 DEBUG 53492 --- [linglo-platform] [           main] o.s.s.a.dao.DaoAuthenticationProvider    : Authenticated user
2026-04-14T01:07:53.176+08:00  INFO 53492 --- [linglo-platform] [           main] com.ipd.platform.service.AuthService     : 用户 ct_dev_05 登录成功
2026-04-14T01:07:53.178+08:00 DEBUG 53492 --- [linglo-platform] [           main] o.s.security.web.FilterChainProxy        : Securing POST /auth/register
2026-04-14T01:07:53.178+08:00 DEBUG 53492 --- [linglo-platform] [           main] o.s.s.w.a.AnonymousAuthenticationFilter  : Set SecurityContextHolder to anonymous SecurityContext
2026-04-14T01:07:53.178+08:00 DEBUG 53492 --- [linglo-platform] [           main] o.s.security.web.FilterChainProxy        : Secured POST /auth/register
2026-04-14T01:07:53.239+08:00  INFO 53492 --- [linglo-platform] [           main] com.ipd.platform.service.AuthService     : 新用户 ct_dev_06 注册成功
2026-04-14T01:07:53.246+08:00 DEBUG 53492 --- [linglo-platform] [           main] o.s.security.web.FilterChainProxy        : Securing POST /auth/login
2026-04-14T01:07:53.246+08:00 DEBUG 53492 --- [linglo-platform] [           main] o.s.s.w.a.AnonymousAuthenticationFilter  : Set SecurityContextHolder to anonymous SecurityContext
2026-04-14T01:07:53.246+08:00 DEBUG 53492 --- [linglo-platform] [           main] o.s.security.web.FilterChainProxy        : Secured POST /auth/login
2026-04-14T01:07:53.302+08:00 DEBUG 53492 --- [linglo-platform] [           main] o.s.s.a.dao.DaoAuthenticationProvider    : Authenticated user
2026-04-14T01:07:53.307+08:00  INFO 53492 --- [linglo-platform] [           main] com.ipd.platform.service.AuthService     : 用户 ct_dev_06 登录成功
2026-04-14T01:07:53.309+08:00 DEBUG 53492 --- [linglo-platform] [           main] o.s.security.web.FilterChainProxy        : Securing POST /auth/register
2026-04-14T01:07:53.309+08:00 DEBUG 53492 --- [linglo-platform] [           main] o.s.s.w.a.AnonymousAuthenticationFilter  : Set SecurityContextHolder to anonymous SecurityContext
2026-04-14T01:07:53.309+08:00 DEBUG 53492 --- [linglo-platform] [           main] o.s.security.web.FilterChainProxy        : Secured POST /auth/register
2026-04-14T01:07:53.373+08:00  INFO 53492 --- [linglo-platform] [           main] com.ipd.platform.service.AuthService     : 新用户 ct_dev_07 注册成功
2026-04-14T01:07:53.380+08:00 DEBUG 53492 --- [linglo-platform] [           main] o.s.security.web.FilterChainProxy        : Securing POST /auth/login
2026-04-14T01:07:53.380+08:00 DEBUG 53492 --- [linglo-platform] [           main] o.s.s.w.a.AnonymousAuthenticationFilter  : Set SecurityContextHolder to anonymous SecurityContext
2026-04-14T01:07:53.380+08:00 DEBUG 53492 --- [linglo-platform] [           main] o.s.security.web.FilterChainProxy        : Secured POST /auth/login
2026-04-14T01:07:53.446+08:00 DEBUG 53492 --- [linglo-platform] [           main] o.s.s.a.dao.DaoAuthenticationProvider    : Authenticated user
2026-04-14T01:07:53.450+08:00  INFO 53492 --- [linglo-platform] [           main] com.ipd.platform.service.AuthService     : 用户 ct_dev_07 登录成功
2026-04-14T01:07:53.452+08:00 DEBUG 53492 --- [linglo-platform] [           main] o.s.security.web.FilterChainProxy        : Securing POST /auth/register
2026-04-14T01:07:53.453+08:00 DEBUG 53492 --- [linglo-platform] [           main] o.s.s.w.a.AnonymousAuthenticationFilter  : Set SecurityContextHolder to anonymous SecurityContext
2026-04-14T01:07:53.453+08:00 DEBUG 53492 --- [linglo-platform] [           main] o.s.security.web.FilterChainProxy        : Secured POST /auth/register
2026-04-14T01:07:53.517+08:00  INFO 53492 --- [linglo-platform] [           main] com.ipd.platform.service.AuthService     : 新用户 ct_dev_08 注册成功
2026-04-14T01:07:53.523+08:00 DEBUG 53492 --- [linglo-platform] [           main] o.s.security.web.FilterChainProxy        : Securing POST /auth/login
2026-04-14T01:07:53.523+08:00 DEBUG 53492 --- [linglo-platform] [           main] o.s.s.w.a.AnonymousAuthenticationFilter  : Set SecurityContextHolder to anonymous SecurityContext
2026-04-14T01:07:53.523+08:00 DEBUG 53492 --- [linglo-platform] [           main] o.s.security.web.FilterChainProxy        : Secured POST /auth/login
2026-04-14T01:07:53.579+08:00 DEBUG 53492 --- [linglo-platform] [           main] o.s.s.a.dao.DaoAuthenticationProvider    : Authenticated user
2026-04-14T01:07:53.582+08:00  INFO 53492 --- [linglo-platform] [           main] com.ipd.platform.service.AuthService     : 用户 ct_dev_08 登录成功
2026-04-14T01:07:53.583+08:00 DEBUG 53492 --- [linglo-platform] [           main] o.s.security.web.FilterChainProxy        : Securing POST /auth/register
2026-04-14T01:07:53.583+08:00 DEBUG 53492 --- [linglo-platform] [           main] o.s.s.w.a.AnonymousAuthenticationFilter  : Set SecurityContextHolder to anonymous SecurityContext
2026-04-14T01:07:53.583+08:00 DEBUG 53492 --- [linglo-platform] [           main] o.s.security.web.FilterChainProxy        : Secured POST /auth/register
2026-04-14T01:07:53.646+08:00  INFO 53492 --- [linglo-platform] [           main] com.ipd.platform.service.AuthService     : 新用户 ct_dev_09 注册成功
2026-04-14T01:07:53.654+08:00 DEBUG 53492 --- [linglo-platform] [           main] o.s.security.web.FilterChainProxy        : Securing POST /auth/login
2026-04-14T01:07:53.655+08:00 DEBUG 53492 --- [linglo-platform] [           main] o.s.s.w.a.AnonymousAuthenticationFilter  : Set SecurityContextHolder to anonymous SecurityContext
2026-04-14T01:07:53.655+08:00 DEBUG 53492 --- [linglo-platform] [           main] o.s.security.web.FilterChainProxy        : Secured POST /auth/login
2026-04-14T01:07:53.714+08:00 DEBUG 53492 --- [linglo-platform] [           main] o.s.s.a.dao.DaoAuthenticationProvider    : Authenticated user
2026-04-14T01:07:53.717+08:00  INFO 53492 --- [linglo-platform] [           main] com.ipd.platform.service.AuthService     : 用户 ct_dev_09 登录成功
2026-04-14T01:07:53.720+08:00 DEBUG 53492 --- [linglo-platform] [           main] o.s.security.web.FilterChainProxy        : Securing POST /auth/register
2026-04-14T01:07:53.720+08:00 DEBUG 53492 --- [linglo-platform] [           main] o.s.s.w.a.AnonymousAuthenticationFilter  : Set SecurityContextHolder to anonymous SecurityContext
2026-04-14T01:07:53.720+08:00 DEBUG 53492 --- [linglo-platform] [           main] o.s.security.web.FilterChainProxy        : Secured POST /auth/register
2026-04-14T01:07:53.785+08:00  INFO 53492 --- [linglo-platform] [           main] com.ipd.platform.service.AuthService     : 新用户 ct_dev_10 注册成功
2026-04-14T01:07:53.792+08:00 DEBUG 53492 --- [linglo-platform] [           main] o.s.security.web.FilterChainProxy        : Securing POST /auth/login
2026-04-14T01:07:53.792+08:00 DEBUG 53492 --- [linglo-platform] [           main] o.s.s.w.a.AnonymousAuthenticationFilter  : Set SecurityContextHolder to anonymous SecurityContext
2026-04-14T01:07:53.792+08:00 DEBUG 53492 --- [linglo-platform] [           main] o.s.security.web.FilterChainProxy        : Secured POST /auth/login
2026-04-14T01:07:53.855+08:00 DEBUG 53492 --- [linglo-platform] [           main] o.s.s.a.dao.DaoAuthenticationProvider    : Authenticated user
2026-04-14T01:07:53.857+08:00  INFO 53492 --- [linglo-platform] [           main] com.ipd.platform.service.AuthService     : 用户 ct_dev_10 登录成功
2026-04-14T01:07:53.859+08:00 DEBUG 53492 --- [linglo-platform] [           main] o.s.security.web.FilterChainProxy        : Securing POST /auth/register
2026-04-14T01:07:53.859+08:00 DEBUG 53492 --- [linglo-platform] [           main] o.s.s.w.a.AnonymousAuthenticationFilter  : Set SecurityContextHolder to anonymous SecurityContext
2026-04-14T01:07:53.859+08:00 DEBUG 53492 --- [linglo-platform] [           main] o.s.security.web.FilterChainProxy        : Secured POST /auth/register
2026-04-14T01:07:53.920+08:00  INFO 53492 --- [linglo-platform] [           main] com.ipd.platform.service.AuthService     : 新用户 ct_dev_11 注册成功
2026-04-14T01:07:53.926+08:00 DEBUG 53492 --- [linglo-platform] [           main] o.s.security.web.FilterChainProxy        : Securing POST /auth/login
2026-04-14T01:07:53.927+08:00 DEBUG 53492 --- [linglo-platform] [           main] o.s.s.w.a.AnonymousAuthenticationFilter  : Set SecurityContextHolder to anonymous SecurityContext
2026-04-14T01:07:53.927+08:00 DEBUG 53492 --- [linglo-platform] [           main] o.s.security.web.FilterChainProxy        : Secured POST /auth/login
2026-04-14T01:07:53.983+08:00 DEBUG 53492 --- [linglo-platform] [           main] o.s.s.a.dao.DaoAuthenticationProvider    : Authenticated user
2026-04-14T01:07:53.986+08:00  INFO 53492 --- [linglo-platform] [           main] com.ipd.platform.service.AuthService     : 用户 ct_dev_11 登录成功
2026-04-14T01:07:53.987+08:00 DEBUG 53492 --- [linglo-platform] [           main] o.s.security.web.FilterChainProxy        : Securing POST /auth/register
2026-04-14T01:07:53.987+08:00 DEBUG 53492 --- [linglo-platform] [           main] o.s.s.w.a.AnonymousAuthenticationFilter  : Set SecurityContextHolder to anonymous SecurityContext
2026-04-14T01:07:53.988+08:00 DEBUG 53492 --- [linglo-platform] [           main] o.s.security.web.FilterChainProxy        : Secured POST /auth/register
2026-04-14T01:07:54.046+08:00  INFO 53492 --- [linglo-platform] [           main] com.ipd.platform.service.AuthService     : 新用户 ct_dev_12 注册成功
2026-04-14T01:07:54.053+08:00 DEBUG 53492 --- [linglo-platform] [           main] o.s.security.web.FilterChainProxy        : Securing POST /auth/login
2026-04-14T01:07:54.053+08:00 DEBUG 53492 --- [linglo-platform] [           main] o.s.s.w.a.AnonymousAuthenticationFilter  : Set SecurityContextHolder to anonymous SecurityContext
2026-04-14T01:07:54.053+08:00 DEBUG 53492 --- [linglo-platform] [           main] o.s.security.web.FilterChainProxy        : Secured POST /auth/login
2026-04-14T01:07:54.113+08:00 DEBUG 53492 --- [linglo-platform] [           main] o.s.s.a.dao.DaoAuthenticationProvider    : Authenticated user
2026-04-14T01:07:54.116+08:00  INFO 53492 --- [linglo-platform] [           main] com.ipd.platform.service.AuthService     : 用户 ct_dev_12 登录成功
2026-04-14T01:07:54.117+08:00 DEBUG 53492 --- [linglo-platform] [           main] o.s.security.web.FilterChainProxy        : Securing POST /auth/register
2026-04-14T01:07:54.117+08:00 DEBUG 53492 --- [linglo-platform] [           main] o.s.s.w.a.AnonymousAuthenticationFilter  : Set SecurityContextHolder to anonymous SecurityContext
2026-04-14T01:07:54.117+08:00 DEBUG 53492 --- [linglo-platform] [           main] o.s.security.web.FilterChainProxy        : Secured POST /auth/register
2026-04-14T01:07:54.179+08:00  INFO 53492 --- [linglo-platform] [           main] com.ipd.platform.service.AuthService     : 新用户 ct_dev_13 注册成功
2026-04-14T01:07:54.185+08:00 DEBUG 53492 --- [linglo-platform] [           main] o.s.security.web.FilterChainProxy        : Securing POST /auth/login
2026-04-14T01:07:54.186+08:00 DEBUG 53492 --- [linglo-platform] [           main] o.s.s.w.a.AnonymousAuthenticationFilter  : Set SecurityContextHolder to anonymous SecurityContext
2026-04-14T01:07:54.186+08:00 DEBUG 53492 --- [linglo-platform] [           main] o.s.security.web.FilterChainProxy        : Secured POST /auth/login
2026-04-14T01:07:54.246+08:00 DEBUG 53492 --- [linglo-platform] [           main] o.s.s.a.dao.DaoAuthenticationProvider    : Authenticated user
2026-04-14T01:07:54.250+08:00  INFO 53492 --- [linglo-platform] [           main] com.ipd.platform.service.AuthService     : 用户 ct_dev_13 登录成功
2026-04-14T01:07:54.252+08:00 DEBUG 53492 --- [linglo-platform] [           main] o.s.security.web.FilterChainProxy        : Securing POST /auth/register
2026-04-14T01:07:54.252+08:00 DEBUG 53492 --- [linglo-platform] [           main] o.s.s.w.a.AnonymousAuthenticationFilter  : Set SecurityContextHolder to anonymous SecurityContext
2026-04-14T01:07:54.252+08:00 DEBUG 53492 --- [linglo-platform] [           main] o.s.security.web.FilterChainProxy        : Secured POST /auth/register
2026-04-14T01:07:54.317+08:00  INFO 53492 --- [linglo-platform] [           main] com.ipd.platform.service.AuthService     : 新用户 ct_dev_14 注册成功
2026-04-14T01:07:54.329+08:00 DEBUG 53492 --- [linglo-platform] [           main] o.s.security.web.FilterChainProxy        : Securing POST /auth/login
2026-04-14T01:07:54.329+08:00 DEBUG 53492 --- [linglo-platform] [           main] o.s.s.w.a.AnonymousAuthenticationFilter  : Set SecurityContextHolder to anonymous SecurityContext
2026-04-14T01:07:54.330+08:00 DEBUG 53492 --- [linglo-platform] [           main] o.s.security.web.FilterChainProxy        : Secured POST /auth/login
2026-04-14T01:07:54.390+08:00 DEBUG 53492 --- [linglo-platform] [           main] o.s.s.a.dao.DaoAuthenticationProvider    : Authenticated user
2026-04-14T01:07:54.393+08:00  INFO 53492 --- [linglo-platform] [           main] com.ipd.platform.service.AuthService     : 用户 ct_dev_14 登录成功
2026-04-14T01:07:54.396+08:00 DEBUG 53492 --- [linglo-platform] [           main] o.s.security.web.FilterChainProxy        : Securing POST /auth/register
2026-04-14T01:07:54.396+08:00 DEBUG 53492 --- [linglo-platform] [           main] o.s.s.w.a.AnonymousAuthenticationFilter  : Set SecurityContextHolder to anonymous SecurityContext
2026-04-14T01:07:54.396+08:00 DEBUG 53492 --- [linglo-platform] [           main] o.s.security.web.FilterChainProxy        : Secured POST /auth/register
2026-04-14T01:07:54.456+08:00  INFO 53492 --- [linglo-platform] [           main] com.ipd.platform.service.AuthService     : 新用户 ct_dev_15 注册成功
2026-04-14T01:07:54.461+08:00 DEBUG 53492 --- [linglo-platform] [           main] o.s.security.web.FilterChainProxy        : Securing POST /auth/login
2026-04-14T01:07:54.461+08:00 DEBUG 53492 --- [linglo-platform] [           main] o.s.s.w.a.AnonymousAuthenticationFilter  : Set SecurityContextHolder to anonymous SecurityContext
2026-04-14T01:07:54.461+08:00 DEBUG 53492 --- [linglo-platform] [           main] o.s.security.web.FilterChainProxy        : Secured POST /auth/login
2026-04-14T01:07:54.517+08:00 DEBUG 53492 --- [linglo-platform] [           main] o.s.s.a.dao.DaoAuthenticationProvider    : Authenticated user
2026-04-14T01:07:54.519+08:00  INFO 53492 --- [linglo-platform] [           main] com.ipd.platform.service.AuthService     : 用户 ct_dev_15 登录成功
2026-04-14T01:07:54.520+08:00 DEBUG 53492 --- [linglo-platform] [           main] o.s.security.web.FilterChainProxy        : Securing POST /auth/register
2026-04-14T01:07:54.521+08:00 DEBUG 53492 --- [linglo-platform] [           main] o.s.s.w.a.AnonymousAuthenticationFilter  : Set SecurityContextHolder to anonymous SecurityContext
2026-04-14T01:07:54.521+08:00 DEBUG 53492 --- [linglo-platform] [           main] o.s.security.web.FilterChainProxy        : Secured POST /auth/register
2026-04-14T01:07:54.582+08:00  INFO 53492 --- [linglo-platform] [           main] com.ipd.platform.service.AuthService     : 新用户 ct_dev_16 注册成功
2026-04-14T01:07:54.590+08:00 DEBUG 53492 --- [linglo-platform] [           main] o.s.security.web.FilterChainProxy        : Securing POST /auth/login
2026-04-14T01:07:54.590+08:00 DEBUG 53492 --- [linglo-platform] [           main] o.s.s.w.a.AnonymousAuthenticationFilter  : Set SecurityContextHolder to anonymous SecurityContext
2026-04-14T01:07:54.590+08:00 DEBUG 53492 --- [linglo-platform] [           main] o.s.security.web.FilterChainProxy        : Secured POST /auth/login
2026-04-14T01:07:54.647+08:00 DEBUG 53492 --- [linglo-platform] [           main] o.s.s.a.dao.DaoAuthenticationProvider    : Authenticated user
2026-04-14T01:07:54.649+08:00  INFO 53492 --- [linglo-platform] [           main] com.ipd.platform.service.AuthService     : 用户 ct_dev_16 登录成功
2026-04-14T01:07:54.651+08:00 DEBUG 53492 --- [linglo-platform] [           main] o.s.security.web.FilterChainProxy        : Securing POST /auth/register
2026-04-14T01:07:54.651+08:00 DEBUG 53492 --- [linglo-platform] [           main] o.s.s.w.a.AnonymousAuthenticationFilter  : Set SecurityContextHolder to anonymous SecurityContext
2026-04-14T01:07:54.651+08:00 DEBUG 53492 --- [linglo-platform] [           main] o.s.security.web.FilterChainProxy        : Secured POST /auth/register
2026-04-14T01:07:54.711+08:00  INFO 53492 --- [linglo-platform] [           main] com.ipd.platform.service.AuthService     : 新用户 ct_dev_17 注册成功
2026-04-14T01:07:54.718+08:00 DEBUG 53492 --- [linglo-platform] [           main] o.s.security.web.FilterChainProxy        : Securing POST /auth/login
2026-04-14T01:07:54.718+08:00 DEBUG 53492 --- [linglo-platform] [           main] o.s.s.w.a.AnonymousAuthenticationFilter  : Set SecurityContextHolder to anonymous SecurityContext
2026-04-14T01:07:54.718+08:00 DEBUG 53492 --- [linglo-platform] [           main] o.s.security.web.FilterChainProxy        : Secured POST /auth/login
2026-04-14T01:07:54.782+08:00 DEBUG 53492 --- [linglo-platform] [           main] o.s.s.a.dao.DaoAuthenticationProvider    : Authenticated user
2026-04-14T01:07:54.785+08:00  INFO 53492 --- [linglo-platform] [           main] com.ipd.platform.service.AuthService     : 用户 ct_dev_17 登录成功
2026-04-14T01:07:54.786+08:00 DEBUG 53492 --- [linglo-platform] [           main] o.s.security.web.FilterChainProxy        : Securing POST /auth/register
2026-04-14T01:07:54.787+08:00 DEBUG 53492 --- [linglo-platform] [           main] o.s.s.w.a.AnonymousAuthenticationFilter  : Set SecurityContextHolder to anonymous SecurityContext
2026-04-14T01:07:54.787+08:00 DEBUG 53492 --- [linglo-platform] [           main] o.s.security.web.FilterChainProxy        : Secured POST /auth/register
2026-04-14T01:07:54.849+08:00  INFO 53492 --- [linglo-platform] [           main] com.ipd.platform.service.AuthService     : 新用户 ct_dev_18 注册成功
2026-04-14T01:07:54.856+08:00 DEBUG 53492 --- [linglo-platform] [           main] o.s.security.web.FilterChainProxy        : Securing POST /auth/login
2026-04-14T01:07:54.857+08:00 DEBUG 53492 --- [linglo-platform] [           main] o.s.s.w.a.AnonymousAuthenticationFilter  : Set SecurityContextHolder to anonymous SecurityContext
2026-04-14T01:07:54.857+08:00 DEBUG 53492 --- [linglo-platform] [           main] o.s.security.web.FilterChainProxy        : Secured POST /auth/login
2026-04-14T01:07:54.923+08:00 DEBUG 53492 --- [linglo-platform] [           main] o.s.s.a.dao.DaoAuthenticationProvider    : Authenticated user
2026-04-14T01:07:54.926+08:00  INFO 53492 --- [linglo-platform] [           main] com.ipd.platform.service.AuthService     : 用户 ct_dev_18 登录成功
2026-04-14T01:07:54.927+08:00 DEBUG 53492 --- [linglo-platform] [           main] o.s.security.web.FilterChainProxy        : Securing POST /auth/register
2026-04-14T01:07:54.927+08:00 DEBUG 53492 --- [linglo-platform] [           main] o.s.s.w.a.AnonymousAuthenticationFilter  : Set SecurityContextHolder to anonymous SecurityContext
2026-04-14T01:07:54.927+08:00 DEBUG 53492 --- [linglo-platform] [           main] o.s.security.web.FilterChainProxy        : Secured POST /auth/register
2026-04-14T01:07:54.986+08:00  INFO 53492 --- [linglo-platform] [           main] com.ipd.platform.service.AuthService     : 新用户 ct_dev_19 注册成功
2026-04-14T01:07:54.993+08:00 DEBUG 53492 --- [linglo-platform] [           main] o.s.security.web.FilterChainProxy        : Securing POST /auth/login
2026-04-14T01:07:54.993+08:00 DEBUG 53492 --- [linglo-platform] [           main] o.s.s.w.a.AnonymousAuthenticationFilter  : Set SecurityContextHolder to anonymous SecurityContext
2026-04-14T01:07:54.993+08:00 DEBUG 53492 --- [linglo-platform] [           main] o.s.security.web.FilterChainProxy        : Secured POST /auth/login
2026-04-14T01:07:55.050+08:00 DEBUG 53492 --- [linglo-platform] [           main] o.s.s.a.dao.DaoAuthenticationProvider    : Authenticated user
2026-04-14T01:07:55.052+08:00  INFO 53492 --- [linglo-platform] [           main] com.ipd.platform.service.AuthService     : 用户 ct_dev_19 登录成功
2026-04-14T01:07:55.054+08:00 DEBUG 53492 --- [linglo-platform] [           main] o.s.security.web.FilterChainProxy        : Securing POST /auth/register
2026-04-14T01:07:55.054+08:00 DEBUG 53492 --- [linglo-platform] [           main] o.s.s.w.a.AnonymousAuthenticationFilter  : Set SecurityContextHolder to anonymous SecurityContext
2026-04-14T01:07:55.054+08:00 DEBUG 53492 --- [linglo-platform] [           main] o.s.security.web.FilterChainProxy        : Secured POST /auth/register
2026-04-14T01:07:55.120+08:00  INFO 53492 --- [linglo-platform] [           main] com.ipd.platform.service.AuthService     : 新用户 ct_dev_20 注册成功
2026-04-14T01:07:55.127+08:00 DEBUG 53492 --- [linglo-platform] [           main] o.s.security.web.FilterChainProxy        : Securing POST /auth/login
2026-04-14T01:07:55.128+08:00 DEBUG 53492 --- [linglo-platform] [           main] o.s.s.w.a.AnonymousAuthenticationFilter  : Set SecurityContextHolder to anonymous SecurityContext
2026-04-14T01:07:55.128+08:00 DEBUG 53492 --- [linglo-platform] [           main] o.s.security.web.FilterChainProxy        : Secured POST /auth/login
2026-04-14T01:07:55.202+08:00 DEBUG 53492 --- [linglo-platform] [           main] o.s.s.a.dao.DaoAuthenticationProvider    : Authenticated user
2026-04-14T01:07:55.205+08:00  INFO 53492 --- [linglo-platform] [           main] com.ipd.platform.service.AuthService     : 用户 ct_dev_20 登录成功
2026-04-14T01:07:55.207+08:00 DEBUG 53492 --- [linglo-platform] [           main] o.s.security.web.FilterChainProxy        : Securing POST /auth/register
2026-04-14T01:07:55.208+08:00 DEBUG 53492 --- [linglo-platform] [           main] o.s.s.w.a.AnonymousAuthenticationFilter  : Set SecurityContextHolder to anonymous SecurityContext
2026-04-14T01:07:55.208+08:00 DEBUG 53492 --- [linglo-platform] [           main] o.s.security.web.FilterChainProxy        : Secured POST /auth/register
2026-04-14T01:07:55.279+08:00  INFO 53492 --- [linglo-platform] [           main] com.ipd.platform.service.AuthService     : 新用户 ct_tester_01 注册成功
2026-04-14T01:07:55.286+08:00 DEBUG 53492 --- [linglo-platform] [           main] o.s.security.web.FilterChainProxy        : Securing POST /auth/login
2026-04-14T01:07:55.286+08:00 DEBUG 53492 --- [linglo-platform] [           main] o.s.s.w.a.AnonymousAuthenticationFilter  : Set SecurityContextHolder to anonymous SecurityContext
2026-04-14T01:07:55.286+08:00 DEBUG 53492 --- [linglo-platform] [           main] o.s.security.web.FilterChainProxy        : Secured POST /auth/login
2026-04-14T01:07:55.355+08:00 DEBUG 53492 --- [linglo-platform] [           main] o.s.s.a.dao.DaoAuthenticationProvider    : Authenticated user
2026-04-14T01:07:55.358+08:00  INFO 53492 --- [linglo-platform] [           main] com.ipd.platform.service.AuthService     : 用户 ct_tester_01 登录成功
2026-04-14T01:07:55.360+08:00 DEBUG 53492 --- [linglo-platform] [           main] o.s.security.web.FilterChainProxy        : Securing POST /auth/register
2026-04-14T01:07:55.360+08:00 DEBUG 53492 --- [linglo-platform] [           main] o.s.s.w.a.AnonymousAuthenticationFilter  : Set SecurityContextHolder to anonymous SecurityContext
2026-04-14T01:07:55.360+08:00 DEBUG 53492 --- [linglo-platform] [           main] o.s.security.web.FilterChainProxy        : Secured POST /auth/register
2026-04-14T01:07:55.425+08:00  INFO 53492 --- [linglo-platform] [           main] com.ipd.platform.service.AuthService     : 新用户 ct_tester_02 注册成功
2026-04-14T01:07:55.432+08:00 DEBUG 53492 --- [linglo-platform] [           main] o.s.security.web.FilterChainProxy        : Securing POST /auth/login
2026-04-14T01:07:55.432+08:00 DEBUG 53492 --- [linglo-platform] [           main] o.s.s.w.a.AnonymousAuthenticationFilter  : Set SecurityContextHolder to anonymous SecurityContext
2026-04-14T01:07:55.432+08:00 DEBUG 53492 --- [linglo-platform] [           main] o.s.security.web.FilterChainProxy        : Secured POST /auth/login
2026-04-14T01:07:55.491+08:00 DEBUG 53492 --- [linglo-platform] [           main] o.s.s.a.dao.DaoAuthenticationProvider    : Authenticated user
2026-04-14T01:07:55.492+08:00  INFO 53492 --- [linglo-platform] [           main] com.ipd.platform.service.AuthService     : 用户 ct_tester_02 登录成功
2026-04-14T01:07:55.494+08:00 DEBUG 53492 --- [linglo-platform] [           main] o.s.security.web.FilterChainProxy        : Securing POST /auth/register
2026-04-14T01:07:55.494+08:00 DEBUG 53492 --- [linglo-platform] [           main] o.s.s.w.a.AnonymousAuthenticationFilter  : Set SecurityContextHolder to anonymous SecurityContext
2026-04-14T01:07:55.494+08:00 DEBUG 53492 --- [linglo-platform] [           main] o.s.security.web.FilterChainProxy        : Secured POST /auth/register
2026-04-14T01:07:55.556+08:00  INFO 53492 --- [linglo-platform] [           main] com.ipd.platform.service.AuthService     : 新用户 ct_tester_03 注册成功
2026-04-14T01:07:55.561+08:00 DEBUG 53492 --- [linglo-platform] [           main] o.s.security.web.FilterChainProxy        : Securing POST /auth/login
2026-04-14T01:07:55.561+08:00 DEBUG 53492 --- [linglo-platform] [           main] o.s.s.w.a.AnonymousAuthenticationFilter  : Set SecurityContextHolder to anonymous SecurityContext
2026-04-14T01:07:55.561+08:00 DEBUG 53492 --- [linglo-platform] [           main] o.s.security.web.FilterChainProxy        : Secured POST /auth/login
2026-04-14T01:07:55.618+08:00 DEBUG 53492 --- [linglo-platform] [           main] o.s.s.a.dao.DaoAuthenticationProvider    : Authenticated user
2026-04-14T01:07:55.620+08:00  INFO 53492 --- [linglo-platform] [           main] com.ipd.platform.service.AuthService     : 用户 ct_tester_03 登录成功
2026-04-14T01:07:55.622+08:00 DEBUG 53492 --- [linglo-platform] [           main] o.s.security.web.FilterChainProxy        : Securing POST /auth/register
2026-04-14T01:07:55.622+08:00 DEBUG 53492 --- [linglo-platform] [           main] o.s.s.w.a.AnonymousAuthenticationFilter  : Set SecurityContextHolder to anonymous SecurityContext
2026-04-14T01:07:55.622+08:00 DEBUG 53492 --- [linglo-platform] [           main] o.s.security.web.FilterChainProxy        : Secured POST /auth/register
2026-04-14T01:07:55.688+08:00  INFO 53492 --- [linglo-platform] [           main] com.ipd.platform.service.AuthService     : 新用户 ct_tester_04 注册成功
2026-04-14T01:07:55.693+08:00 DEBUG 53492 --- [linglo-platform] [           main] o.s.security.web.FilterChainProxy        : Securing POST /auth/login
2026-04-14T01:07:55.693+08:00 DEBUG 53492 --- [linglo-platform] [           main] o.s.s.w.a.AnonymousAuthenticationFilter  : Set SecurityContextHolder to anonymous SecurityContext
2026-04-14T01:07:55.693+08:00 DEBUG 53492 --- [linglo-platform] [           main] o.s.security.web.FilterChainProxy        : Secured POST /auth/login
2026-04-14T01:07:55.757+08:00 DEBUG 53492 --- [linglo-platform] [           main] o.s.s.a.dao.DaoAuthenticationProvider    : Authenticated user
2026-04-14T01:07:55.760+08:00  INFO 53492 --- [linglo-platform] [           main] com.ipd.platform.service.AuthService     : 用户 ct_tester_04 登录成功
2026-04-14T01:07:55.762+08:00 DEBUG 53492 --- [linglo-platform] [           main] o.s.security.web.FilterChainProxy        : Securing POST /auth/register
2026-04-14T01:07:55.762+08:00 DEBUG 53492 --- [linglo-platform] [           main] o.s.s.w.a.AnonymousAuthenticationFilter  : Set SecurityContextHolder to anonymous SecurityContext
2026-04-14T01:07:55.762+08:00 DEBUG 53492 --- [linglo-platform] [           main] o.s.security.web.FilterChainProxy        : Secured POST /auth/register
2026-04-14T01:07:55.829+08:00  INFO 53492 --- [linglo-platform] [           main] com.ipd.platform.service.AuthService     : 新用户 ct_tester_05 注册成功
2026-04-14T01:07:55.834+08:00 DEBUG 53492 --- [linglo-platform] [           main] o.s.security.web.FilterChainProxy        : Securing POST /auth/login
2026-04-14T01:07:55.834+08:00 DEBUG 53492 --- [linglo-platform] [           main] o.s.s.w.a.AnonymousAuthenticationFilter  : Set SecurityContextHolder to anonymous SecurityContext
2026-04-14T01:07:55.834+08:00 DEBUG 53492 --- [linglo-platform] [           main] o.s.security.web.FilterChainProxy        : Secured POST /auth/login
2026-04-14T01:07:55.889+08:00 DEBUG 53492 --- [linglo-platform] [           main] o.s.s.a.dao.DaoAuthenticationProvider    : Authenticated user
2026-04-14T01:07:55.891+08:00  INFO 53492 --- [linglo-platform] [           main] com.ipd.platform.service.AuthService     : 用户 ct_tester_05 登录成功
2026-04-14T01:07:55.892+08:00 DEBUG 53492 --- [linglo-platform] [           main] o.s.security.web.FilterChainProxy        : Securing POST /auth/register
2026-04-14T01:07:55.892+08:00 DEBUG 53492 --- [linglo-platform] [           main] o.s.s.w.a.AnonymousAuthenticationFilter  : Set SecurityContextHolder to anonymous SecurityContext
2026-04-14T01:07:55.892+08:00 DEBUG 53492 --- [linglo-platform] [           main] o.s.security.web.FilterChainProxy        : Secured POST /auth/register
2026-04-14T01:07:55.952+08:00  INFO 53492 --- [linglo-platform] [           main] com.ipd.platform.service.AuthService     : 新用户 ct_tester_06 注册成功
2026-04-14T01:07:55.958+08:00 DEBUG 53492 --- [linglo-platform] [           main] o.s.security.web.FilterChainProxy        : Securing POST /auth/login
2026-04-14T01:07:55.958+08:00 DEBUG 53492 --- [linglo-platform] [           main] o.s.s.w.a.AnonymousAuthenticationFilter  : Set SecurityContextHolder to anonymous SecurityContext
2026-04-14T01:07:55.958+08:00 DEBUG 53492 --- [linglo-platform] [           main] o.s.security.web.FilterChainProxy        : Secured POST /auth/login
2026-04-14T01:07:56.014+08:00 DEBUG 53492 --- [linglo-platform] [           main] o.s.s.a.dao.DaoAuthenticationProvider    : Authenticated user
2026-04-14T01:07:56.016+08:00  INFO 53492 --- [linglo-platform] [           main] com.ipd.platform.service.AuthService     : 用户 ct_tester_06 登录成功
2026-04-14T01:07:56.017+08:00 DEBUG 53492 --- [linglo-platform] [           main] o.s.security.web.FilterChainProxy        : Securing POST /auth/register
2026-04-14T01:07:56.018+08:00 DEBUG 53492 --- [linglo-platform] [           main] o.s.s.w.a.AnonymousAuthenticationFilter  : Set SecurityContextHolder to anonymous SecurityContext
2026-04-14T01:07:56.018+08:00 DEBUG 53492 --- [linglo-platform] [           main] o.s.security.web.FilterChainProxy        : Secured POST /auth/register
2026-04-14T01:07:56.077+08:00  INFO 53492 --- [linglo-platform] [           main] com.ipd.platform.service.AuthService     : 新用户 ct_tester_07 注册成功
2026-04-14T01:07:56.085+08:00 DEBUG 53492 --- [linglo-platform] [           main] o.s.security.web.FilterChainProxy        : Securing POST /auth/login
2026-04-14T01:07:56.086+08:00 DEBUG 53492 --- [linglo-platform] [           main] o.s.s.w.a.AnonymousAuthenticationFilter  : Set SecurityContextHolder to anonymous SecurityContext
2026-04-14T01:07:56.086+08:00 DEBUG 53492 --- [linglo-platform] [           main] o.s.security.web.FilterChainProxy        : Secured POST /auth/login
2026-04-14T01:07:56.145+08:00 DEBUG 53492 --- [linglo-platform] [           main] o.s.s.a.dao.DaoAuthenticationProvider    : Authenticated user
2026-04-14T01:07:56.148+08:00  INFO 53492 --- [linglo-platform] [           main] com.ipd.platform.service.AuthService     : 用户 ct_tester_07 登录成功
2026-04-14T01:07:56.149+08:00 DEBUG 53492 --- [linglo-platform] [           main] o.s.security.web.FilterChainProxy        : Securing POST /auth/register
2026-04-14T01:07:56.149+08:00 DEBUG 53492 --- [linglo-platform] [           main] o.s.s.w.a.AnonymousAuthenticationFilter  : Set SecurityContextHolder to anonymous SecurityContext
2026-04-14T01:07:56.149+08:00 DEBUG 53492 --- [linglo-platform] [           main] o.s.security.web.FilterChainProxy        : Secured POST /auth/register
2026-04-14T01:07:56.209+08:00  INFO 53492 --- [linglo-platform] [           main] com.ipd.platform.service.AuthService     : 新用户 ct_tester_08 注册成功
2026-04-14T01:07:56.214+08:00 DEBUG 53492 --- [linglo-platform] [           main] o.s.security.web.FilterChainProxy        : Securing POST /auth/login
2026-04-14T01:07:56.214+08:00 DEBUG 53492 --- [linglo-platform] [           main] o.s.s.w.a.AnonymousAuthenticationFilter  : Set SecurityContextHolder to anonymous SecurityContext
2026-04-14T01:07:56.215+08:00 DEBUG 53492 --- [linglo-platform] [           main] o.s.security.web.FilterChainProxy        : Secured POST /auth/login
2026-04-14T01:07:56.275+08:00 DEBUG 53492 --- [linglo-platform] [           main] o.s.s.a.dao.DaoAuthenticationProvider    : Authenticated user
2026-04-14T01:07:56.278+08:00  INFO 53492 --- [linglo-platform] [           main] com.ipd.platform.service.AuthService     : 用户 ct_tester_08 登录成功
2026-04-14T01:07:56.279+08:00 DEBUG 53492 --- [linglo-platform] [           main] o.s.security.web.FilterChainProxy        : Securing POST /auth/register
2026-04-14T01:07:56.279+08:00 DEBUG 53492 --- [linglo-platform] [           main] o.s.s.w.a.AnonymousAuthenticationFilter  : Set SecurityContextHolder to anonymous SecurityContext
2026-04-14T01:07:56.280+08:00 DEBUG 53492 --- [linglo-platform] [           main] o.s.security.web.FilterChainProxy        : Secured POST /auth/register
2026-04-14T01:07:56.343+08:00  INFO 53492 --- [linglo-platform] [           main] com.ipd.platform.service.AuthService     : 新用户 ct_tester_09 注册成功
2026-04-14T01:07:56.349+08:00 DEBUG 53492 --- [linglo-platform] [           main] o.s.security.web.FilterChainProxy        : Securing POST /auth/login
2026-04-14T01:07:56.349+08:00 DEBUG 53492 --- [linglo-platform] [           main] o.s.s.w.a.AnonymousAuthenticationFilter  : Set SecurityContextHolder to anonymous SecurityContext
2026-04-14T01:07:56.349+08:00 DEBUG 53492 --- [linglo-platform] [           main] o.s.security.web.FilterChainProxy        : Secured POST /auth/login
2026-04-14T01:07:56.410+08:00 DEBUG 53492 --- [linglo-platform] [           main] o.s.s.a.dao.DaoAuthenticationProvider    : Authenticated user
2026-04-14T01:07:56.412+08:00  INFO 53492 --- [linglo-platform] [           main] com.ipd.platform.service.AuthService     : 用户 ct_tester_09 登录成功
2026-04-14T01:07:56.413+08:00 DEBUG 53492 --- [linglo-platform] [           main] o.s.security.web.FilterChainProxy        : Securing POST /auth/register
2026-04-14T01:07:56.413+08:00 DEBUG 53492 --- [linglo-platform] [           main] o.s.s.w.a.AnonymousAuthenticationFilter  : Set SecurityContextHolder to anonymous SecurityContext
2026-04-14T01:07:56.413+08:00 DEBUG 53492 --- [linglo-platform] [           main] o.s.security.web.FilterChainProxy        : Secured POST /auth/register
2026-04-14T01:07:56.475+08:00  INFO 53492 --- [linglo-platform] [           main] com.ipd.platform.service.AuthService     : 新用户 ct_tester_10 注册成功
2026-04-14T01:07:56.480+08:00 DEBUG 53492 --- [linglo-platform] [           main] o.s.security.web.FilterChainProxy        : Securing POST /auth/login
2026-04-14T01:07:56.480+08:00 DEBUG 53492 --- [linglo-platform] [           main] o.s.s.w.a.AnonymousAuthenticationFilter  : Set SecurityContextHolder to anonymous SecurityContext
2026-04-14T01:07:56.480+08:00 DEBUG 53492 --- [linglo-platform] [           main] o.s.security.web.FilterChainProxy        : Secured POST /auth/login
2026-04-14T01:07:56.538+08:00 DEBUG 53492 --- [linglo-platform] [           main] o.s.s.a.dao.DaoAuthenticationProvider    : Authenticated user
2026-04-14T01:07:56.541+08:00  INFO 53492 --- [linglo-platform] [           main] com.ipd.platform.service.AuthService     : 用户 ct_tester_10 登录成功
2026-04-14T01:07:56.542+08:00 DEBUG 53492 --- [linglo-platform] [           main] o.s.security.web.FilterChainProxy        : Securing POST /auth/register
2026-04-14T01:07:56.542+08:00 DEBUG 53492 --- [linglo-platform] [           main] o.s.s.w.a.AnonymousAuthenticationFilter  : Set SecurityContextHolder to anonymous SecurityContext
2026-04-14T01:07:56.543+08:00 DEBUG 53492 --- [linglo-platform] [           main] o.s.security.web.FilterChainProxy        : Secured POST /auth/register

MockHttpServletRequest:
      HTTP Method = POST
      Request URI = /auth/register
       Parameters = {}
          Headers = [Content-Type:"application/json;charset=UTF-8", Content-Length:"147"]
             Body = {"username":"ct_admin","password":"admin123","confirmPassword":"admin123","nickname":"管理员","email":"ct_admin@test.com","phone":"13838859477"}
    Session Attrs = {}

Handler:
             Type = com.ipd.platform.controller.AuthController
           Method = com.ipd.platform.controller.AuthController#register(RegisterRequest)

Async:
    Async started = false
     Async result = null

Resolved Exception:
             Type = null

ModelAndView:
        View name = null
             View = null
            Model = null

FlashMap:
       Attributes = null

MockHttpServletResponse:
           Status = 200
    Error message = null
          Headers = [Vary:"Origin", "Access-Control-Request-Method", "Access-Control-Request-Headers", Content-Type:"application/json", X-Content-Type-Options:"nosniff", X-XSS-Protection:"0", Cache-Control:"no-cache, no-store, max-age=0, must-revalidate", Pragma:"no-cache", Expires:"0", X-Frame-Options:"SAMEORIGIN"]
     Content type = application/json
             Body = {"code":200,"message":"注册成功","data":{"id":2,"createdAt":"2026-04-14 01:07:52","updatedAt":"2026-04-14 01:07:52","createdBy":null,"updatedBy":null,"username":"ct_admin","password":"$2a$10$ydqo6cxmk8phfjdoMoJHp.BzjUwrQN/Yr361shk/TvSqKvNpAUPgG","nickname":"管理员","email":"ct_admin@test.com","phone":"13838859477","avatar":null,"gender":null,"status":1,"userType":0,"lastLoginTime":null,"lastLoginIp":null,"roles":[],"roleCodes":null,"disabled":false,"admin":false},"timestamp":1776100072109}
    Forwarded URL = null
   Redirected URL = null
          Cookies = []

MockHttpServletRequest:
      HTTP Method = POST
      Request URI = /auth/login
       Parameters = {}
          Headers = [Content-Type:"application/json;charset=UTF-8", Content-Length:"64"]
             Body = {"username":"ct_admin","password":"admin123","rememberMe":false}
    Session Attrs = {}

Handler:
             Type = com.ipd.platform.controller.AuthController
           Method = com.ipd.platform.controller.AuthController#login(LoginRequest)

Async:
    Async started = false
     Async result = null

Resolved Exception:
             Type = null

ModelAndView:
        View name = null
             View = null
            Model = null

FlashMap:
       Attributes = null

MockHttpServletResponse:
           Status = 200
    Error message = null
          Headers = [Vary:"Origin", "Access-Control-Request-Method", "Access-Control-Request-Headers", Content-Type:"application/json", X-Content-Type-Options:"nosniff", X-XSS-Protection:"0", Cache-Control:"no-cache, no-store, max-age=0, must-revalidate", Pragma:"no-cache", Expires:"0", X-Frame-Options:"SAMEORIGIN"]
     Content type = application/json
             Body = {"code":200,"message":"登录成功","data":{"accessToken":"eyJhbGciOiJIUzM4NCJ9.eyJzdWIiOiJjdF9hZG1pbiIsInR5cGUiOiJhY2Nlc3MiLCJpYXQiOjE3NzYxMDAwNzIsImV4cCI6MTc3NjE4NjQ3Mn0.j7oYokWGQ0H1-dXRNvkzdD6emUzjoBfHCZtFTqTsmTyNRXg49xlz3GcezLr1fCdh","refreshToken":"eyJhbGciOiJIUzM4NCJ9.eyJzdWIiOiJjdF9hZG1pbiIsInR5cGUiOiJyZWZyZXNoIiwiaWF0IjoxNzc2MTAwMDcyLCJleHAiOjE3NzY3MDQ4NzJ9.JjHCdH4Bq71v2OY2n3vYGQFUMNaLDhvhOh_H9-QLyR-l1skHDzJBF_FrxjpJ38yM","tokenType":"Bearer","expiresIn":86400,"userId":2,"username":"ct_admin","nickname":"管理员","avatar":null,"roles":["ADMIN"],"permissions":["ROLE_ADMIN"]},"timestamp":1776100072354}
    Forwarded URL = null
   Redirected URL = null
          Cookies = []

MockHttpServletRequest:
      HTTP Method = POST
      Request URI = /auth/register
       Parameters = {}
          Headers = [Content-Type:"application/json;charset=UTF-8", Content-Length:"144"]
             Body = {"username":"ct_pm","password":"pm123456","confirmPassword":"pm123456","nickname":"项目经理","email":"ct_pm@test.com","phone":"13837363774"}
    Session Attrs = {}

Handler:
             Type = com.ipd.platform.controller.AuthController
           Method = com.ipd.platform.controller.AuthController#register(RegisterRequest)

Async:
    Async started = false
     Async result = null

Resolved Exception:
             Type = null

ModelAndView:
        View name = null
             View = null
            Model = null

FlashMap:
       Attributes = null

MockHttpServletResponse:
           Status = 200
    Error message = null
          Headers = [Vary:"Origin", "Access-Control-Request-Method", "Access-Control-Request-Headers", Content-Type:"application/json", X-Content-Type-Options:"nosniff", X-XSS-Protection:"0", Cache-Control:"no-cache, no-store, max-age=0, must-revalidate", Pragma:"no-cache", Expires:"0", X-Frame-Options:"SAMEORIGIN"]
     Content type = application/json
             Body = {"code":200,"message":"注册成功","data":{"id":3,"createdAt":"2026-04-14 01:07:52","updatedAt":"2026-04-14 01:07:52","createdBy":null,"updatedBy":null,"username":"ct_pm","password":"$2a$10$MRY8txIkGeRnmfGQHpzKbu5JNzOIT8M8xoFBQNbDbI2BZNEbkSsMa","nickname":"项目经理","email":"ct_pm@test.com","phone":"13837363774","avatar":null,"gender":null,"status":1,"userType":0,"lastLoginTime":null,"lastLoginIp":null,"roles":[],"roleCodes":null,"disabled":false,"admin":false},"timestamp":1776100072423}
    Forwarded URL = null
   Redirected URL = null
          Cookies = []

MockHttpServletRequest:
      HTTP Method = POST
      Request URI = /auth/login
       Parameters = {}
          Headers = [Content-Type:"application/json;charset=UTF-8", Content-Length:"61"]
             Body = {"username":"ct_pm","password":"pm123456","rememberMe":false}
    Session Attrs = {}

Handler:
             Type = com.ipd.platform.controller.AuthController
           Method = com.ipd.platform.controller.AuthController#login(LoginRequest)

Async:
    Async started = false
     Async result = null

Resolved Exception:
             Type = null

ModelAndView:
        View name = null
             View = null
            Model = null

FlashMap:
       Attributes = null

MockHttpServletResponse:
           Status = 200
    Error message = null
          Headers = [Vary:"Origin", "Access-Control-Request-Method", "Access-Control-Request-Headers", Content-Type:"application/json", X-Content-Type-Options:"nosniff", X-XSS-Protection:"0", Cache-Control:"no-cache, no-store, max-age=0, must-revalidate", Pragma:"no-cache", Expires:"0", X-Frame-Options:"SAMEORIGIN"]
     Content type = application/json
             Body = {"code":200,"message":"登录成功","data":{"accessToken":"eyJhbGciOiJIUzM4NCJ9.eyJzdWIiOiJjdF9wbSIsInR5cGUiOiJhY2Nlc3MiLCJpYXQiOjE3NzYxMDAwNzIsImV4cCI6MTc3NjE4NjQ3Mn0.9mw8l5fym04qb-nXfcn5HxxjIEkkj45-qRr-5L538X8jA7Caq8i3uFSoe-jhBj55","refreshToken":"eyJhbGciOiJIUzM4NCJ9.eyJzdWIiOiJjdF9wbSIsInR5cGUiOiJyZWZyZXNoIiwiaWF0IjoxNzc2MTAwMDcyLCJleHAiOjE3NzY3MDQ4NzJ9.nt6owoy6JWC-IASCqjB7C8JrVFPJl-xTWyK4PyEX22oXoKF_3UPdzbWTRkHExUPB","tokenType":"Bearer","expiresIn":86400,"userId":3,"username":"ct_pm","nickname":"项目经理","avatar":null,"roles":["PM"],"permissions":["ROLE_PM"]},"timestamp":1776100072489}
    Forwarded URL = null
   Redirected URL = null
          Cookies = []

MockHttpServletRequest:
      HTTP Method = POST
      Request URI = /auth/register
       Parameters = {}
          Headers = [Content-Type:"application/json;charset=UTF-8", Content-Length:"152"]
             Body = {"username":"ct_dev_01","password":"dev123456","confirmPassword":"dev123456","nickname":"开发者1","email":"ct_dev_01@test.com","phone":"13827450448"}
    Session Attrs = {}

Handler:
             Type = com.ipd.platform.controller.AuthController
           Method = com.ipd.platform.controller.AuthController#register(RegisterRequest)

Async:
    Async started = false
     Async result = null

Resolved Exception:
             Type = null

ModelAndView:
        View name = null
             View = null
            Model = null

FlashMap:
       Attributes = null

MockHttpServletResponse:
           Status = 200
    Error message = null
          Headers = [Vary:"Origin", "Access-Control-Request-Method", "Access-Control-Request-Headers", Content-Type:"application/json", X-Content-Type-Options:"nosniff", X-XSS-Protection:"0", Cache-Control:"no-cache, no-store, max-age=0, must-revalidate", Pragma:"no-cache", Expires:"0", X-Frame-Options:"SAMEORIGIN"]
     Content type = application/json
             Body = {"code":200,"message":"注册成功","data":{"id":4,"createdAt":"2026-04-14 01:07:52","updatedAt":"2026-04-14 01:07:52","createdBy":null,"updatedBy":null,"username":"ct_dev_01","password":"$2a$10$cJ5DlzopyiBrtdOtLuZXWuLvUPUjvQupZ5iDKMh7CO4kw7vs7rDC2","nickname":"开发者1","email":"ct_dev_01@test.com","phone":"13827450448","avatar":null,"gender":null,"status":1,"userType":0,"lastLoginTime":null,"lastLoginIp":null,"roles":[],"roleCodes":null,"disabled":false,"admin":false},"timestamp":1776100072551}
    Forwarded URL = null
   Redirected URL = null
          Cookies = []

MockHttpServletRequest:
      HTTP Method = POST
      Request URI = /auth/login
       Parameters = {}
          Headers = [Content-Type:"application/json;charset=UTF-8", Content-Length:"66"]
             Body = {"username":"ct_dev_01","password":"dev123456","rememberMe":false}
    Session Attrs = {}

Handler:
             Type = com.ipd.platform.controller.AuthController
           Method = com.ipd.platform.controller.AuthController#login(LoginRequest)

Async:
    Async started = false
     Async result = null

Resolved Exception:
             Type = null

ModelAndView:
        View name = null
             View = null
            Model = null

FlashMap:
       Attributes = null

MockHttpServletResponse:
           Status = 200
    Error message = null
          Headers = [Vary:"Origin", "Access-Control-Request-Method", "Access-Control-Request-Headers", Content-Type:"application/json", X-Content-Type-Options:"nosniff", X-XSS-Protection:"0", Cache-Control:"no-cache, no-store, max-age=0, must-revalidate", Pragma:"no-cache", Expires:"0", X-Frame-Options:"SAMEORIGIN"]
     Content type = application/json
             Body = {"code":200,"message":"登录成功","data":{"accessToken":"eyJhbGciOiJIUzM4NCJ9.eyJzdWIiOiJjdF9kZXZfMDEiLCJ0eXBlIjoiYWNjZXNzIiwiaWF0IjoxNzc2MTAwMDcyLCJleHAiOjE3NzYxODY0NzJ9.t6FEkfrKjHj32cxquKGLkGNS4ClCESU7UQUZk8M9m8E9syCTi69B6ObY2sST9j-E","refreshToken":"eyJhbGciOiJIUzM4NCJ9.eyJzdWIiOiJjdF9kZXZfMDEiLCJ0eXBlIjoicmVmcmVzaCIsImlhdCI6MTc3NjEwMDA3MiwiZXhwIjoxNzc2NzA0ODcyfQ.mgLfwYevZ_IM4ktb3LpX93O31tVL6c4fWxY2O9xwfmz3Co2eKF0AkevutOcy8kbU","tokenType":"Bearer","expiresIn":86400,"userId":4,"username":"ct_dev_01","nickname":"开发者1","avatar":null,"roles":["DEV"],"permissions":["ROLE_DEV"]},"timestamp":1776100072619}
    Forwarded URL = null
   Redirected URL = null
          Cookies = []

MockHttpServletRequest:
      HTTP Method = POST
      Request URI = /auth/register
       Parameters = {}
          Headers = [Content-Type:"application/json;charset=UTF-8", Content-Length:"152"]
             Body = {"username":"ct_dev_02","password":"dev123456","confirmPassword":"dev123456","nickname":"开发者2","email":"ct_dev_02@test.com","phone":"13876767387"}
    Session Attrs = {}

Handler:
             Type = com.ipd.platform.controller.AuthController
           Method = com.ipd.platform.controller.AuthController#register(RegisterRequest)

Async:
    Async started = false
     Async result = null

Resolved Exception:
             Type = null

ModelAndView:
        View name = null
             View = null
            Model = null

FlashMap:
       Attributes = null

MockHttpServletResponse:
           Status = 200
    Error message = null
          Headers = [Vary:"Origin", "Access-Control-Request-Method", "Access-Control-Request-Headers", Content-Type:"application/json", X-Content-Type-Options:"nosniff", X-XSS-Protection:"0", Cache-Control:"no-cache, no-store, max-age=0, must-revalidate", Pragma:"no-cache", Expires:"0", X-Frame-Options:"SAMEORIGIN"]
     Content type = application/json
             Body = {"code":200,"message":"注册成功","data":{"id":5,"createdAt":"2026-04-14 01:07:52","updatedAt":"2026-04-14 01:07:52","createdBy":null,"updatedBy":null,"username":"ct_dev_02","password":"$2a$10$uwxubUJ2gPTYPyTgTIlm8uAUe4YSgsfbm3cFfbEt52O16D93aMn5W","nickname":"开发者2","email":"ct_dev_02@test.com","phone":"13876767387","avatar":null,"gender":null,"status":1,"userType":0,"lastLoginTime":null,"lastLoginIp":null,"roles":[],"roleCodes":null,"disabled":false,"admin":false},"timestamp":1776100072687}
    Forwarded URL = null
   Redirected URL = null
          Cookies = []

MockHttpServletRequest:
      HTTP Method = POST
      Request URI = /auth/login
       Parameters = {}
          Headers = [Content-Type:"application/json;charset=UTF-8", Content-Length:"66"]
             Body = {"username":"ct_dev_02","password":"dev123456","rememberMe":false}
    Session Attrs = {}

Handler:
             Type = com.ipd.platform.controller.AuthController
           Method = com.ipd.platform.controller.AuthController#login(LoginRequest)

Async:
    Async started = false
     Async result = null

Resolved Exception:
             Type = null

ModelAndView:
        View name = null
             View = null
            Model = null

FlashMap:
       Attributes = null

MockHttpServletResponse:
           Status = 200
    Error message = null
          Headers = [Vary:"Origin", "Access-Control-Request-Method", "Access-Control-Request-Headers", Content-Type:"application/json", X-Content-Type-Options:"nosniff", X-XSS-Protection:"0", Cache-Control:"no-cache, no-store, max-age=0, must-revalidate", Pragma:"no-cache", Expires:"0", X-Frame-Options:"SAMEORIGIN"]
     Content type = application/json
             Body = {"code":200,"message":"登录成功","data":{"accessToken":"eyJhbGciOiJIUzM4NCJ9.eyJzdWIiOiJjdF9kZXZfMDIiLCJ0eXBlIjoiYWNjZXNzIiwiaWF0IjoxNzc2MTAwMDcyLCJleHAiOjE3NzYxODY0NzJ9.bXuK1cPSD6UjIlbm159s3_CClccN1I9JjVAAW67AObeDTUKPCgONt4yTG6Q58Kot","refreshToken":"eyJhbGciOiJIUzM4NCJ9.eyJzdWIiOiJjdF9kZXZfMDIiLCJ0eXBlIjoicmVmcmVzaCIsImlhdCI6MTc3NjEwMDA3MiwiZXhwIjoxNzc2NzA0ODcyfQ.0D6OLFN1WuA-JavJgf5VsA6JE1u0P-HB5tNxLAw0iNYr86Y2T6PZnGLvc6laGk0K","tokenType":"Bearer","expiresIn":86400,"userId":5,"username":"ct_dev_02","nickname":"开发者2","avatar":null,"roles":["DEV"],"permissions":["ROLE_DEV"]},"timestamp":1776100072761}
    Forwarded URL = null
   Redirected URL = null
          Cookies = []

MockHttpServletRequest:
      HTTP Method = POST
      Request URI = /auth/register
       Parameters = {}
          Headers = [Content-Type:"application/json;charset=UTF-8", Content-Length:"152"]
             Body = {"username":"ct_dev_03","password":"dev123456","confirmPassword":"dev123456","nickname":"开发者3","email":"ct_dev_03@test.com","phone":"13811143790"}
    Session Attrs = {}

Handler:
             Type = com.ipd.platform.controller.AuthController
           Method = com.ipd.platform.controller.AuthController#register(RegisterRequest)

Async:
    Async started = false
     Async result = null

Resolved Exception:
             Type = null

ModelAndView:
        View name = null
             View = null
            Model = null

FlashMap:
       Attributes = null

MockHttpServletResponse:
           Status = 200
    Error message = null
          Headers = [Vary:"Origin", "Access-Control-Request-Method", "Access-Control-Request-Headers", Content-Type:"application/json", X-Content-Type-Options:"nosniff", X-XSS-Protection:"0", Cache-Control:"no-cache, no-store, max-age=0, must-revalidate", Pragma:"no-cache", Expires:"0", X-Frame-Options:"SAMEORIGIN"]
     Content type = application/json
             Body = {"code":200,"message":"注册成功","data":{"id":6,"createdAt":"2026-04-14 01:07:52","updatedAt":"2026-04-14 01:07:52","createdBy":null,"updatedBy":null,"username":"ct_dev_03","password":"$2a$10$VfbN9IrJv78XEFQJeLINS.yBo7Ul8weW7vaVqdDJPCpFFqvTgx7/O","nickname":"开发者3","email":"ct_dev_03@test.com","phone":"13811143790","avatar":null,"gender":null,"status":1,"userType":0,"lastLoginTime":null,"lastLoginIp":null,"roles":[],"roleCodes":null,"disabled":false,"admin":false},"timestamp":1776100072832}
    Forwarded URL = null
   Redirected URL = null
          Cookies = []

MockHttpServletRequest:
      HTTP Method = POST
      Request URI = /auth/login
       Parameters = {}
          Headers = [Content-Type:"application/json;charset=UTF-8", Content-Length:"66"]
             Body = {"username":"ct_dev_03","password":"dev123456","rememberMe":false}
    Session Attrs = {}

Handler:
             Type = com.ipd.platform.controller.AuthController
           Method = com.ipd.platform.controller.AuthController#login(LoginRequest)

Async:
    Async started = false
     Async result = null

Resolved Exception:
             Type = null

ModelAndView:
        View name = null
             View = null
            Model = null

FlashMap:
       Attributes = null

MockHttpServletResponse:
           Status = 200
    Error message = null
          Headers = [Vary:"Origin", "Access-Control-Request-Method", "Access-Control-Request-Headers", Content-Type:"application/json", X-Content-Type-Options:"nosniff", X-XSS-Protection:"0", Cache-Control:"no-cache, no-store, max-age=0, must-revalidate", Pragma:"no-cache", Expires:"0", X-Frame-Options:"SAMEORIGIN"]
     Content type = application/json
             Body = {"code":200,"message":"登录成功","data":{"accessToken":"eyJhbGciOiJIUzM4NCJ9.eyJzdWIiOiJjdF9kZXZfMDMiLCJ0eXBlIjoiYWNjZXNzIiwiaWF0IjoxNzc2MTAwMDcyLCJleHAiOjE3NzYxODY0NzJ9.NhRswVgd8kFefuoPEdlurOaVuwYJqbH8bqqV9JQcebwCYSj0oIlecvhKyML46q2f","refreshToken":"eyJhbGciOiJIUzM4NCJ9.eyJzdWIiOiJjdF9kZXZfMDMiLCJ0eXBlIjoicmVmcmVzaCIsImlhdCI6MTc3NjEwMDA3MiwiZXhwIjoxNzc2NzA0ODcyfQ.gZUaq59JI0coiaidh_UFoLsXOO1RT83je9lV4foj7kGx-Zswq1pw41D6ayqiGMCw","tokenType":"Bearer","expiresIn":86400,"userId":6,"username":"ct_dev_03","nickname":"开发者3","avatar":null,"roles":["DEV"],"permissions":["ROLE_DEV"]},"timestamp":1776100072897}
    Forwarded URL = null
   Redirected URL = null
          Cookies = []

MockHttpServletRequest:
      HTTP Method = POST
      Request URI = /auth/register
       Parameters = {}
          Headers = [Content-Type:"application/json;charset=UTF-8", Content-Length:"152"]
             Body = {"username":"ct_dev_04","password":"dev123456","confirmPassword":"dev123456","nickname":"开发者4","email":"ct_dev_04@test.com","phone":"13801592165"}
    Session Attrs = {}

Handler:
             Type = com.ipd.platform.controller.AuthController
           Method = com.ipd.platform.controller.AuthController#register(RegisterRequest)

Async:
    Async started = false
     Async result = null

Resolved Exception:
             Type = null

ModelAndView:
        View name = null
             View = null
            Model = null

FlashMap:
       Attributes = null

MockHttpServletResponse:
           Status = 200
    Error message = null
          Headers = [Vary:"Origin", "Access-Control-Request-Method", "Access-Control-Request-Headers", Content-Type:"application/json", X-Content-Type-Options:"nosniff", X-XSS-Protection:"0", Cache-Control:"no-cache, no-store, max-age=0, must-revalidate", Pragma:"no-cache", Expires:"0", X-Frame-Options:"SAMEORIGIN"]
     Content type = application/json
             Body = {"code":200,"message":"注册成功","data":{"id":7,"createdAt":"2026-04-14 01:07:52","updatedAt":"2026-04-14 01:07:52","createdBy":null,"updatedBy":null,"username":"ct_dev_04","password":"$2a$10$LNyeOliklt/KxS2//zqkT.eCac6rsmh8JxMxUiImfaKXsNayIK0Ce","nickname":"开发者4","email":"ct_dev_04@test.com","phone":"13801592165","avatar":null,"gender":null,"status":1,"userType":0,"lastLoginTime":null,"lastLoginIp":null,"roles":[],"roleCodes":null,"disabled":false,"admin":false},"timestamp":1776100072962}
    Forwarded URL = null
   Redirected URL = null
          Cookies = []

MockHttpServletRequest:
      HTTP Method = POST
      Request URI = /auth/login
       Parameters = {}
          Headers = [Content-Type:"application/json;charset=UTF-8", Content-Length:"66"]
             Body = {"username":"ct_dev_04","password":"dev123456","rememberMe":false}
    Session Attrs = {}

Handler:
             Type = com.ipd.platform.controller.AuthController
           Method = com.ipd.platform.controller.AuthController#login(LoginRequest)

Async:
    Async started = false
     Async result = null

Resolved Exception:
             Type = null

ModelAndView:
        View name = null
             View = null
            Model = null

FlashMap:
       Attributes = null

MockHttpServletResponse:
           Status = 200
    Error message = null
          Headers = [Vary:"Origin", "Access-Control-Request-Method", "Access-Control-Request-Headers", Content-Type:"application/json", X-Content-Type-Options:"nosniff", X-XSS-Protection:"0", Cache-Control:"no-cache, no-store, max-age=0, must-revalidate", Pragma:"no-cache", Expires:"0", X-Frame-Options:"SAMEORIGIN"]
     Content type = application/json
             Body = {"code":200,"message":"登录成功","data":{"accessToken":"eyJhbGciOiJIUzM4NCJ9.eyJzdWIiOiJjdF9kZXZfMDQiLCJ0eXBlIjoiYWNjZXNzIiwiaWF0IjoxNzc2MTAwMDczLCJleHAiOjE3NzYxODY0NzN9.47LsQYKpzn6zEbFPRLauC_e1RoywL-k_13WkcxFCoWLgKg0pwnea0Qm4Xvg7Y9FP","refreshToken":"eyJhbGciOiJIUzM4NCJ9.eyJzdWIiOiJjdF9kZXZfMDQiLCJ0eXBlIjoicmVmcmVzaCIsImlhdCI6MTc3NjEwMDA3MywiZXhwIjoxNzc2NzA0ODczfQ.THUMzHoncOLrVTiJXu1PmdlSnV9LJbqDtqZpjy-og_KuWEM8XwJeE042ATfMlgpw","tokenType":"Bearer","expiresIn":86400,"userId":7,"username":"ct_dev_04","nickname":"开发者4","avatar":null,"roles":["DEV"],"permissions":["ROLE_DEV"]},"timestamp":1776100073038}
    Forwarded URL = null
   Redirected URL = null
          Cookies = []

MockHttpServletRequest:
      HTTP Method = POST
      Request URI = /auth/register
       Parameters = {}
          Headers = [Content-Type:"application/json;charset=UTF-8", Content-Length:"152"]
[...]
    Forwarded URL = null
   Redirected URL = null
          Cookies = []

MockHttpServletRequest:
      HTTP Method = POST
      Request URI = /auth/register
       Parameters = {}
          Headers = [Content-Type:"application/json;charset=UTF-8", Content-Length:"157"]
             Body = {"username":"ct_tester_06","password":"test123456","confirmPassword":"test123456","nickname":"测试6","email":"ct_tester_06@test.com","phone":"13830941899"}
    Session Attrs = {}

Handler:
             Type = com.ipd.platform.controller.AuthController
           Method = com.ipd.platform.controller.AuthController#register(RegisterRequest)

Async:
    Async started = false
     Async result = null

Resolved Exception:
             Type = null

ModelAndView:
        View name = null
             View = null
            Model = null

FlashMap:
       Attributes = null

MockHttpServletResponse:
           Status = 200
    Error message = null
          Headers = [Vary:"Origin", "Access-Control-Request-Method", "Access-Control-Request-Headers", Content-Type:"application/json", X-Content-Type-Options:"nosniff", X-XSS-Protection:"0", Cache-Control:"no-cache, no-store, max-age=0, must-revalidate", Pragma:"no-cache", Expires:"0", X-Frame-Options:"SAMEORIGIN"]
     Content type = application/json
             Body = {"code":200,"message":"注册成功","data":{"id":29,"createdAt":"2026-04-14 01:07:55","updatedAt":"2026-04-14 01:07:55","createdBy":null,"updatedBy":null,"username":"ct_tester_06","password":"$2a$10$l9yyYD9zQTNRUeYI25lfa.sRc/kSU3vPpFpryU1H0JJyVWZR7IjTC","nickname":"测试6","email":"ct_tester_06@test.com","phone":"13830941899","avatar":null,"gender":null,"status":1,"userType":0,"lastLoginTime":null,"lastLoginIp":null,"roles":[],"roleCodes":null,"disabled":false,"admin":false},"timestamp":1776100075952}
    Forwarded URL = null
   Redirected URL = null
          Cookies = []

MockHttpServletRequest:
      HTTP Method = POST
      Request URI = /auth/login
       Parameters = {}
          Headers = [Content-Type:"application/json;charset=UTF-8", Content-Length:"70"]
             Body = {"username":"ct_tester_06","password":"test123456","rememberMe":false}
    Session Attrs = {}

Handler:
             Type = com.ipd.platform.controller.AuthController
           Method = com.ipd.platform.controller.AuthController#login(LoginRequest)

Async:
    Async started = false
     Async result = null

Resolved Exception:
             Type = null

ModelAndView:
        View name = null
             View = null
            Model = null

FlashMap:
       Attributes = null

MockHttpServletResponse:
           Status = 200
    Error message = null
          Headers = [Vary:"Origin", "Access-Control-Request-Method", "Access-Control-Request-Headers", Content-Type:"application/json", X-Content-Type-Options:"nosniff", X-XSS-Protection:"0", Cache-Control:"no-cache, no-store, max-age=0, must-revalidate", Pragma:"no-cache", Expires:"0", X-Frame-Options:"SAMEORIGIN"]
     Content type = application/json
             Body = {"code":200,"message":"登录成功","data":{"accessToken":"eyJhbGciOiJIUzM4NCJ9.eyJzdWIiOiJjdF90ZXN0ZXJfMDYiLCJ0eXBlIjoiYWNjZXNzIiwiaWF0IjoxNzc2MTAwMDc2LCJleHAiOjE3NzYxODY0NzZ9.m8sutUmpDMzl_BPNVHB4Pu6FmGASIXuJwEA6IaYXj7fboYzRO7tTtIPgeqK_omqW","refreshToken":"eyJhbGciOiJIUzM4NCJ9.eyJzdWIiOiJjdF90ZXN0ZXJfMDYiLCJ0eXBlIjoicmVmcmVzaCIsImlhdCI6MTc3NjEwMDA3NiwiZXhwIjoxNzc2NzA0ODc2fQ.g8CPzHeZB1CfloUcqorlUZRtjPHDSUyw9eOuf-krAtmBQeWTZrdgoHmfQ65aXhjs","tokenType":"Bearer","expiresIn":86400,"userId":29,"username":"ct_tester_06","nickname":"测试6","avatar":null,"roles":["QA"],"permissions":["ROLE_QA"]},"timestamp":1776100076016}
    Forwarded URL = null
   Redirected URL = null
          Cookies = []

MockHttpServletRequest:
      HTTP Method = POST
      Request URI = /auth/register
       Parameters = {}
          Headers = [Content-Type:"application/json;charset=UTF-8", Content-Length:"157"]
             Body = {"username":"ct_tester_07","password":"test123456","confirmPassword":"test123456","nickname":"测试7","email":"ct_tester_07@test.com","phone":"13876127072"}
    Session Attrs = {}

Handler:
             Type = com.ipd.platform.controller.AuthController
           Method = com.ipd.platform.controller.AuthController#register(RegisterRequest)

Async:
    Async started = false
     Async result = null

Resolved Exception:
             Type = null

ModelAndView:
        View name = null
             View = null
            Model = null

FlashMap:
       Attributes = null

MockHttpServletResponse:
           Status = 200
    Error message = null
          Headers = [Vary:"Origin", "Access-Control-Request-Method", "Access-Control-Request-Headers", Content-Type:"application/json", X-Content-Type-Options:"nosniff", X-XSS-Protection:"0", Cache-Control:"no-cache, no-store, max-age=0, must-revalidate", Pragma:"no-cache", Expires:"0", X-Frame-Options:"SAMEORIGIN"]
     Content type = application/json
             Body = {"code":200,"message":"注册成功","data":{"id":30,"createdAt":"2026-04-14 01:07:56","updatedAt":"2026-04-14 01:07:56","createdBy":null,"updatedBy":null,"username":"ct_tester_07","password":"$2a$10$9KywGg3XqZ6G3AoJick6feymri06JuxTcPXDphnk60l.IAdgnGeRO","nickname":"测试7","email":"ct_tester_07@test.com","phone":"13876127072","avatar":null,"gender":null,"status":1,"userType":0,"lastLoginTime":null,"lastLoginIp":null,"roles":[],"roleCodes":null,"disabled":false,"admin":false},"timestamp":1776100076078}
    Forwarded URL = null
   Redirected URL = null
          Cookies = []

MockHttpServletRequest:
      HTTP Method = POST
      Request URI = /auth/login
       Parameters = {}
          Headers = [Content-Type:"application/json;charset=UTF-8", Content-Length:"70"]
             Body = {"username":"ct_tester_07","password":"test123456","rememberMe":false}
    Session Attrs = {}

Handler:
             Type = com.ipd.platform.controller.AuthController
           Method = com.ipd.platform.controller.AuthController#login(LoginRequest)

Async:
    Async started = false
     Async result = null

Resolved Exception:
             Type = null

ModelAndView:
        View name = null
             View = null
            Model = null

FlashMap:
       Attributes = null

MockHttpServletResponse:
           Status = 200
    Error message = null
          Headers = [Vary:"Origin", "Access-Control-Request-Method", "Access-Control-Request-Headers", Content-Type:"application/json", X-Content-Type-Options:"nosniff", X-XSS-Protection:"0", Cache-Control:"no-cache, no-store, max-age=0, must-revalidate", Pragma:"no-cache", Expires:"0", X-Frame-Options:"SAMEORIGIN"]
     Content type = application/json
             Body = {"code":200,"message":"登录成功","data":{"accessToken":"eyJhbGciOiJIUzM4NCJ9.eyJzdWIiOiJjdF90ZXN0ZXJfMDciLCJ0eXBlIjoiYWNjZXNzIiwiaWF0IjoxNzc2MTAwMDc2LCJleHAiOjE3NzYxODY0NzZ9.thugAe9PKTG5w3DnrPPXuVtk5MTXj2dy3_Iks01S2xQNitH0vbp90kNIl_38BZXJ","refreshToken":"eyJhbGciOiJIUzM4NCJ9.eyJzdWIiOiJjdF90ZXN0ZXJfMDciLCJ0eXBlIjoicmVmcmVzaCIsImlhdCI6MTc3NjEwMDA3NiwiZXhwIjoxNzc2NzA0ODc2fQ.xtsSxhelqRbyDk-CQgioGzizvLAceoYlGEJ4ZWvXqZmOtG2_vYfOSMZygoFk32kG","tokenType":"Bearer","expiresIn":86400,"userId":30,"username":"ct_tester_07","nickname":"测试7","avatar":null,"roles":["QA"],"permissions":["ROLE_QA"]},"timestamp":1776100076148}
    Forwarded URL = null
   Redirected URL = null
          Cookies = []

MockHttpServletRequest:
      HTTP Method = POST
      Request URI = /auth/register
       Parameters = {}
          Headers = [Content-Type:"application/json;charset=UTF-8", Content-Length:"157"]
             Body = {"username":"ct_tester_08","password":"test123456","confirmPassword":"test123456","nickname":"测试8","email":"ct_tester_08@test.com","phone":"13808606861"}
    Session Attrs = {}

Handler:
             Type = com.ipd.platform.controller.AuthController
           Method = com.ipd.platform.controller.AuthController#register(RegisterRequest)

Async:
    Async started = false
     Async result = null

Resolved Exception:
             Type = null

ModelAndView:
        View name = null
             View = null
            Model = null

FlashMap:
       Attributes = null

MockHttpServletResponse:
           Status = 200
    Error message = null
          Headers = [Vary:"Origin", "Access-Control-Request-Method", "Access-Control-Request-Headers", Content-Type:"application/json", X-Content-Type-Options:"nosniff", X-XSS-Protection:"0", Cache-Control:"no-cache, no-store, max-age=0, must-revalidate", Pragma:"no-cache", Expires:"0", X-Frame-Options:"SAMEORIGIN"]
     Content type = application/json
             Body = {"code":200,"message":"注册成功","data":{"id":31,"createdAt":"2026-04-14 01:07:56","updatedAt":"2026-04-14 01:07:56","createdBy":null,"updatedBy":null,"username":"ct_tester_08","password":"$2a$10$/yTQnasT7klHVG9XIZdkKuvldONANFJzQSbKTJzkYGFb.kCTLe1I.","nickname":"测试8","email":"ct_tester_08@test.com","phone":"13808606861","avatar":null,"gender":null,"status":1,"userType":0,"lastLoginTime":null,"lastLoginIp":null,"roles":[],"roleCodes":null,"disabled":false,"admin":false},"timestamp":1776100076209}
    Forwarded URL = null
   Redirected URL = null
          Cookies = []

MockHttpServletRequest:
      HTTP Method = POST
      Request URI = /auth/login
       Parameters = {}
          Headers = [Content-Type:"application/json;charset=UTF-8", Content-Length:"70"]
             Body = {"username":"ct_tester_08","password":"test123456","rememberMe":false}
    Session Attrs = {}

Handler:
             Type = com.ipd.platform.controller.AuthController
           Method = com.ipd.platform.controller.AuthController#login(LoginRequest)

Async:
    Async started = false
     Async result = null

Resolved Exception:
             Type = null

ModelAndView:
        View name = null
             View = null
            Model = null

FlashMap:
       Attributes = null

MockHttpServletResponse:
           Status = 200
    Error message = null
          Headers = [Vary:"Origin", "Access-Control-Request-Method", "Access-Control-Request-Headers", Content-Type:"application/json", X-Content-Type-Options:"nosniff", X-XSS-Protection:"0", Cache-Control:"no-cache, no-store, max-age=0, must-revalidate", Pragma:"no-cache", Expires:"0", X-Frame-Options:"SAMEORIGIN"]
     Content type = application/json
             Body = {"code":200,"message":"登录成功","data":{"accessToken":"eyJhbGciOiJIUzM4NCJ9.eyJzdWIiOiJjdF90ZXN0ZXJfMDgiLCJ0eXBlIjoiYWNjZXNzIiwiaWF0IjoxNzc2MTAwMDc2LCJleHAiOjE3NzYxODY0NzZ9.CvQ955ytZ2OJTqWPCnz-nZJRQKttfnQCPFlnKfMxvIft0JrX2D5GvaKxZuDX2byq","refreshToken":"eyJhbGciOiJIUzM4NCJ9.eyJzdWIiOiJjdF90ZXN0ZXJfMDgiLCJ0eXBlIjoicmVmcmVzaCIsImlhdCI6MTc3NjEwMDA3NiwiZXhwIjoxNzc2NzA0ODc2fQ.i7F9ztvlRODFe2gsTw-OPEMHnmMmO5iprfY49Uj4c7EajMVmXpzTFw8g7pRGhKAj","tokenType":"Bearer","expiresIn":86400,"userId":31,"username":"ct_tester_08","nickname":"测试8","avatar":null,"roles":["QA"],"permissions":["ROLE_QA"]},"timestamp":1776100076279}
    Forwarded URL = null
   Redirected URL = null
          Cookies = []

MockHttpServletRequest:
      HTTP Method = POST
      Request URI = /auth/register
       Parameters = {}
          Headers = [Content-Type:"application/json;charset=UTF-8", Content-Length:"157"]
             Body = {"username":"ct_tester_09","password":"test123456","confirmPassword":"test123456","nickname":"测试9","email":"ct_tester_09@test.com","phone":"13884994471"}
    Session Attrs = {}

Handler:
             Type = com.ipd.platform.controller.AuthController
           Method = com.ipd.platform.controller.AuthController#register(RegisterRequest)

Async:
    Async started = false
     Async result = null

Resolved Exception:
             Type = null

ModelAndView:
        View name = null
             View = null
            Model = null

FlashMap:
       Attributes = null

MockHttpServletResponse:
           Status = 200
    Error message = null
          Headers = [Vary:"Origin", "Access-Control-Request-Method", "Access-Control-Request-Headers", Content-Type:"application/json", X-Content-Type-Options:"nosniff", X-XSS-Protection:"0", Cache-Control:"no-cache, no-store, max-age=0, must-revalidate", Pragma:"no-cache", Expires:"0", X-Frame-Options:"SAMEORIGIN"]
     Content type = application/json
             Body = {"code":200,"message":"注册成功","data":{"id":32,"createdAt":"2026-04-14 01:07:56","updatedAt":"2026-04-14 01:07:56","createdBy":null,"updatedBy":null,"username":"ct_tester_09","password":"$2a$10$6N8UkQCqp6zEEE5AgR5.CuoX6p0nqQ8Kdt8wtkdTthRdE1ekFmB6e","nickname":"测试9","email":"ct_tester_09@test.com","phone":"13884994471","avatar":null,"gender":null,"status":1,"userType":0,"lastLoginTime":null,"lastLoginIp":null,"roles":[],"roleCodes":null,"disabled":false,"admin":false},"timestamp":1776100076344}
    Forwarded URL = null
   Redirected URL = null
          Cookies = []

MockHttpServletRequest:
      HTTP Method = POST
      Request URI = /auth/login
       Parameters = {}
          Headers = [Content-Type:"application/json;charset=UTF-8", Content-Length:"70"]
             Body = {"username":"ct_tester_09","password":"test123456","rememberMe":false}
    Session Attrs = {}

Handler:
             Type = com.ipd.platform.controller.AuthController
           Method = com.ipd.platform.controller.AuthController#login(LoginRequest)

Async:
    Async started = false
     Async result = null

Resolved Exception:
             Type = null

ModelAndView:
        View name = null
             View = null
            Model = null

FlashMap:
       Attributes = null

MockHttpServletResponse:
           Status = 200
    Error message = null
          Headers = [Vary:"Origin", "Access-Control-Request-Method", "Access-Control-Request-Headers", Content-Type:"application/json", X-Content-Type-Options:"nosniff", X-XSS-Protection:"0", Cache-Control:"no-cache, no-store, max-age=0, must-revalidate", Pragma:"no-cache", Expires:"0", X-Frame-Options:"SAMEORIGIN"]
     Content type = application/json
             Body = {"code":200,"message":"登录成功","data":{"accessToken":"eyJhbGciOiJIUzM4NCJ9.eyJzdWIiOiJjdF90ZXN0ZXJfMDkiLCJ0eXBlIjoiYWNjZXNzIiwiaWF0IjoxNzc2MTAwMDc2LCJleHAiOjE3NzYxODY0NzZ9.KgrwkhhYoeiA4XiJsJhqNZaldn1Y3wVnJ2SJH9I6riysMQlPyBKAYtzbr3n2yHo7","refreshToken":"eyJhbGciOiJIUzM4NCJ9.eyJzdWIiOiJjdF90ZXN0ZXJfMDkiLCJ0eXBlIjoicmVmcmVzaCIsImlhdCI6MTc3NjEwMDA3NiwiZXhwIjoxNzc2NzA0ODc2fQ.666OneU6YARqnoKWfbc4Iz5uAobox8CT2NxamnqLUCPriglvi_m3FQiy6jaemDRd","tokenType":"Bearer","expiresIn":86400,"userId":32,"username":"ct_tester_09","nickname":"测试9","avatar":null,"roles":["QA"],"permissions":["ROLE_QA"]},"timestamp":1776100076412}
    Forwarded URL = null
   Redirected URL = null
          Cookies = []

MockHttpServletRequest:
      HTTP Method = POST
      Request URI = /auth/register
       Parameters = {}
          Headers = [Content-Type:"application/json;charset=UTF-8", Content-Length:"158"]
             Body = {"username":"ct_tester_10","password":"test123456","confirmPassword":"test123456","nickname":"测试10","email":"ct_tester_10@test.com","phone":"13822979677"}
    Session Attrs = {}

Handler:
             Type = com.ipd.platform.controller.AuthController
           Method = com.ipd.platform.controller.AuthController#register(RegisterRequest)

Async:
    Async started = false
     Async result = null

Resolved Exception:
             Type = null

ModelAndView:
        View name = null
             View = null
            Model = null

FlashMap:
       Attributes = null

MockHttpServletResponse:
           Status = 200
    Error message = null
          Headers = [Vary:"Origin", "Access-Control-Request-Method", "Access-Control-Request-Headers", Content-Type:"application/json", X-Content-Type-Options:"nosniff", X-XSS-Protection:"0", Cache-Control:"no-cache, no-store, max-age=0, must-revalidate", Pragma:"no-cache", Expires:"0", X-Frame-Options:"SAMEORIGIN"]
     Content type = application/json
             Body = {"code":200,"message":"注册成功","data":{"id":33,"createdAt":"2026-04-14 01:07:56","updatedAt":"2026-04-14 01:07:56","createdBy":null,"updatedBy":null,"username":"ct_tester_10","password":"$2a$10$EsOdNTmwK.XWprpmWz8K/OB.L68RsuxUPtl8WtxjxmWYkBdPO9ON.","nickname":"测试10","email":"ct_tester_10@test.com","phone":"13822979677","avatar":null,"gender":null,"status":1,"userType":0,"lastLoginTime":null,"lastLoginIp":null,"roles":[],"roleCodes":null,"disabled":false,"admin":false},"timestamp":1776100076475}
    Forwarded URL = null
   Redirected URL = null
          Cookies = []

MockHttpServletRequest:
      HTTP Method = POST
      Request URI = /auth/login
       Parameters = {}
          Headers = [Content-Type:"application/json;charset=UTF-8", Content-Length:"70"]
             Body = {"username":"ct_tester_10","password":"test123456","rememberMe":false}
    Session Attrs = {}

Handler:
             Type = com.ipd.platform.controller.AuthController
           Method = com.ipd.platform.controller.AuthController#login(LoginRequest)

Async:
    Async started = false
     Async result = null

Resolved Exception:
             Type = null

ModelAndView:
        View name = null
             View = null
            Model = null

FlashMap:
       Attributes = null

MockHttpServletResponse:
           Status = 200
    Error message = null
          Headers = [Vary:"Origin", "Access-Control-Request-Method", "Access-Control-Request-Headers", Content-Type:"application/json", X-Content-Type-Options:"nosniff", X-XSS-Protection:"0", Cache-Control:"no-cache, no-store, max-age=0, must-revalidate", Pragma:"no-cache", Expires:"0", X-Frame-Options:"SAMEORIGIN"]
     Content type = application/json
             Body = {"code":200,"message":"登录成功","data":{"accessToken":"eyJhbGciOiJIUzM4NCJ9.eyJzdWIiOiJjdF90ZXN0ZXJfMTAiLCJ0eXBlIjoiYWNjZXNzIiwiaWF0IjoxNzc2MTAwMDc2LCJleHAiOjE3NzYxODY0NzZ9.noFxF0nlPKVnHrDB_RfKrmC5mx6GUWtzASKcFhPgEMd4A1yvOr4xRcq9wM7S0mZ3","refreshToken":"eyJhbGciOiJIUzM4NCJ9.eyJzdWIiOiJjdF90ZXN0ZXJfMTAiLCJ0eXBlIjoicmVmcmVzaCIsImlhdCI6MTc3NjEwMDA3NiwiZXhwIjoxNzc2NzA0ODc2fQ.pMwTv-PRKZtLrBw0J_jjcbBXhmEhm9tBWPd6RFyGQK8wCbMSvgPzvAgMWj0LruCN","tokenType":"Bearer","expiresIn":86400,"userId":33,"username":"ct_tester_10","nickname":"测试10","avatar":null,"roles":["QA"],"permissions":["ROLE_QA"]},"timestamp":1776100076541}
    Forwarded URL = null
   Redirected URL = null
          Cookies = []

MockHttpServletRequest:
      HTTP Method = POST
      Request URI = /auth/register
       Parameters = {}
          Headers = [Content-Type:"application/json;charset=UTF-8", Content-Length:"152"]
             Body = {"username":"ct_dev_01","password":"dev123456","confirmPassword":"dev123456","nickname":"开发者1","email":"ct_dev_01@test.com","phone":"13889555155"}
    Session Attrs = {}

Handler:
             Type = com.ipd.platform.controller.AuthController
           Method = com.ipd.platform.controller.AuthController#register(RegisterRequest)

Async:
    Async started = false
     Async result = null

Resolved Exception:
             Type = null

ModelAndView:
        View name = null
             View = null
            Model = null

FlashMap:
       Attributes = null

MockHttpServletResponse:
           Status = 400
    Error message = null
          Headers = [Vary:"Origin", "Access-Control-Request-Method", "Access-Control-Request-Headers", Content-Type:"application/json", X-Content-Type-Options:"nosniff", X-XSS-Protection:"0", Cache-Control:"no-cache, no-store, max-age=0, must-revalidate", Pragma:"no-cache", Expires:"0", X-Frame-Options:"SAMEORIGIN"]
     Content type = application/json
             Body = {"code":400,"message":"用户名已存在","data":null,"timestamp":0}
    Forwarded URL = null
   Redirected URL = null
          Cookies = []
]]></system-out>
  </testcase>
</testsuite>