<?xml version="1.0" encoding="UTF-8"?>
<testsuite xmlns:xsi="http://www.w3.org/2001/XMLSchema-instance" xsi:noNamespaceSchemaLocation="https://maven.apache.org/surefire/maven-surefire-plugin/xsd/surefire-test-report-3.0.xsd" version="3.0" name="com.ipd.platform.controller.AuthControllerTest$ProtectedTests" time="9.217" tests="3" errors="0" skipped="0" failures="0">
  <properties>
[...]
</properties>
  <testcase name="validTokenAccessOk" classname="com.ipd.platform.controller.AuthControllerTest$ProtectedTests" time="1.286">
    <system-out><![CDATA[07:07:49.690 [main] INFO org.springframework.test.context.support.AnnotationConfigContextLoaderUtils -- Could not detect default configuration classes for test class [com.ipd.platform.controller.AuthControllerTest]: AuthControllerTest does not declare any static, non-private, non-final, nested classes annotated with @Configuration.
07:07:49.840 [main] INFO org.springframework.boot.test.context.SpringBootTestContextBootstrapper -- Found @SpringBootConfiguration com.ipd.platform.IpDPlatformApplication for test class com.ipd.platform.controller.AuthControllerTest
07:07:49.936 [main] INFO org.springframework.test.context.support.AnnotationConfigContextLoaderUtils -- Could not detect default configuration classes for test class [com.ipd.platform.controller.AuthControllerTest$ProtectedTests]: ProtectedTests does not declare any static, non-private, non-final, nested classes annotated with @Configuration.
07:07:49.940 [main] INFO org.springframework.boot.test.context.SpringBootTestContextBootstrapper -- Found @SpringBootConfiguration com.ipd.platform.IpDPlatformApplication for test class com.ipd.platform.controller.AuthControllerTest$ProtectedTests

  .   ____          _            __ _ _
 /\\ / ___'_ __ _ _(_)_ __  __ _ \ \ \ \
( ( )\___ | '_ | '_| | '_ \/ _` | \ \ \ \
 \\/  ___)| |_)| | | | | || (_| |  ) ) ) )
  '  |____| .__|_| |_|_| |_\__, | / / / /
 =========|_|==============|___/=/_/_/_/
 :: Spring Boot ::                (v3.2.0)

2026-04-13T07:07:50.251+08:00  INFO 46480 --- [linglo-platform] [           main] c.i.p.controller.AuthControllerTest      : Starting AuthControllerTest using Java 17.0.17 with PID 46480 (started by 阳阳 in D:\xuexiaojun\QClawWorkspace\IPD-ProjectPlatform\src\backend)
2026-04-13T07:07:50.252+08:00 DEBUG 46480 --- [linglo-platform] [           main] c.i.p.controller.AuthControllerTest      : Running with Spring Boot v3.2.0, Spring v6.1.1
2026-04-13T07:07:50.252+08:00  INFO 46480 --- [linglo-platform] [           main] c.i.p.controller.AuthControllerTest      : The following 1 profile is active: "test"
2026-04-13T07:07:51.426+08:00  WARN 46480 --- [linglo-platform] [           main] o.m.s.mapper.ClassPathMapperScanner      : No MyBatis mapper was found in '[com.ipd.platform]' package. Please check your configuration.
2026-04-13T07:07:52.574+08:00  WARN 46480 --- [linglo-platform] [           main] org.hibernate.orm.deprecation            : HHH90000025: H2Dialect does not need to be specified explicitly using 'hibernate.dialect' (remove the property setting and it will be selected by default)
2026-04-13T07:07:55.552+08:00  WARN 46480 --- [linglo-platform] [           main] JpaBaseConfiguration$JpaWebConfiguration : spring.jpa.open-in-view is enabled by default. Therefore, database queries may be performed during view rendering. Explicitly configure spring.jpa.open-in-view to disable this warning
2026-04-13T07:07:55.899+08:00  INFO 46480 --- [linglo-platform] [           main] o.s.s.web.DefaultSecurityFilterChain     : Will secure any request with [org.springframework.security.web.session.DisableEncodeUrlFilter@11786a43, org.springframework.security.web.context.request.async.WebAsyncManagerIntegrationFilter@11b097a1, org.springframework.security.web.context.SecurityContextHolderFilter@42c10f3d, org.springframework.security.web.header.HeaderWriterFilter@58a5b377, org.springframework.web.filter.CorsFilter@5a6029d9, org.springframework.security.web.authentication.logout.LogoutFilter@1946579d, com.ipd.platform.security.JwtAuthenticationFilter@5435582e, org.springframework.security.web.savedrequest.RequestCacheAwareFilter@41c6dbac, org.springframework.security.web.servletapi.SecurityContextHolderAwareRequestFilter@2e5f2387, org.springframework.security.web.authentication.AnonymousAuthenticationFilter@2811cde7, org.springframework.security.web.session.SessionManagementFilter@1bc41486, org.springframework.security.web.access.ExceptionTranslationFilter@7279d0f8, org.springframework.security.web.access.intercept.AuthorizationFilter@3b7777ea]
 _ _   |_  _ _|_. ___ _ |    _ 
| | |\/|_)(_| | |_\  |_)||_|_\ 
     /               |         
                        3.5.5 
2026-04-13T07:07:57.101+08:00 DEBUG 46480 --- [linglo-platform] [           main] c.i.p.security.JwtAuthenticationFilter   : Filter 'jwtAuthenticationFilter' configured for use
2026-04-13T07:07:57.131+08:00  INFO 46480 --- [linglo-platform] [           main] c.i.p.controller.AuthControllerTest      : Started AuthControllerTest in 7.149 seconds (process running for 8.175)
2026-04-13T07:07:57.426+08:00  INFO 46480 --- [linglo-platform] [           main] c.ipd.platform.config.DataInitializer    : 创建角色: 超级管理员
2026-04-13T07:07:57.429+08:00  INFO 46480 --- [linglo-platform] [           main] c.ipd.platform.config.DataInitializer    : 创建角色: 产品经理
2026-04-13T07:07:57.431+08:00  INFO 46480 --- [linglo-platform] [           main] c.ipd.platform.config.DataInitializer    : 创建角色: 项目经理
2026-04-13T07:07:57.434+08:00  INFO 46480 --- [linglo-platform] [           main] c.ipd.platform.config.DataInitializer    : 创建角色: 开发负责人
2026-04-13T07:07:57.437+08:00  INFO 46480 --- [linglo-platform] [           main] c.ipd.platform.config.DataInitializer    : 创建角色: 开发者
2026-04-13T07:07:57.440+08:00  INFO 46480 --- [linglo-platform] [           main] c.ipd.platform.config.DataInitializer    : 创建角色: 测试经理
2026-04-13T07:07:57.442+08:00  INFO 46480 --- [linglo-platform] [           main] c.ipd.platform.config.DataInitializer    : 创建角色: 测试人员
2026-04-13T07:07:57.445+08:00  INFO 46480 --- [linglo-platform] [           main] c.ipd.platform.config.DataInitializer    : 创建角色: 运维人员
2026-04-13T07:07:57.448+08:00  INFO 46480 --- [linglo-platform] [           main] c.ipd.platform.config.DataInitializer    : 创建角色: 高层管理
2026-04-13T07:07:57.450+08:00  INFO 46480 --- [linglo-platform] [           main] c.ipd.platform.config.DataInitializer    : 创建角色: 访客
2026-04-13T07:07:57.481+08:00  INFO 46480 --- [linglo-platform] [           main] c.ipd.platform.config.DataInitializer    : 创建权限: 用户管理
2026-04-13T07:07:57.484+08:00  INFO 46480 --- [linglo-platform] [           main] c.ipd.platform.config.DataInitializer    : 创建权限: 角色管理
2026-04-13T07:07:57.488+08:00  INFO 46480 --- [linglo-platform] [           main] c.ipd.platform.config.DataInitializer    : 创建权限: 权限管理
2026-04-13T07:07:57.492+08:00  INFO 46480 --- [linglo-platform] [           main] c.ipd.platform.config.DataInitializer    : 创建权限: 系统配置
2026-04-13T07:07:57.495+08:00  INFO 46480 --- [linglo-platform] [           main] c.ipd.platform.config.DataInitializer    : 创建权限: 产品列表
2026-04-13T07:07:57.500+08:00  INFO 46480 --- [linglo-platform] [           main] c.ipd.platform.config.DataInitializer    : 创建权限: 创建产品
2026-04-13T07:07:57.504+08:00  INFO 46480 --- [linglo-platform] [           main] c.ipd.platform.config.DataInitializer    : 创建权限: 编辑产品
2026-04-13T07:07:57.507+08:00  INFO 46480 --- [linglo-platform] [           main] c.ipd.platform.config.DataInitializer    : 创建权限: 删除产品
2026-04-13T07:07:57.511+08:00  INFO 46480 --- [linglo-platform] [           main] c.ipd.platform.config.DataInitializer    : 创建权限: 需求列表
2026-04-13T07:07:57.514+08:00  INFO 46480 --- [linglo-platform] [           main] c.ipd.platform.config.DataInitializer    : 创建权限: 创建需求
2026-04-13T07:07:57.517+08:00  INFO 46480 --- [linglo-platform] [           main] c.ipd.platform.config.DataInitializer    : 创建权限: 编辑需求
2026-04-13T07:07:57.521+08:00  INFO 46480 --- [linglo-platform] [           main] c.ipd.platform.config.DataInitializer    : 创建权限: 删除需求
2026-04-13T07:07:57.526+08:00  INFO 46480 --- [linglo-platform] [           main] c.ipd.platform.config.DataInitializer    : 创建权限: 分配需求
2026-04-13T07:07:57.529+08:00  INFO 46480 --- [linglo-platform] [           main] c.ipd.platform.config.DataInitializer    : 创建权限: 项目列表
2026-04-13T07:07:57.534+08:00  INFO 46480 --- [linglo-platform] [           main] c.ipd.platform.config.DataInitializer    : 创建权限: 创建项目
2026-04-13T07:07:57.537+08:00  INFO 46480 --- [linglo-platform] [           main] c.ipd.platform.config.DataInitializer    : 创建权限: 编辑项目
2026-04-13T07:07:57.541+08:00  INFO 46480 --- [linglo-platform] [           main] c.ipd.platform.config.DataInitializer    : 创建权限: 删除项目
2026-04-13T07:07:57.544+08:00  INFO 46480 --- [linglo-platform] [           main] c.ipd.platform.config.DataInitializer    : 创建权限: 查看项目
2026-04-13T07:07:57.548+08:00  INFO 46480 --- [linglo-platform] [           main] c.ipd.platform.config.DataInitializer    : 创建权限: 任务列表
2026-04-13T07:07:57.552+08:00  INFO 46480 --- [linglo-platform] [           main] c.ipd.platform.config.DataInitializer    : 创建权限: 创建任务
2026-04-13T07:07:57.555+08:00  INFO 46480 --- [linglo-platform] [           main] c.ipd.platform.config.DataInitializer    : 创建权限: 编辑任务
2026-04-13T07:07:57.560+08:00  INFO 46480 --- [linglo-platform] [           main] c.ipd.platform.config.DataInitializer    : 创建权限: 删除任务
2026-04-13T07:07:57.563+08:00  INFO 46480 --- [linglo-platform] [           main] c.ipd.platform.config.DataInitializer    : 创建权限: 分配任务
2026-04-13T07:07:57.566+08:00  INFO 46480 --- [linglo-platform] [           main] c.ipd.platform.config.DataInitializer    : 创建权限: 更新状态
2026-04-13T07:07:57.569+08:00  INFO 46480 --- [linglo-platform] [           main] c.ipd.platform.config.DataInitializer    : 创建权限: 评审列表
2026-04-13T07:07:57.573+08:00  INFO 46480 --- [linglo-platform] [           main] c.ipd.platform.config.DataInitializer    : 创建权限: 创建评审
2026-04-13T07:07:57.576+08:00  INFO 46480 --- [linglo-platform] [           main] c.ipd.platform.config.DataInitializer    : 创建权限: 编辑评审
2026-04-13T07:07:57.580+08:00  INFO 46480 --- [linglo-platform] [           main] c.ipd.platform.config.DataInitializer    : 创建权限: 评审投票
2026-04-13T07:07:57.583+08:00  INFO 46480 --- [linglo-platform] [           main] c.ipd.platform.config.DataInitializer    : 创建权限: 评审决策
2026-04-13T07:07:57.586+08:00  INFO 46480 --- [linglo-platform] [           main] c.ipd.platform.config.DataInitializer    : 创建权限: 测试列表
2026-04-13T07:07:57.590+08:00  INFO 46480 --- [linglo-platform] [           main] c.ipd.platform.config.DataInitializer    : 创建权限: 创建测试
2026-04-13T07:07:57.593+08:00  INFO 46480 --- [linglo-platform] [           main] c.ipd.platform.config.DataInitializer    : 创建权限: 编辑测试
2026-04-13T07:07:57.596+08:00  INFO 46480 --- [linglo-platform] [           main] c.ipd.platform.config.DataInitializer    : 创建权限: 执行测试
2026-04-13T07:07:57.599+08:00  INFO 46480 --- [linglo-platform] [           main] c.ipd.platform.config.DataInitializer    : 创建权限: 文档列表
2026-04-13T07:07:57.602+08:00  INFO 46480 --- [linglo-platform] [           main] c.ipd.platform.config.DataInitializer    : 创建权限: 创建文档
2026-04-13T07:07:57.605+08:00  INFO 46480 --- [linglo-platform] [           main] c.ipd.platform.config.DataInitializer    : 创建权限: 编辑文档
2026-04-13T07:07:57.608+08:00  INFO 46480 --- [linglo-platform] [           main] c.ipd.platform.config.DataInitializer    : 创建权限: 删除文档
2026-04-13T07:07:57.611+08:00  INFO 46480 --- [linglo-platform] [           main] c.ipd.platform.config.DataInitializer    : 创建权限: 查看报表
2026-04-13T07:07:57.614+08:00  INFO 46480 --- [linglo-platform] [           main] c.ipd.platform.config.DataInitializer    : 创建权限: 导出报表
2026-04-13T07:07:57.695+08:00  INFO 46480 --- [linglo-platform] [           main] c.ipd.platform.config.DataInitializer    : 为管理员分配所有权限
2026-04-13T07:07:57.803+08:00  INFO 46480 --- [linglo-platform] [           main] c.ipd.platform.config.DataInitializer    : 创建超级管理员: admin / admin123
2026-04-13T07:07:57.803+08:00  INFO 46480 --- [linglo-platform] [           main] c.ipd.platform.config.DataInitializer    : 数据初始化完成
2026-04-13T07:07:58.511+08:00 DEBUG 46480 --- [linglo-platform] [           main] o.s.security.web.FilterChainProxy        : Securing POST /auth/register
2026-04-13T07:07:58.521+08:00 DEBUG 46480 --- [linglo-platform] [           main] o.s.s.w.a.AnonymousAuthenticationFilter  : Set SecurityContextHolder to anonymous SecurityContext
2026-04-13T07:07:58.522+08:00 DEBUG 46480 --- [linglo-platform] [           main] o.s.security.web.FilterChainProxy        : Secured POST /auth/register
2026-04-13T07:07:58.738+08:00  INFO 46480 --- [linglo-platform] [           main] com.ipd.platform.service.AuthService     : 新用户 tokentest 注册成功
2026-04-13T07:07:58.780+08:00 DEBUG 46480 --- [linglo-platform] [           main] o.s.security.web.FilterChainProxy        : Securing POST /auth/login
2026-04-13T07:07:58.780+08:00 DEBUG 46480 --- [linglo-platform] [           main] o.s.s.w.a.AnonymousAuthenticationFilter  : Set SecurityContextHolder to anonymous SecurityContext
2026-04-13T07:07:58.781+08:00 DEBUG 46480 --- [linglo-platform] [           main] o.s.security.web.FilterChainProxy        : Secured POST /auth/login
2026-04-13T07:07:58.912+08:00 DEBUG 46480 --- [linglo-platform] [           main] o.s.s.a.dao.DaoAuthenticationProvider    : Authenticated user
2026-04-13T07:07:59.006+08:00  INFO 46480 --- [linglo-platform] [           main] com.ipd.platform.service.AuthService     : 用户 tokentest 登录成功
2026-04-13T07:07:59.015+08:00 DEBUG 46480 --- [linglo-platform] [           main] o.s.security.web.FilterChainProxy        : Securing GET /auth/current
2026-04-13T07:07:59.047+08:00 DEBUG 46480 --- [linglo-platform] [           main] c.i.p.security.JwtAuthenticationFilter   : 用户 tokentest 认证成功
2026-04-13T07:07:59.047+08:00 DEBUG 46480 --- [linglo-platform] [           main] o.s.security.web.FilterChainProxy        : Secured GET /auth/current
]]></system-out>
  </testcase>
  <testcase name="invalidTokenReturns401" classname="com.ipd.platform.controller.AuthControllerTest$ProtectedTests" time="0.018">
    <system-out><![CDATA[2026-04-13T07:07:59.123+08:00 DEBUG 46480 --- [linglo-platform] [           main] o.s.security.web.FilterChainProxy        : Securing GET /auth/current
2026-04-13T07:07:59.124+08:00 ERROR 46480 --- [linglo-platform] [           main] c.i.platform.security.JwtTokenProvider   : 无效的JWT Token: Invalid compact JWT string: Compact JWSs must contain exactly 2 period characters, and compact JWEs must contain exactly 4.  Found: 0
2026-04-13T07:07:59.124+08:00 DEBUG 46480 --- [linglo-platform] [           main] o.s.s.w.a.AnonymousAuthenticationFilter  : Set SecurityContextHolder to anonymous SecurityContext
]]></system-out>
  </testcase>
  <testcase name="noTokenReturns401" classname="com.ipd.platform.controller.AuthControllerTest$ProtectedTests" time="0.014">
    <system-out><![CDATA[2026-04-13T07:07:59.143+08:00 DEBUG 46480 --- [linglo-platform] [           main] o.s.security.web.FilterChainProxy        : Securing GET /auth/current
2026-04-13T07:07:59.143+08:00 DEBUG 46480 --- [linglo-platform] [           main] o.s.s.w.a.AnonymousAuthenticationFilter  : Set SecurityContextHolder to anonymous SecurityContext
]]></system-out>
  </testcase>
</testsuite>